CRITICAL - 2021-06-02 06:03:16 --> Allowed memory size of 134217728 bytes exhausted (tried to allocate 62918656 bytes)
#0 [internal function]: CodeIgniter\Debug\Exceptions->shutdownHandler()
#1 {main}
CRITICAL - 2021-06-02 06:19:26 --> Declaration of App\Filters\GostFilter::before(CodeIgniter\HTTP\RequestInterface $request) must be compatible with CodeIgniter\Filters\FilterInterface::before(CodeIgniter\HTTP\RequestInterface $request, $arguments = NULL)
#0 [internal function]: CodeIgniter\Debug\Exceptions->shutdownHandler()
#1 {main}
CRITICAL - 2021-06-02 06:19:57 --> Call to a member function getIme() on null
#0 C:\wamp64\www\vakcinacija\WebImplementacija\vakcinacija2\app\Controllers\Gradjanin.php(9): App\Controllers\Gradjanin->prikaz('gradjanin.php', Array)
#1 C:\wamp64\www\vakcinacija\WebImplementacija\vakcinacija2\vendor\codeigniter4\framework\system\CodeIgniter.php(931): App\Controllers\Gradjanin->index()
#2 C:\wamp64\www\vakcinacija\WebImplementacija\vakcinacija2\vendor\codeigniter4\framework\system\CodeIgniter.php(439): CodeIgniter\CodeIgniter->runController(Object(App\Controllers\Gradjanin))
#3 C:\wamp64\www\vakcinacija\WebImplementacija\vakcinacija2\vendor\codeigniter4\framework\system\CodeIgniter.php(339): CodeIgniter\CodeIgniter->handleRequest(NULL, Object(Config\Cache), false)
#4 C:\wamp64\www\vakcinacija\WebImplementacija\vakcinacija2\public\index.php(36): CodeIgniter\CodeIgniter->run()
#5 C:\wamp64\www\vakcinacija\WebImplementacija\vakcinacija2\vendor\codeigniter4\framework\system\Commands\Server\rewrite.php(45): require_once('C:\\wamp64\\www\\v...')
#6 {main}
CRITICAL - 2021-06-02 06:20:01 --> Declaration of App\Filters\GostFilter::after(CodeIgniter\HTTP\RequestInterface $request, CodeIgniter\HTTP\ResponseInterface $response) must be compatible with CodeIgniter\Filters\FilterInterface::after(CodeIgniter\HTTP\RequestInterface $request, CodeIgniter\HTTP\ResponseInterface $response, $arguments = NULL)
#0 [internal function]: CodeIgniter\Debug\Exceptions->shutdownHandler()
#1 {main}
CRITICAL - 2021-06-02 06:20:03 --> Declaration of App\Filters\GostFilter::after(CodeIgniter\HTTP\RequestInterface $request, CodeIgniter\HTTP\ResponseInterface $response) must be compatible with CodeIgniter\Filters\FilterInterface::after(CodeIgniter\HTTP\RequestInterface $request, CodeIgniter\HTTP\ResponseInterface $response, $arguments = NULL)
#0 [internal function]: CodeIgniter\Debug\Exceptions->shutdownHandler()
#1 {main}
CRITICAL - 2021-06-02 06:20:07 --> Declaration of App\Filters\GostFilter::after(CodeIgniter\HTTP\RequestInterface $request, CodeIgniter\HTTP\ResponseInterface $response) must be compatible with CodeIgniter\Filters\FilterInterface::after(CodeIgniter\HTTP\RequestInterface $request, CodeIgniter\HTTP\ResponseInterface $response, $arguments = NULL)
#0 [internal function]: CodeIgniter\Debug\Exceptions->shutdownHandler()
#1 {main}
CRITICAL - 2021-06-02 06:20:48 --> Declaration of App\Filters\GostFilter::before(CodeIgniter\HTTP\RequestInterface $request, $response, $arguments = NULL) must be compatible with CodeIgniter\Filters\FilterInterface::before(CodeIgniter\HTTP\RequestInterface $request, $arguments = NULL)
#0 [internal function]: CodeIgniter\Debug\Exceptions->shutdownHandler()
#1 {main}
CRITICAL - 2021-06-02 06:20:49 --> Declaration of App\Filters\GostFilter::before(CodeIgniter\HTTP\RequestInterface $request, $response, $arguments = NULL) must be compatible with CodeIgniter\Filters\FilterInterface::before(CodeIgniter\HTTP\RequestInterface $request, $arguments = NULL)
#0 [internal function]: CodeIgniter\Debug\Exceptions->shutdownHandler()
#1 {main}
CRITICAL - 2021-06-02 06:21:20 --> Declaration of App\Filters\GostFilter::after(CodeIgniter\HTTP\RequestInterface $request, CodeIgniter\HTTP\ResponseInterface $response) must be compatible with CodeIgniter\Filters\FilterInterface::after(CodeIgniter\HTTP\RequestInterface $request, CodeIgniter\HTTP\ResponseInterface $response, $arguments = NULL)
#0 [internal function]: CodeIgniter\Debug\Exceptions->shutdownHandler()
#1 {main}
CRITICAL - 2021-06-02 06:22:02 --> Allowed memory size of 134217728 bytes exhausted (tried to allocate 62918656 bytes)
#0 [internal function]: CodeIgniter\Debug\Exceptions->shutdownHandler()
#1 {main}
CRITICAL - 2021-06-02 06:22:34 --> Allowed memory size of 134217728 bytes exhausted (tried to allocate 62918656 bytes)
#0 [internal function]: CodeIgniter\Debug\Exceptions->shutdownHandler()
#1 {main}
CRITICAL - 2021-06-02 06:41:11 --> Call to undefined function App\Controllers\direct()
#0 C:\wamp64\www\vakcinacija\WebImplementacija\vakcinacija2\vendor\codeigniter4\framework\system\CodeIgniter.php(931): App\Controllers\Gost->prijavaSubmit()
#1 C:\wamp64\www\vakcinacija\WebImplementacija\vakcinacija2\vendor\codeigniter4\framework\system\CodeIgniter.php(439): CodeIgniter\CodeIgniter->runController(Object(App\Controllers\Gost))
#2 C:\wamp64\www\vakcinacija\WebImplementacija\vakcinacija2\vendor\codeigniter4\framework\system\CodeIgniter.php(339): CodeIgniter\CodeIgniter->handleRequest(NULL, Object(Config\Cache), false)
#3 C:\wamp64\www\vakcinacija\WebImplementacija\vakcinacija2\public\index.php(36): CodeIgniter\CodeIgniter->run()
#4 C:\wamp64\www\vakcinacija\WebImplementacija\vakcinacija2\vendor\codeigniter4\framework\system\Commands\Server\rewrite.php(45): require_once('C:\\wamp64\\www\\v...')
#5 {main}
CRITICAL - 2021-06-02 06:44:44 --> Allowed memory size of 134217728 bytes exhausted (tried to allocate 62918656 bytes)
#0 [internal function]: CodeIgniter\Debug\Exceptions->shutdownHandler()
#1 {main}
