CRITICAL - 2021-05-30 11:58:46 --> Call to a member function library() on null
#0 C:\wamp64\www\vakcinacija\WebImplementacija\vakcinacija2\vendor\codeigniter4\framework\system\CodeIgniter.php(931): App\Controllers\Gost->registracijaSubmit()
#1 C:\wamp64\www\vakcinacija\WebImplementacija\vakcinacija2\vendor\codeigniter4\framework\system\CodeIgniter.php(439): CodeIgniter\CodeIgniter->runController(Object(App\Controllers\Gost))
#2 C:\wamp64\www\vakcinacija\WebImplementacija\vakcinacija2\vendor\codeigniter4\framework\system\CodeIgniter.php(339): CodeIgniter\CodeIgniter->handleRequest(NULL, Object(Config\Cache), false)
#3 C:\wamp64\www\vakcinacija\WebImplementacija\vakcinacija2\public\index.php(36): CodeIgniter\CodeIgniter->run()
#4 C:\wamp64\www\vakcinacija\WebImplementacija\vakcinacija2\vendor\codeigniter4\framework\system\Commands\Server\rewrite.php(45): require_once('C:\\wamp64\\www\\v...')
#5 {main}
CRITICAL - 2021-05-30 11:59:42 --> Undefined property: App\Controllers\Gost::$load
#0 C:\wamp64\www\vakcinacija\WebImplementacija\vakcinacija2\app\Controllers\Gost.php(17): CodeIgniter\Debug\Exceptions->errorHandler(8, 'Undefined prope...', 'C:\\wamp64\\www\\v...', 17, Array)
#1 C:\wamp64\www\vakcinacija\WebImplementacija\vakcinacija2\vendor\codeigniter4\framework\system\CodeIgniter.php(931): App\Controllers\Gost->registracijaSubmit()
#2 C:\wamp64\www\vakcinacija\WebImplementacija\vakcinacija2\vendor\codeigniter4\framework\system\CodeIgniter.php(439): CodeIgniter\CodeIgniter->runController(Object(App\Controllers\Gost))
#3 C:\wamp64\www\vakcinacija\WebImplementacija\vakcinacija2\vendor\codeigniter4\framework\system\CodeIgniter.php(339): CodeIgniter\CodeIgniter->handleRequest(NULL, Object(Config\Cache), false)
#4 C:\wamp64\www\vakcinacija\WebImplementacija\vakcinacija2\public\index.php(36): CodeIgniter\CodeIgniter->run()
#5 C:\wamp64\www\vakcinacija\WebImplementacija\vakcinacija2\vendor\codeigniter4\framework\system\Commands\Server\rewrite.php(45): require_once('C:\\wamp64\\www\\v...')
#6 {main}
CRITICAL - 2021-05-30 12:00:33 --> Undefined property: App\Controllers\Gost::$load
#0 C:\wamp64\www\vakcinacija\WebImplementacija\vakcinacija2\app\Controllers\Gost.php(17): CodeIgniter\Debug\Exceptions->errorHandler(8, 'Undefined prope...', 'C:\\wamp64\\www\\v...', 17, Array)
#1 C:\wamp64\www\vakcinacija\WebImplementacija\vakcinacija2\vendor\codeigniter4\framework\system\CodeIgniter.php(931): App\Controllers\Gost->registracijaSubmit()
#2 C:\wamp64\www\vakcinacija\WebImplementacija\vakcinacija2\vendor\codeigniter4\framework\system\CodeIgniter.php(439): CodeIgniter\CodeIgniter->runController(Object(App\Controllers\Gost))
#3 C:\wamp64\www\vakcinacija\WebImplementacija\vakcinacija2\vendor\codeigniter4\framework\system\CodeIgniter.php(339): CodeIgniter\CodeIgniter->handleRequest(NULL, Object(Config\Cache), false)
#4 C:\wamp64\www\vakcinacija\WebImplementacija\vakcinacija2\public\index.php(36): CodeIgniter\CodeIgniter->run()
#5 C:\wamp64\www\vakcinacija\WebImplementacija\vakcinacija2\vendor\codeigniter4\framework\system\Commands\Server\rewrite.php(45): require_once('C:\\wamp64\\www\\v...')
#6 {main}
CRITICAL - 2021-05-30 12:01:41 --> Undefined property: App\Controllers\Gost::$form_validation
#0 C:\wamp64\www\vakcinacija\WebImplementacija\vakcinacija2\app\Controllers\Gost.php(18): CodeIgniter\Debug\Exceptions->errorHandler(8, 'Undefined prope...', 'C:\\wamp64\\www\\v...', 18, Array)
#1 C:\wamp64\www\vakcinacija\WebImplementacija\vakcinacija2\vendor\codeigniter4\framework\system\CodeIgniter.php(931): App\Controllers\Gost->registracijaSubmit()
#2 C:\wamp64\www\vakcinacija\WebImplementacija\vakcinacija2\vendor\codeigniter4\framework\system\CodeIgniter.php(439): CodeIgniter\CodeIgniter->runController(Object(App\Controllers\Gost))
#3 C:\wamp64\www\vakcinacija\WebImplementacija\vakcinacija2\vendor\codeigniter4\framework\system\CodeIgniter.php(339): CodeIgniter\CodeIgniter->handleRequest(NULL, Object(Config\Cache), false)
#4 C:\wamp64\www\vakcinacija\WebImplementacija\vakcinacija2\public\index.php(36): CodeIgniter\CodeIgniter->run()
#5 C:\wamp64\www\vakcinacija\WebImplementacija\vakcinacija2\vendor\codeigniter4\framework\system\Commands\Server\rewrite.php(45): require_once('C:\\wamp64\\www\\v...')
#6 {main}
CRITICAL - 2021-05-30 12:03:08 --> Undefined property: App\Controllers\Gost::$validation
#0 C:\wamp64\www\vakcinacija\WebImplementacija\vakcinacija2\app\Controllers\Gost.php(18): CodeIgniter\Debug\Exceptions->errorHandler(8, 'Undefined prope...', 'C:\\wamp64\\www\\v...', 18, Array)
#1 C:\wamp64\www\vakcinacija\WebImplementacija\vakcinacija2\vendor\codeigniter4\framework\system\CodeIgniter.php(931): App\Controllers\Gost->registracijaSubmit()
#2 C:\wamp64\www\vakcinacija\WebImplementacija\vakcinacija2\vendor\codeigniter4\framework\system\CodeIgniter.php(439): CodeIgniter\CodeIgniter->runController(Object(App\Controllers\Gost))
#3 C:\wamp64\www\vakcinacija\WebImplementacija\vakcinacija2\vendor\codeigniter4\framework\system\CodeIgniter.php(339): CodeIgniter\CodeIgniter->handleRequest(NULL, Object(Config\Cache), false)
#4 C:\wamp64\www\vakcinacija\WebImplementacija\vakcinacija2\public\index.php(36): CodeIgniter\CodeIgniter->run()
#5 C:\wamp64\www\vakcinacija\WebImplementacija\vakcinacija2\vendor\codeigniter4\framework\system\Commands\Server\rewrite.php(45): require_once('C:\\wamp64\\www\\v...')
#6 {main}
CRITICAL - 2021-05-30 12:03:22 --> Undefined variable: validation
#0 C:\wamp64\www\vakcinacija\WebImplementacija\vakcinacija2\app\Controllers\Gost.php(18): CodeIgniter\Debug\Exceptions->errorHandler(8, 'Undefined varia...', 'C:\\wamp64\\www\\v...', 18, Array)
#1 C:\wamp64\www\vakcinacija\WebImplementacija\vakcinacija2\vendor\codeigniter4\framework\system\CodeIgniter.php(931): App\Controllers\Gost->registracijaSubmit()
#2 C:\wamp64\www\vakcinacija\WebImplementacija\vakcinacija2\vendor\codeigniter4\framework\system\CodeIgniter.php(439): CodeIgniter\CodeIgniter->runController(Object(App\Controllers\Gost))
#3 C:\wamp64\www\vakcinacija\WebImplementacija\vakcinacija2\vendor\codeigniter4\framework\system\CodeIgniter.php(339): CodeIgniter\CodeIgniter->handleRequest(NULL, Object(Config\Cache), false)
#4 C:\wamp64\www\vakcinacija\WebImplementacija\vakcinacija2\public\index.php(36): CodeIgniter\CodeIgniter->run()
#5 C:\wamp64\www\vakcinacija\WebImplementacija\vakcinacija2\vendor\codeigniter4\framework\system\Commands\Server\rewrite.php(45): require_once('C:\\wamp64\\www\\v...')
#6 {main}
CRITICAL - 2021-05-30 12:04:02 --> Undefined variable: validation
#0 C:\wamp64\www\vakcinacija\WebImplementacija\vakcinacija2\app\Controllers\Gost.php(18): CodeIgniter\Debug\Exceptions->errorHandler(8, 'Undefined varia...', 'C:\\wamp64\\www\\v...', 18, Array)
#1 C:\wamp64\www\vakcinacija\WebImplementacija\vakcinacija2\vendor\codeigniter4\framework\system\CodeIgniter.php(931): App\Controllers\Gost->registracijaSubmit()
#2 C:\wamp64\www\vakcinacija\WebImplementacija\vakcinacija2\vendor\codeigniter4\framework\system\CodeIgniter.php(439): CodeIgniter\CodeIgniter->runController(Object(App\Controllers\Gost))
#3 C:\wamp64\www\vakcinacija\WebImplementacija\vakcinacija2\vendor\codeigniter4\framework\system\CodeIgniter.php(339): CodeIgniter\CodeIgniter->handleRequest(NULL, Object(Config\Cache), false)
#4 C:\wamp64\www\vakcinacija\WebImplementacija\vakcinacija2\public\index.php(36): CodeIgniter\CodeIgniter->run()
#5 C:\wamp64\www\vakcinacija\WebImplementacija\vakcinacija2\vendor\codeigniter4\framework\system\Commands\Server\rewrite.php(45): require_once('C:\\wamp64\\www\\v...')
#6 {main}
CRITICAL - 2021-05-30 12:08:08 --> Undefined variable: validation
#0 C:\wamp64\www\vakcinacija\WebImplementacija\vakcinacija2\app\Controllers\Gost.php(18): CodeIgniter\Debug\Exceptions->errorHandler(8, 'Undefined varia...', 'C:\\wamp64\\www\\v...', 18, Array)
#1 C:\wamp64\www\vakcinacija\WebImplementacija\vakcinacija2\vendor\codeigniter4\framework\system\CodeIgniter.php(931): App\Controllers\Gost->registracijaSubmit()
#2 C:\wamp64\www\vakcinacija\WebImplementacija\vakcinacija2\vendor\codeigniter4\framework\system\CodeIgniter.php(439): CodeIgniter\CodeIgniter->runController(Object(App\Controllers\Gost))
#3 C:\wamp64\www\vakcinacija\WebImplementacija\vakcinacija2\vendor\codeigniter4\framework\system\CodeIgniter.php(339): CodeIgniter\CodeIgniter->handleRequest(NULL, Object(Config\Cache), false)
#4 C:\wamp64\www\vakcinacija\WebImplementacija\vakcinacija2\public\index.php(36): CodeIgniter\CodeIgniter->run()
#5 C:\wamp64\www\vakcinacija\WebImplementacija\vakcinacija2\vendor\codeigniter4\framework\system\Commands\Server\rewrite.php(45): require_once('C:\\wamp64\\www\\v...')
#6 {main}
CRITICAL - 2021-05-30 12:10:50 --> Undefined variable: validation
#0 C:\wamp64\www\vakcinacija\WebImplementacija\vakcinacija2\app\Controllers\Gost.php(18): CodeIgniter\Debug\Exceptions->errorHandler(8, 'Undefined varia...', 'C:\\wamp64\\www\\v...', 18, Array)
#1 C:\wamp64\www\vakcinacija\WebImplementacija\vakcinacija2\vendor\codeigniter4\framework\system\CodeIgniter.php(931): App\Controllers\Gost->registracijaSubmit()
#2 C:\wamp64\www\vakcinacija\WebImplementacija\vakcinacija2\vendor\codeigniter4\framework\system\CodeIgniter.php(439): CodeIgniter\CodeIgniter->runController(Object(App\Controllers\Gost))
#3 C:\wamp64\www\vakcinacija\WebImplementacija\vakcinacija2\vendor\codeigniter4\framework\system\CodeIgniter.php(339): CodeIgniter\CodeIgniter->handleRequest(NULL, Object(Config\Cache), false)
#4 C:\wamp64\www\vakcinacija\WebImplementacija\vakcinacija2\public\index.php(36): CodeIgniter\CodeIgniter->run()
#5 C:\wamp64\www\vakcinacija\WebImplementacija\vakcinacija2\vendor\codeigniter4\framework\system\Commands\Server\rewrite.php(45): require_once('C:\\wamp64\\www\\v...')
#6 {main}
CRITICAL - 2021-05-30 12:12:34 --> Undefined variable: validation
#0 C:\wamp64\www\vakcinacija\WebImplementacija\vakcinacija2\app\Controllers\Gost.php(18): CodeIgniter\Debug\Exceptions->errorHandler(8, 'Undefined varia...', 'C:\\wamp64\\www\\v...', 18, Array)
#1 C:\wamp64\www\vakcinacija\WebImplementacija\vakcinacija2\vendor\codeigniter4\framework\system\CodeIgniter.php(931): App\Controllers\Gost->registracijaSubmit()
#2 C:\wamp64\www\vakcinacija\WebImplementacija\vakcinacija2\vendor\codeigniter4\framework\system\CodeIgniter.php(439): CodeIgniter\CodeIgniter->runController(Object(App\Controllers\Gost))
#3 C:\wamp64\www\vakcinacija\WebImplementacija\vakcinacija2\vendor\codeigniter4\framework\system\CodeIgniter.php(339): CodeIgniter\CodeIgniter->handleRequest(NULL, Object(Config\Cache), false)
#4 C:\wamp64\www\vakcinacija\WebImplementacija\vakcinacija2\public\index.php(36): CodeIgniter\CodeIgniter->run()
#5 C:\wamp64\www\vakcinacija\WebImplementacija\vakcinacija2\vendor\codeigniter4\framework\system\Commands\Server\rewrite.php(45): require_once('C:\\wamp64\\www\\v...')
#6 {main}
CRITICAL - 2021-05-30 12:13:08 --> Undefined variable: validation
#0 C:\wamp64\www\vakcinacija\WebImplementacija\vakcinacija2\app\Controllers\Gost.php(18): CodeIgniter\Debug\Exceptions->errorHandler(8, 'Undefined varia...', 'C:\\wamp64\\www\\v...', 18, Array)
#1 C:\wamp64\www\vakcinacija\WebImplementacija\vakcinacija2\vendor\codeigniter4\framework\system\CodeIgniter.php(931): App\Controllers\Gost->registracijaSubmit()
#2 C:\wamp64\www\vakcinacija\WebImplementacija\vakcinacija2\vendor\codeigniter4\framework\system\CodeIgniter.php(439): CodeIgniter\CodeIgniter->runController(Object(App\Controllers\Gost))
#3 C:\wamp64\www\vakcinacija\WebImplementacija\vakcinacija2\vendor\codeigniter4\framework\system\CodeIgniter.php(339): CodeIgniter\CodeIgniter->handleRequest(NULL, Object(Config\Cache), false)
#4 C:\wamp64\www\vakcinacija\WebImplementacija\vakcinacija2\public\index.php(36): CodeIgniter\CodeIgniter->run()
#5 C:\wamp64\www\vakcinacija\WebImplementacija\vakcinacija2\vendor\codeigniter4\framework\system\Commands\Server\rewrite.php(45): require_once('C:\\wamp64\\www\\v...')
#6 {main}
CRITICAL - 2021-05-30 12:16:09 --> Undefined variable: validation
#0 C:\wamp64\www\vakcinacija\WebImplementacija\vakcinacija2\app\Controllers\Gost.php(18): CodeIgniter\Debug\Exceptions->errorHandler(8, 'Undefined varia...', 'C:\\wamp64\\www\\v...', 18, Array)
#1 C:\wamp64\www\vakcinacija\WebImplementacija\vakcinacija2\vendor\codeigniter4\framework\system\CodeIgniter.php(931): App\Controllers\Gost->registracijaSubmit()
#2 C:\wamp64\www\vakcinacija\WebImplementacija\vakcinacija2\vendor\codeigniter4\framework\system\CodeIgniter.php(439): CodeIgniter\CodeIgniter->runController(Object(App\Controllers\Gost))
#3 C:\wamp64\www\vakcinacija\WebImplementacija\vakcinacija2\vendor\codeigniter4\framework\system\CodeIgniter.php(339): CodeIgniter\CodeIgniter->handleRequest(NULL, Object(Config\Cache), false)
#4 C:\wamp64\www\vakcinacija\WebImplementacija\vakcinacija2\public\index.php(36): CodeIgniter\CodeIgniter->run()
#5 C:\wamp64\www\vakcinacija\WebImplementacija\vakcinacija2\vendor\codeigniter4\framework\system\Commands\Server\rewrite.php(45): require_once('C:\\wamp64\\www\\v...')
#6 {main}
CRITICAL - 2021-05-30 12:44:20 --> Undefined property: App\Controllers\Gost::$validation
#0 C:\wamp64\www\vakcinacija\WebImplementacija\vakcinacija2\app\Controllers\Gost.php(41): CodeIgniter\Debug\Exceptions->errorHandler(8, 'Undefined prope...', 'C:\\wamp64\\www\\v...', 41, Array)
#1 C:\wamp64\www\vakcinacija\WebImplementacija\vakcinacija2\vendor\codeigniter4\framework\system\CodeIgniter.php(931): App\Controllers\Gost->registracijaSubmit()
#2 C:\wamp64\www\vakcinacija\WebImplementacija\vakcinacija2\vendor\codeigniter4\framework\system\CodeIgniter.php(439): CodeIgniter\CodeIgniter->runController(Object(App\Controllers\Gost))
#3 C:\wamp64\www\vakcinacija\WebImplementacija\vakcinacija2\vendor\codeigniter4\framework\system\CodeIgniter.php(339): CodeIgniter\CodeIgniter->handleRequest(NULL, Object(Config\Cache), false)
#4 C:\wamp64\www\vakcinacija\WebImplementacija\vakcinacija2\public\index.php(36): CodeIgniter\CodeIgniter->run()
#5 C:\wamp64\www\vakcinacija\WebImplementacija\vakcinacija2\vendor\codeigniter4\framework\system\Commands\Server\rewrite.php(45): require_once('C:\\wamp64\\www\\v...')
#6 {main}
CRITICAL - 2021-05-30 13:04:23 --> syntax error, unexpected '<'
#0 C:\wamp64\www\vakcinacija\WebImplementacija\vakcinacija2\vendor\codeigniter4\framework\system\View\View.php(232): CodeIgniter\View\View->CodeIgniter\View\{closure}()
#1 C:\wamp64\www\vakcinacija\WebImplementacija\vakcinacija2\vendor\codeigniter4\framework\system\Common.php(1250): CodeIgniter\View\View->render('Prototip/regist...', Array, true)
#2 C:\wamp64\www\vakcinacija\WebImplementacija\vakcinacija2\app\Controllers\Gost.php(14): view('Prototip/regist...', Array)
#3 C:\wamp64\www\vakcinacija\WebImplementacija\vakcinacija2\app\Controllers\Gost.php(67): App\Controllers\Gost->prikaz('registracija.ph...', Array)
#4 C:\wamp64\www\vakcinacija\WebImplementacija\vakcinacija2\vendor\codeigniter4\framework\system\CodeIgniter.php(931): App\Controllers\Gost->registracijaSubmit()
#5 C:\wamp64\www\vakcinacija\WebImplementacija\vakcinacija2\vendor\codeigniter4\framework\system\CodeIgniter.php(439): CodeIgniter\CodeIgniter->runController(Object(App\Controllers\Gost))
#6 C:\wamp64\www\vakcinacija\WebImplementacija\vakcinacija2\vendor\codeigniter4\framework\system\CodeIgniter.php(339): CodeIgniter\CodeIgniter->handleRequest(NULL, Object(Config\Cache), false)
#7 C:\wamp64\www\vakcinacija\WebImplementacija\vakcinacija2\public\index.php(36): CodeIgniter\CodeIgniter->run()
#8 C:\wamp64\www\vakcinacija\WebImplementacija\vakcinacija2\vendor\codeigniter4\framework\system\Commands\Server\rewrite.php(45): require_once('C:\\wamp64\\www\\v...')
#9 {main}
CRITICAL - 2021-05-30 13:04:25 --> syntax error, unexpected '<'
#0 C:\wamp64\www\vakcinacija\WebImplementacija\vakcinacija2\vendor\codeigniter4\framework\system\View\View.php(232): CodeIgniter\View\View->CodeIgniter\View\{closure}()
#1 C:\wamp64\www\vakcinacija\WebImplementacija\vakcinacija2\vendor\codeigniter4\framework\system\Common.php(1250): CodeIgniter\View\View->render('prototip/regist...', Array, true)
#2 C:\wamp64\www\vakcinacija\WebImplementacija\vakcinacija2\app\Controllers\Gost.php(18): view('prototip/regist...')
#3 C:\wamp64\www\vakcinacija\WebImplementacija\vakcinacija2\vendor\codeigniter4\framework\system\CodeIgniter.php(931): App\Controllers\Gost->registracija()
#4 C:\wamp64\www\vakcinacija\WebImplementacija\vakcinacija2\vendor\codeigniter4\framework\system\CodeIgniter.php(439): CodeIgniter\CodeIgniter->runController(Object(App\Controllers\Gost))
#5 C:\wamp64\www\vakcinacija\WebImplementacija\vakcinacija2\vendor\codeigniter4\framework\system\CodeIgniter.php(339): CodeIgniter\CodeIgniter->handleRequest(NULL, Object(Config\Cache), false)
#6 C:\wamp64\www\vakcinacija\WebImplementacija\vakcinacija2\public\index.php(36): CodeIgniter\CodeIgniter->run()
#7 C:\wamp64\www\vakcinacija\WebImplementacija\vakcinacija2\vendor\codeigniter4\framework\system\Commands\Server\rewrite.php(45): require_once('C:\\wamp64\\www\\v...')
#8 {main}
CRITICAL - 2021-05-30 13:27:34 --> Undefined variable: nePodudara
#0 C:\wamp64\www\vakcinacija\WebImplementacija\vakcinacija2\app\Views\Prototip\registracija.php(71): CodeIgniter\Debug\Exceptions->errorHandler(8, 'Undefined varia...', 'C:\\wamp64\\www\\v...', 71, Array)
#1 C:\wamp64\www\vakcinacija\WebImplementacija\vakcinacija2\vendor\codeigniter4\framework\system\View\View.php(230): include('C:\\wamp64\\www\\v...')
#2 C:\wamp64\www\vakcinacija\WebImplementacija\vakcinacija2\vendor\codeigniter4\framework\system\View\View.php(232): CodeIgniter\View\View->CodeIgniter\View\{closure}()
#3 C:\wamp64\www\vakcinacija\WebImplementacija\vakcinacija2\vendor\codeigniter4\framework\system\Common.php(1250): CodeIgniter\View\View->render('Prototip/regist...', Array, true)
#4 C:\wamp64\www\vakcinacija\WebImplementacija\vakcinacija2\app\Controllers\Gost.php(14): view('Prototip/regist...', Array)
#5 C:\wamp64\www\vakcinacija\WebImplementacija\vakcinacija2\app\Controllers\Gost.php(67): App\Controllers\Gost->prikaz('registracija.ph...', Array)
#6 C:\wamp64\www\vakcinacija\WebImplementacija\vakcinacija2\vendor\codeigniter4\framework\system\CodeIgniter.php(931): App\Controllers\Gost->registracijaSubmit()
#7 C:\wamp64\www\vakcinacija\WebImplementacija\vakcinacija2\vendor\codeigniter4\framework\system\CodeIgniter.php(439): CodeIgniter\CodeIgniter->runController(Object(App\Controllers\Gost))
#8 C:\wamp64\www\vakcinacija\WebImplementacija\vakcinacija2\vendor\codeigniter4\framework\system\CodeIgniter.php(339): CodeIgniter\CodeIgniter->handleRequest(NULL, Object(Config\Cache), false)
#9 C:\wamp64\www\vakcinacija\WebImplementacija\vakcinacija2\public\index.php(36): CodeIgniter\CodeIgniter->run()
#10 C:\wamp64\www\vakcinacija\WebImplementacija\vakcinacija2\vendor\codeigniter4\framework\system\Commands\Server\rewrite.php(45): require_once('C:\\wamp64\\www\\v...')
#11 {main}
CRITICAL - 2021-05-30 13:27:49 --> Undefined variable: nePodudara
#0 C:\wamp64\www\vakcinacija\WebImplementacija\vakcinacija2\app\Views\Prototip\registracija.php(71): CodeIgniter\Debug\Exceptions->errorHandler(8, 'Undefined varia...', 'C:\\wamp64\\www\\v...', 71, Array)
#1 C:\wamp64\www\vakcinacija\WebImplementacija\vakcinacija2\vendor\codeigniter4\framework\system\View\View.php(230): include('C:\\wamp64\\www\\v...')
#2 C:\wamp64\www\vakcinacija\WebImplementacija\vakcinacija2\vendor\codeigniter4\framework\system\View\View.php(232): CodeIgniter\View\View->CodeIgniter\View\{closure}()
#3 C:\wamp64\www\vakcinacija\WebImplementacija\vakcinacija2\vendor\codeigniter4\framework\system\Common.php(1250): CodeIgniter\View\View->render('Prototip/regist...', Array, true)
#4 C:\wamp64\www\vakcinacija\WebImplementacija\vakcinacija2\app\Controllers\Gost.php(14): view('Prototip/regist...', Array)
#5 C:\wamp64\www\vakcinacija\WebImplementacija\vakcinacija2\app\Controllers\Gost.php(67): App\Controllers\Gost->prikaz('registracija.ph...', Array)
#6 C:\wamp64\www\vakcinacija\WebImplementacija\vakcinacija2\vendor\codeigniter4\framework\system\CodeIgniter.php(931): App\Controllers\Gost->registracijaSubmit()
#7 C:\wamp64\www\vakcinacija\WebImplementacija\vakcinacija2\vendor\codeigniter4\framework\system\CodeIgniter.php(439): CodeIgniter\CodeIgniter->runController(Object(App\Controllers\Gost))
#8 C:\wamp64\www\vakcinacija\WebImplementacija\vakcinacija2\vendor\codeigniter4\framework\system\CodeIgniter.php(339): CodeIgniter\CodeIgniter->handleRequest(NULL, Object(Config\Cache), false)
#9 C:\wamp64\www\vakcinacija\WebImplementacija\vakcinacija2\public\index.php(36): CodeIgniter\CodeIgniter->run()
#10 C:\wamp64\www\vakcinacija\WebImplementacija\vakcinacija2\vendor\codeigniter4\framework\system\Commands\Server\rewrite.php(45): require_once('C:\\wamp64\\www\\v...')
#11 {main}
CRITICAL - 2021-05-30 15:39:28 --> Undefined variable: nePodudara
#0 C:\wamp64\www\vakcinacija\WebImplementacija\vakcinacija2\app\Views\Prototip\registracija.php(76): CodeIgniter\Debug\Exceptions->errorHandler(8, 'Undefined varia...', 'C:\\wamp64\\www\\v...', 76, Array)
#1 C:\wamp64\www\vakcinacija\WebImplementacija\vakcinacija2\vendor\codeigniter4\framework\system\View\View.php(230): include('C:\\wamp64\\www\\v...')
#2 C:\wamp64\www\vakcinacija\WebImplementacija\vakcinacija2\vendor\codeigniter4\framework\system\View\View.php(232): CodeIgniter\View\View->CodeIgniter\View\{closure}()
#3 C:\wamp64\www\vakcinacija\WebImplementacija\vakcinacija2\vendor\codeigniter4\framework\system\Common.php(1250): CodeIgniter\View\View->render('prototip/regist...', Array, true)
#4 C:\wamp64\www\vakcinacija\WebImplementacija\vakcinacija2\app\Controllers\Gost.php(18): view('prototip/regist...')
#5 C:\wamp64\www\vakcinacija\WebImplementacija\vakcinacija2\vendor\codeigniter4\framework\system\CodeIgniter.php(931): App\Controllers\Gost->registracija()
#6 C:\wamp64\www\vakcinacija\WebImplementacija\vakcinacija2\vendor\codeigniter4\framework\system\CodeIgniter.php(439): CodeIgniter\CodeIgniter->runController(Object(App\Controllers\Gost))
#7 C:\wamp64\www\vakcinacija\WebImplementacija\vakcinacija2\vendor\codeigniter4\framework\system\CodeIgniter.php(339): CodeIgniter\CodeIgniter->handleRequest(NULL, Object(Config\Cache), false)
#8 C:\wamp64\www\vakcinacija\WebImplementacija\vakcinacija2\public\index.php(36): CodeIgniter\CodeIgniter->run()
#9 C:\wamp64\www\vakcinacija\WebImplementacija\vakcinacija2\vendor\codeigniter4\framework\system\Commands\Server\rewrite.php(45): require_once('C:\\wamp64\\www\\v...')
#10 {main}
CRITICAL - 2021-05-30 15:39:42 --> Undefined variable: nePodudara
#0 C:\wamp64\www\vakcinacija\WebImplementacija\vakcinacija2\app\Views\Prototip\registracija.php(76): CodeIgniter\Debug\Exceptions->errorHandler(8, 'Undefined varia...', 'C:\\wamp64\\www\\v...', 76, Array)
#1 C:\wamp64\www\vakcinacija\WebImplementacija\vakcinacija2\vendor\codeigniter4\framework\system\View\View.php(230): include('C:\\wamp64\\www\\v...')
#2 C:\wamp64\www\vakcinacija\WebImplementacija\vakcinacija2\vendor\codeigniter4\framework\system\View\View.php(232): CodeIgniter\View\View->CodeIgniter\View\{closure}()
#3 C:\wamp64\www\vakcinacija\WebImplementacija\vakcinacija2\vendor\codeigniter4\framework\system\Common.php(1250): CodeIgniter\View\View->render('prototip/regist...', Array, true)
#4 C:\wamp64\www\vakcinacija\WebImplementacija\vakcinacija2\app\Controllers\Gost.php(18): view('prototip/regist...')
#5 C:\wamp64\www\vakcinacija\WebImplementacija\vakcinacija2\vendor\codeigniter4\framework\system\CodeIgniter.php(931): App\Controllers\Gost->registracija()
#6 C:\wamp64\www\vakcinacija\WebImplementacija\vakcinacija2\vendor\codeigniter4\framework\system\CodeIgniter.php(439): CodeIgniter\CodeIgniter->runController(Object(App\Controllers\Gost))
#7 C:\wamp64\www\vakcinacija\WebImplementacija\vakcinacija2\vendor\codeigniter4\framework\system\CodeIgniter.php(339): CodeIgniter\CodeIgniter->handleRequest(NULL, Object(Config\Cache), false)
#8 C:\wamp64\www\vakcinacija\WebImplementacija\vakcinacija2\public\index.php(36): CodeIgniter\CodeIgniter->run()
#9 C:\wamp64\www\vakcinacija\WebImplementacija\vakcinacija2\vendor\codeigniter4\framework\system\Commands\Server\rewrite.php(45): require_once('C:\\wamp64\\www\\v...')
#10 {main}
CRITICAL - 2021-05-30 15:39:48 --> Undefined variable: nePodudara
#0 C:\wamp64\www\vakcinacija\WebImplementacija\vakcinacija2\app\Views\Prototip\registracija.php(76): CodeIgniter\Debug\Exceptions->errorHandler(8, 'Undefined varia...', 'C:\\wamp64\\www\\v...', 76, Array)
#1 C:\wamp64\www\vakcinacija\WebImplementacija\vakcinacija2\vendor\codeigniter4\framework\system\View\View.php(230): include('C:\\wamp64\\www\\v...')
#2 C:\wamp64\www\vakcinacija\WebImplementacija\vakcinacija2\vendor\codeigniter4\framework\system\View\View.php(232): CodeIgniter\View\View->CodeIgniter\View\{closure}()
#3 C:\wamp64\www\vakcinacija\WebImplementacija\vakcinacija2\vendor\codeigniter4\framework\system\Common.php(1250): CodeIgniter\View\View->render('prototip/regist...', Array, true)
#4 C:\wamp64\www\vakcinacija\WebImplementacija\vakcinacija2\app\Controllers\Gost.php(18): view('prototip/regist...')
#5 C:\wamp64\www\vakcinacija\WebImplementacija\vakcinacija2\vendor\codeigniter4\framework\system\CodeIgniter.php(931): App\Controllers\Gost->registracija()
#6 C:\wamp64\www\vakcinacija\WebImplementacija\vakcinacija2\vendor\codeigniter4\framework\system\CodeIgniter.php(439): CodeIgniter\CodeIgniter->runController(Object(App\Controllers\Gost))
#7 C:\wamp64\www\vakcinacija\WebImplementacija\vakcinacija2\vendor\codeigniter4\framework\system\CodeIgniter.php(339): CodeIgniter\CodeIgniter->handleRequest(NULL, Object(Config\Cache), false)
#8 C:\wamp64\www\vakcinacija\WebImplementacija\vakcinacija2\public\index.php(36): CodeIgniter\CodeIgniter->run()
#9 C:\wamp64\www\vakcinacija\WebImplementacija\vakcinacija2\vendor\codeigniter4\framework\system\Commands\Server\rewrite.php(45): require_once('C:\\wamp64\\www\\v...')
#10 {main}
CRITICAL - 2021-05-30 15:41:11 --> Undefined variable: nePodudara
#0 C:\wamp64\www\vakcinacija\WebImplementacija\vakcinacija2\app\Views\Prototip\registracija.php(76): CodeIgniter\Debug\Exceptions->errorHandler(8, 'Undefined varia...', 'C:\\wamp64\\www\\v...', 76, Array)
#1 C:\wamp64\www\vakcinacija\WebImplementacija\vakcinacija2\vendor\codeigniter4\framework\system\View\View.php(230): include('C:\\wamp64\\www\\v...')
#2 C:\wamp64\www\vakcinacija\WebImplementacija\vakcinacija2\vendor\codeigniter4\framework\system\View\View.php(232): CodeIgniter\View\View->CodeIgniter\View\{closure}()
#3 C:\wamp64\www\vakcinacija\WebImplementacija\vakcinacija2\vendor\codeigniter4\framework\system\Common.php(1250): CodeIgniter\View\View->render('prototip/regist...', Array, true)
#4 C:\wamp64\www\vakcinacija\WebImplementacija\vakcinacija2\app\Controllers\Gost.php(18): view('prototip/regist...')
#5 C:\wamp64\www\vakcinacija\WebImplementacija\vakcinacija2\vendor\codeigniter4\framework\system\CodeIgniter.php(931): App\Controllers\Gost->registracija()
#6 C:\wamp64\www\vakcinacija\WebImplementacija\vakcinacija2\vendor\codeigniter4\framework\system\CodeIgniter.php(439): CodeIgniter\CodeIgniter->runController(Object(App\Controllers\Gost))
#7 C:\wamp64\www\vakcinacija\WebImplementacija\vakcinacija2\vendor\codeigniter4\framework\system\CodeIgniter.php(339): CodeIgniter\CodeIgniter->handleRequest(NULL, Object(Config\Cache), false)
#8 C:\wamp64\www\vakcinacija\WebImplementacija\vakcinacija2\public\index.php(36): CodeIgniter\CodeIgniter->run()
#9 C:\wamp64\www\vakcinacija\WebImplementacija\vakcinacija2\vendor\codeigniter4\framework\system\Commands\Server\rewrite.php(45): require_once('C:\\wamp64\\www\\v...')
#10 {main}
CRITICAL - 2021-05-30 15:46:56 --> Undefined variable: nePodudara
#0 C:\wamp64\www\vakcinacija\WebImplementacija\vakcinacija2\app\Views\Prototip\registracija.php(82): CodeIgniter\Debug\Exceptions->errorHandler(8, 'Undefined varia...', 'C:\\wamp64\\www\\v...', 82, Array)
#1 C:\wamp64\www\vakcinacija\WebImplementacija\vakcinacija2\vendor\codeigniter4\framework\system\View\View.php(230): include('C:\\wamp64\\www\\v...')
#2 C:\wamp64\www\vakcinacija\WebImplementacija\vakcinacija2\vendor\codeigniter4\framework\system\View\View.php(232): CodeIgniter\View\View->CodeIgniter\View\{closure}()
#3 C:\wamp64\www\vakcinacija\WebImplementacija\vakcinacija2\vendor\codeigniter4\framework\system\Common.php(1250): CodeIgniter\View\View->render('prototip/regist...', Array, true)
#4 C:\wamp64\www\vakcinacija\WebImplementacija\vakcinacija2\app\Controllers\Gost.php(18): view('prototip/regist...')
#5 C:\wamp64\www\vakcinacija\WebImplementacija\vakcinacija2\vendor\codeigniter4\framework\system\CodeIgniter.php(931): App\Controllers\Gost->registracija()
#6 C:\wamp64\www\vakcinacija\WebImplementacija\vakcinacija2\vendor\codeigniter4\framework\system\CodeIgniter.php(439): CodeIgniter\CodeIgniter->runController(Object(App\Controllers\Gost))
#7 C:\wamp64\www\vakcinacija\WebImplementacija\vakcinacija2\vendor\codeigniter4\framework\system\CodeIgniter.php(339): CodeIgniter\CodeIgniter->handleRequest(NULL, Object(Config\Cache), false)
#8 C:\wamp64\www\vakcinacija\WebImplementacija\vakcinacija2\public\index.php(36): CodeIgniter\CodeIgniter->run()
#9 C:\wamp64\www\vakcinacija\WebImplementacija\vakcinacija2\vendor\codeigniter4\framework\system\Commands\Server\rewrite.php(45): require_once('C:\\wamp64\\www\\v...')
#10 {main}
CRITICAL - 2021-05-30 15:50:42 --> Undefined variable: nePodudara
#0 C:\wamp64\www\vakcinacija\WebImplementacija\vakcinacija2\app\Views\Prototip\registracija.php(82): CodeIgniter\Debug\Exceptions->errorHandler(8, 'Undefined varia...', 'C:\\wamp64\\www\\v...', 82, Array)
#1 C:\wamp64\www\vakcinacija\WebImplementacija\vakcinacija2\vendor\codeigniter4\framework\system\View\View.php(230): include('C:\\wamp64\\www\\v...')
#2 C:\wamp64\www\vakcinacija\WebImplementacija\vakcinacija2\vendor\codeigniter4\framework\system\View\View.php(232): CodeIgniter\View\View->CodeIgniter\View\{closure}()
#3 C:\wamp64\www\vakcinacija\WebImplementacija\vakcinacija2\vendor\codeigniter4\framework\system\Common.php(1250): CodeIgniter\View\View->render('prototip/regist...', Array, true)
#4 C:\wamp64\www\vakcinacija\WebImplementacija\vakcinacija2\app\Controllers\Gost.php(18): view('prototip/regist...')
#5 C:\wamp64\www\vakcinacija\WebImplementacija\vakcinacija2\vendor\codeigniter4\framework\system\CodeIgniter.php(931): App\Controllers\Gost->registracija()
#6 C:\wamp64\www\vakcinacija\WebImplementacija\vakcinacija2\vendor\codeigniter4\framework\system\CodeIgniter.php(439): CodeIgniter\CodeIgniter->runController(Object(App\Controllers\Gost))
#7 C:\wamp64\www\vakcinacija\WebImplementacija\vakcinacija2\vendor\codeigniter4\framework\system\CodeIgniter.php(339): CodeIgniter\CodeIgniter->handleRequest(NULL, Object(Config\Cache), false)
#8 C:\wamp64\www\vakcinacija\WebImplementacija\vakcinacija2\public\index.php(36): CodeIgniter\CodeIgniter->run()
#9 C:\wamp64\www\vakcinacija\WebImplementacija\vakcinacija2\vendor\codeigniter4\framework\system\Commands\Server\rewrite.php(45): require_once('C:\\wamp64\\www\\v...')
#10 {main}
CRITICAL - 2021-05-30 15:50:43 --> Undefined variable: nePodudara
#0 C:\wamp64\www\vakcinacija\WebImplementacija\vakcinacija2\app\Views\Prototip\registracija.php(82): CodeIgniter\Debug\Exceptions->errorHandler(8, 'Undefined varia...', 'C:\\wamp64\\www\\v...', 82, Array)
#1 C:\wamp64\www\vakcinacija\WebImplementacija\vakcinacija2\vendor\codeigniter4\framework\system\View\View.php(230): include('C:\\wamp64\\www\\v...')
#2 C:\wamp64\www\vakcinacija\WebImplementacija\vakcinacija2\vendor\codeigniter4\framework\system\View\View.php(232): CodeIgniter\View\View->CodeIgniter\View\{closure}()
#3 C:\wamp64\www\vakcinacija\WebImplementacija\vakcinacija2\vendor\codeigniter4\framework\system\Common.php(1250): CodeIgniter\View\View->render('prototip/regist...', Array, true)
#4 C:\wamp64\www\vakcinacija\WebImplementacija\vakcinacija2\app\Controllers\Gost.php(18): view('prototip/regist...')
#5 C:\wamp64\www\vakcinacija\WebImplementacija\vakcinacija2\vendor\codeigniter4\framework\system\CodeIgniter.php(931): App\Controllers\Gost->registracija()
#6 C:\wamp64\www\vakcinacija\WebImplementacija\vakcinacija2\vendor\codeigniter4\framework\system\CodeIgniter.php(439): CodeIgniter\CodeIgniter->runController(Object(App\Controllers\Gost))
#7 C:\wamp64\www\vakcinacija\WebImplementacija\vakcinacija2\vendor\codeigniter4\framework\system\CodeIgniter.php(339): CodeIgniter\CodeIgniter->handleRequest(NULL, Object(Config\Cache), false)
#8 C:\wamp64\www\vakcinacija\WebImplementacija\vakcinacija2\public\index.php(36): CodeIgniter\CodeIgniter->run()
#9 C:\wamp64\www\vakcinacija\WebImplementacija\vakcinacija2\vendor\codeigniter4\framework\system\Commands\Server\rewrite.php(45): require_once('C:\\wamp64\\www\\v...')
#10 {main}
CRITICAL - 2021-05-30 15:58:14 --> Class 'App\Controllers\Entities\Gradjanin' does not exist
#0 C:\wamp64\www\vakcinacija\WebImplementacija\vakcinacija2\vendor\doctrine\persistence\lib\Doctrine\Persistence\Mapping\RuntimeReflectionService.php(38): Doctrine\Persistence\Mapping\MappingException::nonExistingClass('App\\Controllers...')
#1 C:\wamp64\www\vakcinacija\WebImplementacija\vakcinacija2\vendor\doctrine\persistence\lib\Doctrine\Persistence\Mapping\AbstractClassMetadataFactory.php(326): Doctrine\Persistence\Mapping\RuntimeReflectionService->getParentClasses('App\\Controllers...')
#2 C:\wamp64\www\vakcinacija\WebImplementacija\vakcinacija2\vendor\doctrine\persistence\lib\Doctrine\Persistence\Mapping\AbstractClassMetadataFactory.php(360): Doctrine\Persistence\Mapping\AbstractClassMetadataFactory->getParentClasses('App\\Controllers...')
#3 C:\wamp64\www\vakcinacija\WebImplementacija\vakcinacija2\vendor\doctrine\orm\lib\Doctrine\ORM\Mapping\ClassMetadataFactory.php(85): Doctrine\Persistence\Mapping\AbstractClassMetadataFactory->loadMetadata('App\\Controllers...')
#4 C:\wamp64\www\vakcinacija\WebImplementacija\vakcinacija2\vendor\doctrine\persistence\lib\Doctrine\Persistence\Mapping\AbstractClassMetadataFactory.php(251): Doctrine\ORM\Mapping\ClassMetadataFactory->loadMetadata('App\\Controllers...')
#5 C:\wamp64\www\vakcinacija\WebImplementacija\vakcinacija2\vendor\doctrine\orm\lib\Doctrine\ORM\EntityManager.php(293): Doctrine\Persistence\Mapping\AbstractClassMetadataFactory->getMetadataFor('App\\Controllers...')
#6 C:\wamp64\www\vakcinacija\WebImplementacija\vakcinacija2\vendor\doctrine\orm\lib\Doctrine\ORM\Repository\DefaultRepositoryFactory.php(45): Doctrine\ORM\EntityManager->getClassMetadata('App\\Controllers...')
#7 C:\wamp64\www\vakcinacija\WebImplementacija\vakcinacija2\vendor\doctrine\orm\lib\Doctrine\ORM\EntityManager.php(768): Doctrine\ORM\Repository\DefaultRepositoryFactory->getRepository(Object(Doctrine\ORM\EntityManager), 'App\\Controllers...')
#8 C:\wamp64\www\vakcinacija\WebImplementacija\vakcinacija2\app\Controllers\Gost.php(90): Doctrine\ORM\EntityManager->getRepository('App\\Controllers...')
#9 C:\wamp64\www\vakcinacija\WebImplementacija\vakcinacija2\vendor\codeigniter4\framework\system\CodeIgniter.php(931): App\Controllers\Gost->registracijaSubmit()
#10 C:\wamp64\www\vakcinacija\WebImplementacija\vakcinacija2\vendor\codeigniter4\framework\system\CodeIgniter.php(439): CodeIgniter\CodeIgniter->runController(Object(App\Controllers\Gost))
#11 C:\wamp64\www\vakcinacija\WebImplementacija\vakcinacija2\vendor\codeigniter4\framework\system\CodeIgniter.php(339): CodeIgniter\CodeIgniter->handleRequest(NULL, Object(Config\Cache), false)
#12 C:\wamp64\www\vakcinacija\WebImplementacija\vakcinacija2\public\index.php(36): CodeIgniter\CodeIgniter->run()
#13 C:\wamp64\www\vakcinacija\WebImplementacija\vakcinacija2\vendor\codeigniter4\framework\system\Commands\Server\rewrite.php(45): require_once('C:\\wamp64\\www\\v...')
#14 {main}
CRITICAL - 2021-05-30 16:09:29 --> Call to a member function getJmbg() on null
#0 C:\wamp64\www\vakcinacija\WebImplementacija\vakcinacija2\vendor\codeigniter4\framework\system\CodeIgniter.php(931): App\Controllers\Gost->registracijaSubmit()
#1 C:\wamp64\www\vakcinacija\WebImplementacija\vakcinacija2\vendor\codeigniter4\framework\system\CodeIgniter.php(439): CodeIgniter\CodeIgniter->runController(Object(App\Controllers\Gost))
#2 C:\wamp64\www\vakcinacija\WebImplementacija\vakcinacija2\vendor\codeigniter4\framework\system\CodeIgniter.php(339): CodeIgniter\CodeIgniter->handleRequest(NULL, Object(Config\Cache), false)
#3 C:\wamp64\www\vakcinacija\WebImplementacija\vakcinacija2\public\index.php(36): CodeIgniter\CodeIgniter->run()
#4 C:\wamp64\www\vakcinacija\WebImplementacija\vakcinacija2\vendor\codeigniter4\framework\system\Commands\Server\rewrite.php(45): require_once('C:\\wamp64\\www\\v...')
#5 {main}
CRITICAL - 2021-05-30 18:40:50 --> Call to a member function getJmbg() on null
#0 C:\wamp64\www\vakcinacija\WebImplementacija\vakcinacija2\vendor\codeigniter4\framework\system\CodeIgniter.php(931): App\Controllers\Gost->registracijaSubmit()
#1 C:\wamp64\www\vakcinacija\WebImplementacija\vakcinacija2\vendor\codeigniter4\framework\system\CodeIgniter.php(439): CodeIgniter\CodeIgniter->runController(Object(App\Controllers\Gost))
#2 C:\wamp64\www\vakcinacija\WebImplementacija\vakcinacija2\vendor\codeigniter4\framework\system\CodeIgniter.php(339): CodeIgniter\CodeIgniter->handleRequest(NULL, Object(Config\Cache), false)
#3 C:\wamp64\www\vakcinacija\WebImplementacija\vakcinacija2\public\index.php(36): CodeIgniter\CodeIgniter->run()
#4 C:\wamp64\www\vakcinacija\WebImplementacija\vakcinacija2\vendor\codeigniter4\framework\system\Commands\Server\rewrite.php(45): require_once('C:\\wamp64\\www\\v...')
#5 {main}
CRITICAL - 2021-05-30 18:42:34 --> Call to a member function getJmbg() on null
#0 C:\wamp64\www\vakcinacija\WebImplementacija\vakcinacija2\vendor\codeigniter4\framework\system\CodeIgniter.php(931): App\Controllers\Gost->registracijaSubmit()
#1 C:\wamp64\www\vakcinacija\WebImplementacija\vakcinacija2\vendor\codeigniter4\framework\system\CodeIgniter.php(439): CodeIgniter\CodeIgniter->runController(Object(App\Controllers\Gost))
#2 C:\wamp64\www\vakcinacija\WebImplementacija\vakcinacija2\vendor\codeigniter4\framework\system\CodeIgniter.php(339): CodeIgniter\CodeIgniter->handleRequest(NULL, Object(Config\Cache), false)
#3 C:\wamp64\www\vakcinacija\WebImplementacija\vakcinacija2\public\index.php(36): CodeIgniter\CodeIgniter->run()
#4 C:\wamp64\www\vakcinacija\WebImplementacija\vakcinacija2\vendor\codeigniter4\framework\system\Commands\Server\rewrite.php(45): require_once('C:\\wamp64\\www\\v...')
#5 {main}
CRITICAL - 2021-05-30 18:44:30 --> An exception occurred in driver: No connection could be made because the target machine actively refused it.

#0 C:\wamp64\www\vakcinacija\WebImplementacija\vakcinacija2\vendor\doctrine\dbal\lib\Doctrine\DBAL\DBALException.php(182): Doctrine\DBAL\Driver\AbstractMySQLDriver->convertException('An exception oc...', Object(Doctrine\DBAL\Driver\Mysqli\Exception\ConnectionFailed))
#1 C:\wamp64\www\vakcinacija\WebImplementacija\vakcinacija2\vendor\doctrine\dbal\lib\Doctrine\DBAL\DBALException.php(169): Doctrine\DBAL\DBALException::wrapException(Object(Doctrine\DBAL\Driver\Mysqli\Driver), Object(Doctrine\DBAL\Driver\Mysqli\Exception\ConnectionFailed), 'An exception oc...')
#2 C:\wamp64\www\vakcinacija\WebImplementacija\vakcinacija2\vendor\doctrine\dbal\lib\Doctrine\DBAL\Driver\Mysqli\Driver.php(19): Doctrine\DBAL\DBALException::driverException(Object(Doctrine\DBAL\Driver\Mysqli\Driver), Object(Doctrine\DBAL\Driver\Mysqli\Exception\ConnectionFailed))
#3 C:\wamp64\www\vakcinacija\WebImplementacija\vakcinacija2\vendor\doctrine\dbal\lib\Doctrine\DBAL\Connection.php(400): Doctrine\DBAL\Driver\Mysqli\Driver->connect(Array, 'root', '', Array)
#4 C:\wamp64\www\vakcinacija\WebImplementacija\vakcinacija2\vendor\doctrine\dbal\lib\Doctrine\DBAL\Connection.php(463): Doctrine\DBAL\Connection->connect()
#5 C:\wamp64\www\vakcinacija\WebImplementacija\vakcinacija2\vendor\doctrine\dbal\lib\Doctrine\DBAL\Connection.php(425): Doctrine\DBAL\Connection->getDatabasePlatformVersion()
#6 C:\wamp64\www\vakcinacija\WebImplementacija\vakcinacija2\vendor\doctrine\dbal\lib\Doctrine\DBAL\Connection.php(367): Doctrine\DBAL\Connection->detectDatabasePlatform()
#7 C:\wamp64\www\vakcinacija\WebImplementacija\vakcinacija2\app\Libraries\Doctrine.php(52): Doctrine\DBAL\Connection->getDatabasePlatform()
#8 C:\wamp64\www\vakcinacija\WebImplementacija\vakcinacija2\app\Config\Services.php(31): App\Libraries\Doctrine->__construct()
#9 C:\wamp64\www\vakcinacija\WebImplementacija\vakcinacija2\vendor\codeigniter4\framework\system\Config\BaseService.php(192): Config\Services::doctrine(false)
#10 C:\wamp64\www\vakcinacija\WebImplementacija\vakcinacija2\app\Config\Services.php(28): CodeIgniter\Config\BaseService::getSharedInstance('doctrine')
#11 C:\wamp64\www\vakcinacija\WebImplementacija\vakcinacija2\app\Controllers\BaseController.php(60): Config\Services::doctrine()
#12 C:\wamp64\www\vakcinacija\WebImplementacija\vakcinacija2\vendor\codeigniter4\framework\system\CodeIgniter.php(904): App\Controllers\BaseController->initController(Object(CodeIgniter\HTTP\IncomingRequest), Object(CodeIgniter\HTTP\Response), Object(CodeIgniter\Log\Logger))
#13 C:\wamp64\www\vakcinacija\WebImplementacija\vakcinacija2\vendor\codeigniter4\framework\system\CodeIgniter.php(429): CodeIgniter\CodeIgniter->createController()
#14 C:\wamp64\www\vakcinacija\WebImplementacija\vakcinacija2\vendor\codeigniter4\framework\system\CodeIgniter.php(339): CodeIgniter\CodeIgniter->handleRequest(NULL, Object(Config\Cache), false)
#15 C:\wamp64\www\vakcinacija\WebImplementacija\vakcinacija2\public\index.php(36): CodeIgniter\CodeIgniter->run()
#16 C:\wamp64\www\vakcinacija\WebImplementacija\vakcinacija2\vendor\codeigniter4\framework\system\Commands\Server\rewrite.php(45): require_once('C:\\wamp64\\www\\v...')
#17 {main}
CRITICAL - 2021-05-30 18:44:30 --> Uncaught ErrorException: print_r(): Property access is not allowed yet in C:\wamp64\www\vakcinacija\WebImplementacija\vakcinacija2\app\Views\errors\html\error_exception.php:99
Stack trace:
#0 [internal function]: CodeIgniter\Debug\Exceptions->errorHandler(2, 'print_r(): Prop...', 'C:\\wamp64\\www\\v...', 99, Array)
#1 C:\wamp64\www\vakcinacija\WebImplementacija\vakcinacija2\app\Views\errors\html\error_exception.php(99): print_r(Object(Doctrine\DBAL\Driver\Mysqli\Exception\ConnectionFailed), true)
#2 C:\wamp64\www\vakcinacija\WebImplementacija\vakcinacija2\vendor\codeigniter4\framework\system\Debug\Exceptions.php(278): include('C:\\wamp64\\www\\v...')
#3 C:\wamp64\www\vakcinacija\WebImplementacija\vakcinacija2\vendor\codeigniter4\framework\system\Debug\Exceptions.php(147): CodeIgniter\Debug\Exceptions->render(Object(Doctrine\DBAL\Exception\ConnectionException), 500)
#4 [internal function]: CodeIgniter\Debug\Exceptions->exceptionHandler(Object(Doctrine\DBAL\Exception\ConnectionException))
#5 {main}
  thrown
#0 [internal function]: CodeIgniter\Debug\Exceptions->shutdownHandler()
#1 {main}
CRITICAL - 2021-05-30 18:44:55 --> An exception occurred in driver: No connection could be made because the target machine actively refused it.

#0 C:\wamp64\www\vakcinacija\WebImplementacija\vakcinacija2\vendor\doctrine\dbal\lib\Doctrine\DBAL\DBALException.php(182): Doctrine\DBAL\Driver\AbstractMySQLDriver->convertException('An exception oc...', Object(Doctrine\DBAL\Driver\Mysqli\Exception\ConnectionFailed))
#1 C:\wamp64\www\vakcinacija\WebImplementacija\vakcinacija2\vendor\doctrine\dbal\lib\Doctrine\DBAL\DBALException.php(169): Doctrine\DBAL\DBALException::wrapException(Object(Doctrine\DBAL\Driver\Mysqli\Driver), Object(Doctrine\DBAL\Driver\Mysqli\Exception\ConnectionFailed), 'An exception oc...')
#2 C:\wamp64\www\vakcinacija\WebImplementacija\vakcinacija2\vendor\doctrine\dbal\lib\Doctrine\DBAL\Driver\Mysqli\Driver.php(19): Doctrine\DBAL\DBALException::driverException(Object(Doctrine\DBAL\Driver\Mysqli\Driver), Object(Doctrine\DBAL\Driver\Mysqli\Exception\ConnectionFailed))
#3 C:\wamp64\www\vakcinacija\WebImplementacija\vakcinacija2\vendor\doctrine\dbal\lib\Doctrine\DBAL\Connection.php(400): Doctrine\DBAL\Driver\Mysqli\Driver->connect(Array, 'root', '', Array)
#4 C:\wamp64\www\vakcinacija\WebImplementacija\vakcinacija2\vendor\doctrine\dbal\lib\Doctrine\DBAL\Connection.php(463): Doctrine\DBAL\Connection->connect()
#5 C:\wamp64\www\vakcinacija\WebImplementacija\vakcinacija2\vendor\doctrine\dbal\lib\Doctrine\DBAL\Connection.php(425): Doctrine\DBAL\Connection->getDatabasePlatformVersion()
#6 C:\wamp64\www\vakcinacija\WebImplementacija\vakcinacija2\vendor\doctrine\dbal\lib\Doctrine\DBAL\Connection.php(367): Doctrine\DBAL\Connection->detectDatabasePlatform()
#7 C:\wamp64\www\vakcinacija\WebImplementacija\vakcinacija2\app\Libraries\Doctrine.php(52): Doctrine\DBAL\Connection->getDatabasePlatform()
#8 C:\wamp64\www\vakcinacija\WebImplementacija\vakcinacija2\app\Config\Services.php(31): App\Libraries\Doctrine->__construct()
#9 C:\wamp64\www\vakcinacija\WebImplementacija\vakcinacija2\vendor\codeigniter4\framework\system\Config\BaseService.php(192): Config\Services::doctrine(false)
#10 C:\wamp64\www\vakcinacija\WebImplementacija\vakcinacija2\app\Config\Services.php(28): CodeIgniter\Config\BaseService::getSharedInstance('doctrine')
#11 C:\wamp64\www\vakcinacija\WebImplementacija\vakcinacija2\app\Controllers\BaseController.php(60): Config\Services::doctrine()
#12 C:\wamp64\www\vakcinacija\WebImplementacija\vakcinacija2\vendor\codeigniter4\framework\system\CodeIgniter.php(904): App\Controllers\BaseController->initController(Object(CodeIgniter\HTTP\IncomingRequest), Object(CodeIgniter\HTTP\Response), Object(CodeIgniter\Log\Logger))
#13 C:\wamp64\www\vakcinacija\WebImplementacija\vakcinacija2\vendor\codeigniter4\framework\system\CodeIgniter.php(429): CodeIgniter\CodeIgniter->createController()
#14 C:\wamp64\www\vakcinacija\WebImplementacija\vakcinacija2\vendor\codeigniter4\framework\system\CodeIgniter.php(339): CodeIgniter\CodeIgniter->handleRequest(NULL, Object(Config\Cache), false)
#15 C:\wamp64\www\vakcinacija\WebImplementacija\vakcinacija2\public\index.php(36): CodeIgniter\CodeIgniter->run()
#16 C:\wamp64\www\vakcinacija\WebImplementacija\vakcinacija2\vendor\codeigniter4\framework\system\Commands\Server\rewrite.php(45): require_once('C:\\wamp64\\www\\v...')
#17 {main}
CRITICAL - 2021-05-30 18:44:55 --> Uncaught ErrorException: print_r(): Property access is not allowed yet in C:\wamp64\www\vakcinacija\WebImplementacija\vakcinacija2\app\Views\errors\html\error_exception.php:99
Stack trace:
#0 [internal function]: CodeIgniter\Debug\Exceptions->errorHandler(2, 'print_r(): Prop...', 'C:\\wamp64\\www\\v...', 99, Array)
#1 C:\wamp64\www\vakcinacija\WebImplementacija\vakcinacija2\app\Views\errors\html\error_exception.php(99): print_r(Object(Doctrine\DBAL\Driver\Mysqli\Exception\ConnectionFailed), true)
#2 C:\wamp64\www\vakcinacija\WebImplementacija\vakcinacija2\vendor\codeigniter4\framework\system\Debug\Exceptions.php(278): include('C:\\wamp64\\www\\v...')
#3 C:\wamp64\www\vakcinacija\WebImplementacija\vakcinacija2\vendor\codeigniter4\framework\system\Debug\Exceptions.php(147): CodeIgniter\Debug\Exceptions->render(Object(Doctrine\DBAL\Exception\ConnectionException), 500)
#4 [internal function]: CodeIgniter\Debug\Exceptions->exceptionHandler(Object(Doctrine\DBAL\Exception\ConnectionException))
#5 {main}
  thrown
#0 [internal function]: CodeIgniter\Debug\Exceptions->shutdownHandler()
#1 {main}
CRITICAL - 2021-05-30 18:45:20 --> An exception occurred in driver: No connection could be made because the target machine actively refused it.

#0 C:\wamp64\www\vakcinacija\WebImplementacija\vakcinacija2\vendor\doctrine\dbal\lib\Doctrine\DBAL\DBALException.php(182): Doctrine\DBAL\Driver\AbstractMySQLDriver->convertException('An exception oc...', Object(Doctrine\DBAL\Driver\Mysqli\Exception\ConnectionFailed))
#1 C:\wamp64\www\vakcinacija\WebImplementacija\vakcinacija2\vendor\doctrine\dbal\lib\Doctrine\DBAL\DBALException.php(169): Doctrine\DBAL\DBALException::wrapException(Object(Doctrine\DBAL\Driver\Mysqli\Driver), Object(Doctrine\DBAL\Driver\Mysqli\Exception\ConnectionFailed), 'An exception oc...')
#2 C:\wamp64\www\vakcinacija\WebImplementacija\vakcinacija2\vendor\doctrine\dbal\lib\Doctrine\DBAL\Driver\Mysqli\Driver.php(19): Doctrine\DBAL\DBALException::driverException(Object(Doctrine\DBAL\Driver\Mysqli\Driver), Object(Doctrine\DBAL\Driver\Mysqli\Exception\ConnectionFailed))
#3 C:\wamp64\www\vakcinacija\WebImplementacija\vakcinacija2\vendor\doctrine\dbal\lib\Doctrine\DBAL\Connection.php(400): Doctrine\DBAL\Driver\Mysqli\Driver->connect(Array, 'root', '', Array)
#4 C:\wamp64\www\vakcinacija\WebImplementacija\vakcinacija2\vendor\doctrine\dbal\lib\Doctrine\DBAL\Connection.php(463): Doctrine\DBAL\Connection->connect()
#5 C:\wamp64\www\vakcinacija\WebImplementacija\vakcinacija2\vendor\doctrine\dbal\lib\Doctrine\DBAL\Connection.php(425): Doctrine\DBAL\Connection->getDatabasePlatformVersion()
#6 C:\wamp64\www\vakcinacija\WebImplementacija\vakcinacija2\vendor\doctrine\dbal\lib\Doctrine\DBAL\Connection.php(367): Doctrine\DBAL\Connection->detectDatabasePlatform()
#7 C:\wamp64\www\vakcinacija\WebImplementacija\vakcinacija2\app\Libraries\Doctrine.php(52): Doctrine\DBAL\Connection->getDatabasePlatform()
#8 C:\wamp64\www\vakcinacija\WebImplementacija\vakcinacija2\app\Config\Services.php(31): App\Libraries\Doctrine->__construct()
#9 C:\wamp64\www\vakcinacija\WebImplementacija\vakcinacija2\vendor\codeigniter4\framework\system\Config\BaseService.php(192): Config\Services::doctrine(false)
#10 C:\wamp64\www\vakcinacija\WebImplementacija\vakcinacija2\app\Config\Services.php(28): CodeIgniter\Config\BaseService::getSharedInstance('doctrine')
#11 C:\wamp64\www\vakcinacija\WebImplementacija\vakcinacija2\app\Controllers\BaseController.php(60): Config\Services::doctrine()
#12 C:\wamp64\www\vakcinacija\WebImplementacija\vakcinacija2\vendor\codeigniter4\framework\system\CodeIgniter.php(904): App\Controllers\BaseController->initController(Object(CodeIgniter\HTTP\IncomingRequest), Object(CodeIgniter\HTTP\Response), Object(CodeIgniter\Log\Logger))
#13 C:\wamp64\www\vakcinacija\WebImplementacija\vakcinacija2\vendor\codeigniter4\framework\system\CodeIgniter.php(429): CodeIgniter\CodeIgniter->createController()
#14 C:\wamp64\www\vakcinacija\WebImplementacija\vakcinacija2\vendor\codeigniter4\framework\system\CodeIgniter.php(339): CodeIgniter\CodeIgniter->handleRequest(NULL, Object(Config\Cache), false)
#15 C:\wamp64\www\vakcinacija\WebImplementacija\vakcinacija2\public\index.php(36): CodeIgniter\CodeIgniter->run()
#16 C:\wamp64\www\vakcinacija\WebImplementacija\vakcinacija2\vendor\codeigniter4\framework\system\Commands\Server\rewrite.php(45): require_once('C:\\wamp64\\www\\v...')
#17 {main}
CRITICAL - 2021-05-30 18:45:20 --> Uncaught ErrorException: print_r(): Property access is not allowed yet in C:\wamp64\www\vakcinacija\WebImplementacija\vakcinacija2\app\Views\errors\html\error_exception.php:99
Stack trace:
#0 [internal function]: CodeIgniter\Debug\Exceptions->errorHandler(2, 'print_r(): Prop...', 'C:\\wamp64\\www\\v...', 99, Array)
#1 C:\wamp64\www\vakcinacija\WebImplementacija\vakcinacija2\app\Views\errors\html\error_exception.php(99): print_r(Object(Doctrine\DBAL\Driver\Mysqli\Exception\ConnectionFailed), true)
#2 C:\wamp64\www\vakcinacija\WebImplementacija\vakcinacija2\vendor\codeigniter4\framework\system\Debug\Exceptions.php(278): include('C:\\wamp64\\www\\v...')
#3 C:\wamp64\www\vakcinacija\WebImplementacija\vakcinacija2\vendor\codeigniter4\framework\system\Debug\Exceptions.php(147): CodeIgniter\Debug\Exceptions->render(Object(Doctrine\DBAL\Exception\ConnectionException), 500)
#4 [internal function]: CodeIgniter\Debug\Exceptions->exceptionHandler(Object(Doctrine\DBAL\Exception\ConnectionException))
#5 {main}
  thrown
#0 [internal function]: CodeIgniter\Debug\Exceptions->shutdownHandler()
#1 {main}
CRITICAL - 2021-05-30 18:46:21 --> Call to a member function getJmbg() on null
#0 C:\wamp64\www\vakcinacija\WebImplementacija\vakcinacija2\vendor\codeigniter4\framework\system\CodeIgniter.php(931): App\Controllers\Gost->registracijaSubmit()
#1 C:\wamp64\www\vakcinacija\WebImplementacija\vakcinacija2\vendor\codeigniter4\framework\system\CodeIgniter.php(439): CodeIgniter\CodeIgniter->runController(Object(App\Controllers\Gost))
#2 C:\wamp64\www\vakcinacija\WebImplementacija\vakcinacija2\vendor\codeigniter4\framework\system\CodeIgniter.php(339): CodeIgniter\CodeIgniter->handleRequest(NULL, Object(Config\Cache), false)
#3 C:\wamp64\www\vakcinacija\WebImplementacija\vakcinacija2\public\index.php(36): CodeIgniter\CodeIgniter->run()
#4 C:\wamp64\www\vakcinacija\WebImplementacija\vakcinacija2\vendor\codeigniter4\framework\system\Commands\Server\rewrite.php(45): require_once('C:\\wamp64\\www\\v...')
#5 {main}
CRITICAL - 2021-05-30 18:46:41 --> Call to a member function getJmbg() on null
#0 C:\wamp64\www\vakcinacija\WebImplementacija\vakcinacija2\vendor\codeigniter4\framework\system\CodeIgniter.php(931): App\Controllers\Gost->registracijaSubmit()
#1 C:\wamp64\www\vakcinacija\WebImplementacija\vakcinacija2\vendor\codeigniter4\framework\system\CodeIgniter.php(439): CodeIgniter\CodeIgniter->runController(Object(App\Controllers\Gost))
#2 C:\wamp64\www\vakcinacija\WebImplementacija\vakcinacija2\vendor\codeigniter4\framework\system\CodeIgniter.php(339): CodeIgniter\CodeIgniter->handleRequest(NULL, Object(Config\Cache), false)
#3 C:\wamp64\www\vakcinacija\WebImplementacija\vakcinacija2\public\index.php(36): CodeIgniter\CodeIgniter->run()
#4 C:\wamp64\www\vakcinacija\WebImplementacija\vakcinacija2\vendor\codeigniter4\framework\system\Commands\Server\rewrite.php(45): require_once('C:\\wamp64\\www\\v...')
#5 {main}
CRITICAL - 2021-05-30 18:47:27 --> Array to string conversion
#0 C:\wamp64\www\vakcinacija\WebImplementacija\vakcinacija2\app\Controllers\Gost.php(92): CodeIgniter\Debug\Exceptions->errorHandler(8, 'Array to string...', 'C:\\wamp64\\www\\v...', 92, Array)
#1 C:\wamp64\www\vakcinacija\WebImplementacija\vakcinacija2\vendor\codeigniter4\framework\system\CodeIgniter.php(931): App\Controllers\Gost->registracijaSubmit()
#2 C:\wamp64\www\vakcinacija\WebImplementacija\vakcinacija2\vendor\codeigniter4\framework\system\CodeIgniter.php(439): CodeIgniter\CodeIgniter->runController(Object(App\Controllers\Gost))
#3 C:\wamp64\www\vakcinacija\WebImplementacija\vakcinacija2\vendor\codeigniter4\framework\system\CodeIgniter.php(339): CodeIgniter\CodeIgniter->handleRequest(NULL, Object(Config\Cache), false)
#4 C:\wamp64\www\vakcinacija\WebImplementacija\vakcinacija2\public\index.php(36): CodeIgniter\CodeIgniter->run()
#5 C:\wamp64\www\vakcinacija\WebImplementacija\vakcinacija2\vendor\codeigniter4\framework\system\Commands\Server\rewrite.php(45): require_once('C:\\wamp64\\www\\v...')
#6 {main}
CRITICAL - 2021-05-30 18:47:27 --> Allowed memory size of 134217728 bytes exhausted (tried to allocate 62918656 bytes)
#0 [internal function]: CodeIgniter\Debug\Exceptions->shutdownHandler()
#1 {main}
CRITICAL - 2021-05-30 18:47:52 --> Call to undefined function App\Controllers\size()
#0 C:\wamp64\www\vakcinacija\WebImplementacija\vakcinacija2\vendor\codeigniter4\framework\system\CodeIgniter.php(931): App\Controllers\Gost->registracijaSubmit()
#1 C:\wamp64\www\vakcinacija\WebImplementacija\vakcinacija2\vendor\codeigniter4\framework\system\CodeIgniter.php(439): CodeIgniter\CodeIgniter->runController(Object(App\Controllers\Gost))
#2 C:\wamp64\www\vakcinacija\WebImplementacija\vakcinacija2\vendor\codeigniter4\framework\system\CodeIgniter.php(339): CodeIgniter\CodeIgniter->handleRequest(NULL, Object(Config\Cache), false)
#3 C:\wamp64\www\vakcinacija\WebImplementacija\vakcinacija2\public\index.php(36): CodeIgniter\CodeIgniter->run()
#4 C:\wamp64\www\vakcinacija\WebImplementacija\vakcinacija2\vendor\codeigniter4\framework\system\Commands\Server\rewrite.php(45): require_once('C:\\wamp64\\www\\v...')
#5 {main}
CRITICAL - 2021-05-30 18:47:52 --> Allowed memory size of 134217728 bytes exhausted (tried to allocate 65015808 bytes)
#0 [internal function]: CodeIgniter\Debug\Exceptions->shutdownHandler()
#1 {main}
CRITICAL - 2021-05-30 18:48:20 --> Call to undefined function App\Controllers\size()
#0 C:\wamp64\www\vakcinacija\WebImplementacija\vakcinacija2\vendor\codeigniter4\framework\system\CodeIgniter.php(931): App\Controllers\Gost->registracijaSubmit()
#1 C:\wamp64\www\vakcinacija\WebImplementacija\vakcinacija2\vendor\codeigniter4\framework\system\CodeIgniter.php(439): CodeIgniter\CodeIgniter->runController(Object(App\Controllers\Gost))
#2 C:\wamp64\www\vakcinacija\WebImplementacija\vakcinacija2\vendor\codeigniter4\framework\system\CodeIgniter.php(339): CodeIgniter\CodeIgniter->handleRequest(NULL, Object(Config\Cache), false)
#3 C:\wamp64\www\vakcinacija\WebImplementacija\vakcinacija2\public\index.php(36): CodeIgniter\CodeIgniter->run()
#4 C:\wamp64\www\vakcinacija\WebImplementacija\vakcinacija2\vendor\codeigniter4\framework\system\Commands\Server\rewrite.php(45): require_once('C:\\wamp64\\www\\v...')
#5 {main}
CRITICAL - 2021-05-30 18:48:37 --> Call to undefined function App\Controllers\size()
#0 C:\wamp64\www\vakcinacija\WebImplementacija\vakcinacija2\vendor\codeigniter4\framework\system\CodeIgniter.php(931): App\Controllers\Gost->registracijaSubmit()
#1 C:\wamp64\www\vakcinacija\WebImplementacija\vakcinacija2\vendor\codeigniter4\framework\system\CodeIgniter.php(439): CodeIgniter\CodeIgniter->runController(Object(App\Controllers\Gost))
#2 C:\wamp64\www\vakcinacija\WebImplementacija\vakcinacija2\vendor\codeigniter4\framework\system\CodeIgniter.php(339): CodeIgniter\CodeIgniter->handleRequest(NULL, Object(Config\Cache), false)
#3 C:\wamp64\www\vakcinacija\WebImplementacija\vakcinacija2\public\index.php(36): CodeIgniter\CodeIgniter->run()
#4 C:\wamp64\www\vakcinacija\WebImplementacija\vakcinacija2\vendor\codeigniter4\framework\system\Commands\Server\rewrite.php(45): require_once('C:\\wamp64\\www\\v...')
#5 {main}
CRITICAL - 2021-05-30 18:48:38 --> Allowed memory size of 134217728 bytes exhausted (tried to allocate 65015808 bytes)
#0 [internal function]: CodeIgniter\Debug\Exceptions->shutdownHandler()
#1 {main}
CRITICAL - 2021-05-30 18:49:03 --> Array to string conversion
#0 C:\wamp64\www\vakcinacija\WebImplementacija\vakcinacija2\app\Controllers\Gost.php(92): CodeIgniter\Debug\Exceptions->errorHandler(8, 'Array to string...', 'C:\\wamp64\\www\\v...', 92, Array)
#1 C:\wamp64\www\vakcinacija\WebImplementacija\vakcinacija2\vendor\codeigniter4\framework\system\CodeIgniter.php(931): App\Controllers\Gost->registracijaSubmit()
#2 C:\wamp64\www\vakcinacija\WebImplementacija\vakcinacija2\vendor\codeigniter4\framework\system\CodeIgniter.php(439): CodeIgniter\CodeIgniter->runController(Object(App\Controllers\Gost))
#3 C:\wamp64\www\vakcinacija\WebImplementacija\vakcinacija2\vendor\codeigniter4\framework\system\CodeIgniter.php(339): CodeIgniter\CodeIgniter->handleRequest(NULL, Object(Config\Cache), false)
#4 C:\wamp64\www\vakcinacija\WebImplementacija\vakcinacija2\public\index.php(36): CodeIgniter\CodeIgniter->run()
#5 C:\wamp64\www\vakcinacija\WebImplementacija\vakcinacija2\vendor\codeigniter4\framework\system\Commands\Server\rewrite.php(45): require_once('C:\\wamp64\\www\\v...')
#6 {main}
CRITICAL - 2021-05-30 18:49:03 --> Allowed memory size of 134217728 bytes exhausted (tried to allocate 65015808 bytes)
#0 [internal function]: CodeIgniter\Debug\Exceptions->shutdownHandler()
#1 {main}
CRITICAL - 2021-05-30 18:49:35 --> Call to a member function getJmbg() on null
#0 C:\wamp64\www\vakcinacija\WebImplementacija\vakcinacija2\vendor\codeigniter4\framework\system\CodeIgniter.php(931): App\Controllers\Gost->registracijaSubmit()
#1 C:\wamp64\www\vakcinacija\WebImplementacija\vakcinacija2\vendor\codeigniter4\framework\system\CodeIgniter.php(439): CodeIgniter\CodeIgniter->runController(Object(App\Controllers\Gost))
#2 C:\wamp64\www\vakcinacija\WebImplementacija\vakcinacija2\vendor\codeigniter4\framework\system\CodeIgniter.php(339): CodeIgniter\CodeIgniter->handleRequest(NULL, Object(Config\Cache), false)
#3 C:\wamp64\www\vakcinacija\WebImplementacija\vakcinacija2\public\index.php(36): CodeIgniter\CodeIgniter->run()
#4 C:\wamp64\www\vakcinacija\WebImplementacija\vakcinacija2\vendor\codeigniter4\framework\system\Commands\Server\rewrite.php(45): require_once('C:\\wamp64\\www\\v...')
#5 {main}
CRITICAL - 2021-05-30 18:49:59 --> Call to a member function getJmbg() on null
#0 C:\wamp64\www\vakcinacija\WebImplementacija\vakcinacija2\vendor\codeigniter4\framework\system\CodeIgniter.php(931): App\Controllers\Gost->registracijaSubmit()
#1 C:\wamp64\www\vakcinacija\WebImplementacija\vakcinacija2\vendor\codeigniter4\framework\system\CodeIgniter.php(439): CodeIgniter\CodeIgniter->runController(Object(App\Controllers\Gost))
#2 C:\wamp64\www\vakcinacija\WebImplementacija\vakcinacija2\vendor\codeigniter4\framework\system\CodeIgniter.php(339): CodeIgniter\CodeIgniter->handleRequest(NULL, Object(Config\Cache), false)
#3 C:\wamp64\www\vakcinacija\WebImplementacija\vakcinacija2\public\index.php(36): CodeIgniter\CodeIgniter->run()
#4 C:\wamp64\www\vakcinacija\WebImplementacija\vakcinacija2\vendor\codeigniter4\framework\system\Commands\Server\rewrite.php(45): require_once('C:\\wamp64\\www\\v...')
#5 {main}
CRITICAL - 2021-05-30 18:51:49 --> Call to a member function getJmbg() on null
#0 C:\wamp64\www\vakcinacija\WebImplementacija\vakcinacija2\vendor\codeigniter4\framework\system\CodeIgniter.php(931): App\Controllers\Gost->registracijaSubmit()
#1 C:\wamp64\www\vakcinacija\WebImplementacija\vakcinacija2\vendor\codeigniter4\framework\system\CodeIgniter.php(439): CodeIgniter\CodeIgniter->runController(Object(App\Controllers\Gost))
#2 C:\wamp64\www\vakcinacija\WebImplementacija\vakcinacija2\vendor\codeigniter4\framework\system\CodeIgniter.php(339): CodeIgniter\CodeIgniter->handleRequest(NULL, Object(Config\Cache), false)
#3 C:\wamp64\www\vakcinacija\WebImplementacija\vakcinacija2\public\index.php(36): CodeIgniter\CodeIgniter->run()
#4 C:\wamp64\www\vakcinacija\WebImplementacija\vakcinacija2\vendor\codeigniter4\framework\system\Commands\Server\rewrite.php(45): require_once('C:\\wamp64\\www\\v...')
#5 {main}
CRITICAL - 2021-05-30 19:15:52 --> Call to a member function getJmbg() on null
#0 C:\wamp64\www\vakcinacija\WebImplementacija\vakcinacija2\vendor\codeigniter4\framework\system\CodeIgniter.php(931): App\Controllers\Gost->registracijaSubmit()
#1 C:\wamp64\www\vakcinacija\WebImplementacija\vakcinacija2\vendor\codeigniter4\framework\system\CodeIgniter.php(439): CodeIgniter\CodeIgniter->runController(Object(App\Controllers\Gost))
#2 C:\wamp64\www\vakcinacija\WebImplementacija\vakcinacija2\vendor\codeigniter4\framework\system\CodeIgniter.php(339): CodeIgniter\CodeIgniter->handleRequest(NULL, Object(Config\Cache), false)
#3 C:\wamp64\www\vakcinacija\WebImplementacija\vakcinacija2\public\index.php(36): CodeIgniter\CodeIgniter->run()
#4 C:\wamp64\www\vakcinacija\WebImplementacija\vakcinacija2\vendor\codeigniter4\framework\system\Commands\Server\rewrite.php(45): require_once('C:\\wamp64\\www\\v...')
#5 {main}
CRITICAL - 2021-05-30 19:16:26 --> Call to a member function getKorime() on null
#0 C:\wamp64\www\vakcinacija\WebImplementacija\vakcinacija2\vendor\codeigniter4\framework\system\CodeIgniter.php(931): App\Controllers\Gost->registracijaSubmit()
#1 C:\wamp64\www\vakcinacija\WebImplementacija\vakcinacija2\vendor\codeigniter4\framework\system\CodeIgniter.php(439): CodeIgniter\CodeIgniter->runController(Object(App\Controllers\Gost))
#2 C:\wamp64\www\vakcinacija\WebImplementacija\vakcinacija2\vendor\codeigniter4\framework\system\CodeIgniter.php(339): CodeIgniter\CodeIgniter->handleRequest(NULL, Object(Config\Cache), false)
#3 C:\wamp64\www\vakcinacija\WebImplementacija\vakcinacija2\public\index.php(36): CodeIgniter\CodeIgniter->run()
#4 C:\wamp64\www\vakcinacija\WebImplementacija\vakcinacija2\vendor\codeigniter4\framework\system\Commands\Server\rewrite.php(45): require_once('C:\\wamp64\\www\\v...')
#5 {main}
CRITICAL - 2021-05-30 19:24:09 --> Call to a member function getJmbg() on null
#0 C:\wamp64\www\vakcinacija\WebImplementacija\vakcinacija2\vendor\codeigniter4\framework\system\CodeIgniter.php(931): App\Controllers\Gost->registracijaSubmit()
#1 C:\wamp64\www\vakcinacija\WebImplementacija\vakcinacija2\vendor\codeigniter4\framework\system\CodeIgniter.php(439): CodeIgniter\CodeIgniter->runController(Object(App\Controllers\Gost))
#2 C:\wamp64\www\vakcinacija\WebImplementacija\vakcinacija2\vendor\codeigniter4\framework\system\CodeIgniter.php(339): CodeIgniter\CodeIgniter->handleRequest(NULL, Object(Config\Cache), false)
#3 C:\wamp64\www\vakcinacija\WebImplementacija\vakcinacija2\public\index.php(36): CodeIgniter\CodeIgniter->run()
#4 C:\wamp64\www\vakcinacija\WebImplementacija\vakcinacija2\vendor\codeigniter4\framework\system\Commands\Server\rewrite.php(45): require_once('C:\\wamp64\\www\\v...')
#5 {main}
CRITICAL - 2021-05-30 19:25:23 --> Call to a member function getJmbg() on null
#0 C:\wamp64\www\vakcinacija\WebImplementacija\vakcinacija2\vendor\codeigniter4\framework\system\CodeIgniter.php(931): App\Controllers\Gost->registracijaSubmit()
#1 C:\wamp64\www\vakcinacija\WebImplementacija\vakcinacija2\vendor\codeigniter4\framework\system\CodeIgniter.php(439): CodeIgniter\CodeIgniter->runController(Object(App\Controllers\Gost))
#2 C:\wamp64\www\vakcinacija\WebImplementacija\vakcinacija2\vendor\codeigniter4\framework\system\CodeIgniter.php(339): CodeIgniter\CodeIgniter->handleRequest(NULL, Object(Config\Cache), false)
#3 C:\wamp64\www\vakcinacija\WebImplementacija\vakcinacija2\public\index.php(36): CodeIgniter\CodeIgniter->run()
#4 C:\wamp64\www\vakcinacija\WebImplementacija\vakcinacija2\vendor\codeigniter4\framework\system\Commands\Server\rewrite.php(45): require_once('C:\\wamp64\\www\\v...')
#5 {main}
CRITICAL - 2021-05-30 19:27:24 --> Undefined method "where". The method name must start with either findBy, findOneBy or countBy!
#0 C:\wamp64\www\vakcinacija\WebImplementacija\vakcinacija2\app\Controllers\Gost.php(93): Doctrine\ORM\EntityRepository->__call('where', Array)
#1 C:\wamp64\www\vakcinacija\WebImplementacija\vakcinacija2\vendor\codeigniter4\framework\system\CodeIgniter.php(931): App\Controllers\Gost->registracijaSubmit()
#2 C:\wamp64\www\vakcinacija\WebImplementacija\vakcinacija2\vendor\codeigniter4\framework\system\CodeIgniter.php(439): CodeIgniter\CodeIgniter->runController(Object(App\Controllers\Gost))
#3 C:\wamp64\www\vakcinacija\WebImplementacija\vakcinacija2\vendor\codeigniter4\framework\system\CodeIgniter.php(339): CodeIgniter\CodeIgniter->handleRequest(NULL, Object(Config\Cache), false)
#4 C:\wamp64\www\vakcinacija\WebImplementacija\vakcinacija2\public\index.php(36): CodeIgniter\CodeIgniter->run()
#5 C:\wamp64\www\vakcinacija\WebImplementacija\vakcinacija2\vendor\codeigniter4\framework\system\Commands\Server\rewrite.php(45): require_once('C:\\wamp64\\www\\v...')
#6 {main}
CRITICAL - 2021-05-30 19:29:24 --> Call to a member function getEmail() on null
#0 C:\wamp64\www\vakcinacija\WebImplementacija\vakcinacija2\vendor\codeigniter4\framework\system\CodeIgniter.php(931): App\Controllers\Gost->registracijaSubmit()
#1 C:\wamp64\www\vakcinacija\WebImplementacija\vakcinacija2\vendor\codeigniter4\framework\system\CodeIgniter.php(439): CodeIgniter\CodeIgniter->runController(Object(App\Controllers\Gost))
#2 C:\wamp64\www\vakcinacija\WebImplementacija\vakcinacija2\vendor\codeigniter4\framework\system\CodeIgniter.php(339): CodeIgniter\CodeIgniter->handleRequest(NULL, Object(Config\Cache), false)
#3 C:\wamp64\www\vakcinacija\WebImplementacija\vakcinacija2\public\index.php(36): CodeIgniter\CodeIgniter->run()
#4 C:\wamp64\www\vakcinacija\WebImplementacija\vakcinacija2\vendor\codeigniter4\framework\system\Commands\Server\rewrite.php(45): require_once('C:\\wamp64\\www\\v...')
#5 {main}
CRITICAL - 2021-05-30 19:30:21 --> Call to a member function getEmail() on null
#0 C:\wamp64\www\vakcinacija\WebImplementacija\vakcinacija2\vendor\codeigniter4\framework\system\CodeIgniter.php(931): App\Controllers\Gost->registracijaSubmit()
#1 C:\wamp64\www\vakcinacija\WebImplementacija\vakcinacija2\vendor\codeigniter4\framework\system\CodeIgniter.php(439): CodeIgniter\CodeIgniter->runController(Object(App\Controllers\Gost))
#2 C:\wamp64\www\vakcinacija\WebImplementacija\vakcinacija2\vendor\codeigniter4\framework\system\CodeIgniter.php(339): CodeIgniter\CodeIgniter->handleRequest(NULL, Object(Config\Cache), false)
#3 C:\wamp64\www\vakcinacija\WebImplementacija\vakcinacija2\public\index.php(36): CodeIgniter\CodeIgniter->run()
#4 C:\wamp64\www\vakcinacija\WebImplementacija\vakcinacija2\vendor\codeigniter4\framework\system\Commands\Server\rewrite.php(45): require_once('C:\\wamp64\\www\\v...')
#5 {main}
CRITICAL - 2021-05-30 19:33:59 --> Call to a member function getEmail() on array
#0 C:\wamp64\www\vakcinacija\WebImplementacija\vakcinacija2\vendor\codeigniter4\framework\system\CodeIgniter.php(931): App\Controllers\Gost->registracijaSubmit()
#1 C:\wamp64\www\vakcinacija\WebImplementacija\vakcinacija2\vendor\codeigniter4\framework\system\CodeIgniter.php(439): CodeIgniter\CodeIgniter->runController(Object(App\Controllers\Gost))
#2 C:\wamp64\www\vakcinacija\WebImplementacija\vakcinacija2\vendor\codeigniter4\framework\system\CodeIgniter.php(339): CodeIgniter\CodeIgniter->handleRequest(NULL, Object(Config\Cache), false)
#3 C:\wamp64\www\vakcinacija\WebImplementacija\vakcinacija2\public\index.php(36): CodeIgniter\CodeIgniter->run()
#4 C:\wamp64\www\vakcinacija\WebImplementacija\vakcinacija2\vendor\codeigniter4\framework\system\Commands\Server\rewrite.php(45): require_once('C:\\wamp64\\www\\v...')
#5 {main}
CRITICAL - 2021-05-30 19:33:59 --> Allowed memory size of 134217728 bytes exhausted (tried to allocate 62918656 bytes)
#0 [internal function]: CodeIgniter\Debug\Exceptions->shutdownHandler()
#1 {main}
CRITICAL - 2021-05-30 19:34:34 --> The identifier jmbg is missing for a query of App\Models\Entities\Gradjanin
#0 C:\wamp64\www\vakcinacija\WebImplementacija\vakcinacija2\vendor\doctrine\orm\lib\Doctrine\ORM\EntityManager.php(433): Doctrine\ORM\ORMException::missingIdentifierField('App\\Models\\Enti...', 'jmbg')
#1 C:\wamp64\www\vakcinacija\WebImplementacija\vakcinacija2\vendor\doctrine\orm\lib\Doctrine\ORM\EntityRepository.php(190): Doctrine\ORM\EntityManager->find('App\\Models\\Enti...', Array, NULL, NULL)
#2 C:\wamp64\www\vakcinacija\WebImplementacija\vakcinacija2\app\Controllers\Gost.php(93): Doctrine\ORM\EntityRepository->find(Array)
#3 C:\wamp64\www\vakcinacija\WebImplementacija\vakcinacija2\vendor\codeigniter4\framework\system\CodeIgniter.php(931): App\Controllers\Gost->registracijaSubmit()
#4 C:\wamp64\www\vakcinacija\WebImplementacija\vakcinacija2\vendor\codeigniter4\framework\system\CodeIgniter.php(439): CodeIgniter\CodeIgniter->runController(Object(App\Controllers\Gost))
#5 C:\wamp64\www\vakcinacija\WebImplementacija\vakcinacija2\vendor\codeigniter4\framework\system\CodeIgniter.php(339): CodeIgniter\CodeIgniter->handleRequest(NULL, Object(Config\Cache), false)
#6 C:\wamp64\www\vakcinacija\WebImplementacija\vakcinacija2\public\index.php(36): CodeIgniter\CodeIgniter->run()
#7 C:\wamp64\www\vakcinacija\WebImplementacija\vakcinacija2\vendor\codeigniter4\framework\system\Commands\Server\rewrite.php(45): require_once('C:\\wamp64\\www\\v...')
#8 {main}
CRITICAL - 2021-05-30 19:40:11 --> Call to a member function getEmail() on array
#0 C:\wamp64\www\vakcinacija\WebImplementacija\vakcinacija2\vendor\codeigniter4\framework\system\CodeIgniter.php(931): App\Controllers\Gost->registracijaSubmit()
#1 C:\wamp64\www\vakcinacija\WebImplementacija\vakcinacija2\vendor\codeigniter4\framework\system\CodeIgniter.php(439): CodeIgniter\CodeIgniter->runController(Object(App\Controllers\Gost))
#2 C:\wamp64\www\vakcinacija\WebImplementacija\vakcinacija2\vendor\codeigniter4\framework\system\CodeIgniter.php(339): CodeIgniter\CodeIgniter->handleRequest(NULL, Object(Config\Cache), false)
#3 C:\wamp64\www\vakcinacija\WebImplementacija\vakcinacija2\public\index.php(36): CodeIgniter\CodeIgniter->run()
#4 C:\wamp64\www\vakcinacija\WebImplementacija\vakcinacija2\vendor\codeigniter4\framework\system\Commands\Server\rewrite.php(45): require_once('C:\\wamp64\\www\\v...')
#5 {main}
CRITICAL - 2021-05-30 19:40:11 --> Allowed memory size of 134217728 bytes exhausted (tried to allocate 62918656 bytes)
#0 [internal function]: CodeIgniter\Debug\Exceptions->shutdownHandler()
#1 {main}
CRITICAL - 2021-05-30 19:44:29 --> Call to a member function getEmail() on array
#0 C:\wamp64\www\vakcinacija\WebImplementacija\vakcinacija2\vendor\codeigniter4\framework\system\CodeIgniter.php(931): App\Controllers\Gost->registracijaSubmit()
#1 C:\wamp64\www\vakcinacija\WebImplementacija\vakcinacija2\vendor\codeigniter4\framework\system\CodeIgniter.php(439): CodeIgniter\CodeIgniter->runController(Object(App\Controllers\Gost))
#2 C:\wamp64\www\vakcinacija\WebImplementacija\vakcinacija2\vendor\codeigniter4\framework\system\CodeIgniter.php(339): CodeIgniter\CodeIgniter->handleRequest(NULL, Object(Config\Cache), false)
#3 C:\wamp64\www\vakcinacija\WebImplementacija\vakcinacija2\public\index.php(36): CodeIgniter\CodeIgniter->run()
#4 C:\wamp64\www\vakcinacija\WebImplementacija\vakcinacija2\vendor\codeigniter4\framework\system\Commands\Server\rewrite.php(45): require_once('C:\\wamp64\\www\\v...')
#5 {main}
CRITICAL - 2021-05-30 19:44:30 --> Allowed memory size of 134217728 bytes exhausted (tried to allocate 62918656 bytes)
#0 [internal function]: CodeIgniter\Debug\Exceptions->shutdownHandler()
#1 {main}
CRITICAL - 2021-05-30 19:50:07 --> Call to a member function getEmail() on array
#0 C:\wamp64\www\vakcinacija\WebImplementacija\vakcinacija2\vendor\codeigniter4\framework\system\CodeIgniter.php(931): App\Controllers\Gost->registracijaSubmit()
#1 C:\wamp64\www\vakcinacija\WebImplementacija\vakcinacija2\vendor\codeigniter4\framework\system\CodeIgniter.php(439): CodeIgniter\CodeIgniter->runController(Object(App\Controllers\Gost))
#2 C:\wamp64\www\vakcinacija\WebImplementacija\vakcinacija2\vendor\codeigniter4\framework\system\CodeIgniter.php(339): CodeIgniter\CodeIgniter->handleRequest(NULL, Object(Config\Cache), false)
#3 C:\wamp64\www\vakcinacija\WebImplementacija\vakcinacija2\public\index.php(36): CodeIgniter\CodeIgniter->run()
#4 C:\wamp64\www\vakcinacija\WebImplementacija\vakcinacija2\vendor\codeigniter4\framework\system\Commands\Server\rewrite.php(45): require_once('C:\\wamp64\\www\\v...')
#5 {main}
CRITICAL - 2021-05-30 19:50:07 --> Allowed memory size of 134217728 bytes exhausted (tried to allocate 65015808 bytes)
#0 [internal function]: CodeIgniter\Debug\Exceptions->shutdownHandler()
#1 {main}
CRITICAL - 2021-05-30 19:50:41 --> Call to a member function getEmail() on array
#0 C:\wamp64\www\vakcinacija\WebImplementacija\vakcinacija2\vendor\codeigniter4\framework\system\CodeIgniter.php(931): App\Controllers\Gost->registracijaSubmit()
#1 C:\wamp64\www\vakcinacija\WebImplementacija\vakcinacija2\vendor\codeigniter4\framework\system\CodeIgniter.php(439): CodeIgniter\CodeIgniter->runController(Object(App\Controllers\Gost))
#2 C:\wamp64\www\vakcinacija\WebImplementacija\vakcinacija2\vendor\codeigniter4\framework\system\CodeIgniter.php(339): CodeIgniter\CodeIgniter->handleRequest(NULL, Object(Config\Cache), false)
#3 C:\wamp64\www\vakcinacija\WebImplementacija\vakcinacija2\public\index.php(36): CodeIgniter\CodeIgniter->run()
#4 C:\wamp64\www\vakcinacija\WebImplementacija\vakcinacija2\vendor\codeigniter4\framework\system\Commands\Server\rewrite.php(45): require_once('C:\\wamp64\\www\\v...')
#5 {main}
CRITICAL - 2021-05-30 19:50:41 --> Allowed memory size of 134217728 bytes exhausted (tried to allocate 65015808 bytes)
#0 [internal function]: CodeIgniter\Debug\Exceptions->shutdownHandler()
#1 {main}
CRITICAL - 2021-05-30 19:52:23 --> Call to undefined method App\Controllers\Gost::getEntityMenager()
#0 C:\wamp64\www\vakcinacija\WebImplementacija\vakcinacija2\vendor\codeigniter4\framework\system\CodeIgniter.php(931): App\Controllers\Gost->registracijaSubmit()
#1 C:\wamp64\www\vakcinacija\WebImplementacija\vakcinacija2\vendor\codeigniter4\framework\system\CodeIgniter.php(439): CodeIgniter\CodeIgniter->runController(Object(App\Controllers\Gost))
#2 C:\wamp64\www\vakcinacija\WebImplementacija\vakcinacija2\vendor\codeigniter4\framework\system\CodeIgniter.php(339): CodeIgniter\CodeIgniter->handleRequest(NULL, Object(Config\Cache), false)
#3 C:\wamp64\www\vakcinacija\WebImplementacija\vakcinacija2\public\index.php(36): CodeIgniter\CodeIgniter->run()
#4 C:\wamp64\www\vakcinacija\WebImplementacija\vakcinacija2\vendor\codeigniter4\framework\system\Commands\Server\rewrite.php(45): require_once('C:\\wamp64\\www\\v...')
#5 {main}
CRITICAL - 2021-05-30 19:53:11 --> Undefined variable: entityMenager
#0 C:\wamp64\www\vakcinacija\WebImplementacija\vakcinacija2\app\Controllers\Gost.php(93): CodeIgniter\Debug\Exceptions->errorHandler(8, 'Undefined varia...', 'C:\\wamp64\\www\\v...', 93, Array)
#1 C:\wamp64\www\vakcinacija\WebImplementacija\vakcinacija2\vendor\codeigniter4\framework\system\CodeIgniter.php(931): App\Controllers\Gost->registracijaSubmit()
#2 C:\wamp64\www\vakcinacija\WebImplementacija\vakcinacija2\vendor\codeigniter4\framework\system\CodeIgniter.php(439): CodeIgniter\CodeIgniter->runController(Object(App\Controllers\Gost))
#3 C:\wamp64\www\vakcinacija\WebImplementacija\vakcinacija2\vendor\codeigniter4\framework\system\CodeIgniter.php(339): CodeIgniter\CodeIgniter->handleRequest(NULL, Object(Config\Cache), false)
#4 C:\wamp64\www\vakcinacija\WebImplementacija\vakcinacija2\public\index.php(36): CodeIgniter\CodeIgniter->run()
#5 C:\wamp64\www\vakcinacija\WebImplementacija\vakcinacija2\vendor\codeigniter4\framework\system\Commands\Server\rewrite.php(45): require_once('C:\\wamp64\\www\\v...')
#6 {main}
CRITICAL - 2021-05-30 19:53:28 --> Undefined variable: entityManager
#0 C:\wamp64\www\vakcinacija\WebImplementacija\vakcinacija2\app\Controllers\Gost.php(93): CodeIgniter\Debug\Exceptions->errorHandler(8, 'Undefined varia...', 'C:\\wamp64\\www\\v...', 93, Array)
#1 C:\wamp64\www\vakcinacija\WebImplementacija\vakcinacija2\vendor\codeigniter4\framework\system\CodeIgniter.php(931): App\Controllers\Gost->registracijaSubmit()
#2 C:\wamp64\www\vakcinacija\WebImplementacija\vakcinacija2\vendor\codeigniter4\framework\system\CodeIgniter.php(439): CodeIgniter\CodeIgniter->runController(Object(App\Controllers\Gost))
#3 C:\wamp64\www\vakcinacija\WebImplementacija\vakcinacija2\vendor\codeigniter4\framework\system\CodeIgniter.php(339): CodeIgniter\CodeIgniter->handleRequest(NULL, Object(Config\Cache), false)
#4 C:\wamp64\www\vakcinacija\WebImplementacija\vakcinacija2\public\index.php(36): CodeIgniter\CodeIgniter->run()
#5 C:\wamp64\www\vakcinacija\WebImplementacija\vakcinacija2\vendor\codeigniter4\framework\system\Commands\Server\rewrite.php(45): require_once('C:\\wamp64\\www\\v...')
#6 {main}
CRITICAL - 2021-05-30 19:54:01 --> Class 'Gradjanin' does not exist
#0 C:\wamp64\www\vakcinacija\WebImplementacija\vakcinacija2\vendor\doctrine\persistence\lib\Doctrine\Persistence\Mapping\RuntimeReflectionService.php(38): Doctrine\Persistence\Mapping\MappingException::nonExistingClass('Gradjanin')
#1 C:\wamp64\www\vakcinacija\WebImplementacija\vakcinacija2\vendor\doctrine\persistence\lib\Doctrine\Persistence\Mapping\AbstractClassMetadataFactory.php(326): Doctrine\Persistence\Mapping\RuntimeReflectionService->getParentClasses('Gradjanin')
#2 C:\wamp64\www\vakcinacija\WebImplementacija\vakcinacija2\vendor\doctrine\persistence\lib\Doctrine\Persistence\Mapping\AbstractClassMetadataFactory.php(360): Doctrine\Persistence\Mapping\AbstractClassMetadataFactory->getParentClasses('Gradjanin')
#3 C:\wamp64\www\vakcinacija\WebImplementacija\vakcinacija2\vendor\doctrine\orm\lib\Doctrine\ORM\Mapping\ClassMetadataFactory.php(85): Doctrine\Persistence\Mapping\AbstractClassMetadataFactory->loadMetadata('Gradjanin')
#4 C:\wamp64\www\vakcinacija\WebImplementacija\vakcinacija2\vendor\doctrine\persistence\lib\Doctrine\Persistence\Mapping\AbstractClassMetadataFactory.php(251): Doctrine\ORM\Mapping\ClassMetadataFactory->loadMetadata('Gradjanin')
#5 C:\wamp64\www\vakcinacija\WebImplementacija\vakcinacija2\vendor\doctrine\orm\lib\Doctrine\ORM\EntityManager.php(293): Doctrine\Persistence\Mapping\AbstractClassMetadataFactory->getMetadataFor('Gradjanin')
#6 C:\wamp64\www\vakcinacija\WebImplementacija\vakcinacija2\vendor\doctrine\orm\lib\Doctrine\ORM\Repository\DefaultRepositoryFactory.php(45): Doctrine\ORM\EntityManager->getClassMetadata('Gradjanin')
#7 C:\wamp64\www\vakcinacija\WebImplementacija\vakcinacija2\vendor\doctrine\orm\lib\Doctrine\ORM\EntityManager.php(768): Doctrine\ORM\Repository\DefaultRepositoryFactory->getRepository(Object(Doctrine\ORM\EntityManager), 'Gradjanin')
#8 C:\wamp64\www\vakcinacija\WebImplementacija\vakcinacija2\app\Controllers\Gost.php(93): Doctrine\ORM\EntityManager->getRepository('Gradjanin')
#9 C:\wamp64\www\vakcinacija\WebImplementacija\vakcinacija2\vendor\codeigniter4\framework\system\CodeIgniter.php(931): App\Controllers\Gost->registracijaSubmit()
#10 C:\wamp64\www\vakcinacija\WebImplementacija\vakcinacija2\vendor\codeigniter4\framework\system\CodeIgniter.php(439): CodeIgniter\CodeIgniter->runController(Object(App\Controllers\Gost))
#11 C:\wamp64\www\vakcinacija\WebImplementacija\vakcinacija2\vendor\codeigniter4\framework\system\CodeIgniter.php(339): CodeIgniter\CodeIgniter->handleRequest(NULL, Object(Config\Cache), false)
#12 C:\wamp64\www\vakcinacija\WebImplementacija\vakcinacija2\public\index.php(36): CodeIgniter\CodeIgniter->run()
#13 C:\wamp64\www\vakcinacija\WebImplementacija\vakcinacija2\vendor\codeigniter4\framework\system\Commands\Server\rewrite.php(45): require_once('C:\\wamp64\\www\\v...')
#14 {main}
CRITICAL - 2021-05-30 19:54:25 --> Call to a member function getEmail() on array
#0 C:\wamp64\www\vakcinacija\WebImplementacija\vakcinacija2\vendor\codeigniter4\framework\system\CodeIgniter.php(931): App\Controllers\Gost->registracijaSubmit()
#1 C:\wamp64\www\vakcinacija\WebImplementacija\vakcinacija2\vendor\codeigniter4\framework\system\CodeIgniter.php(439): CodeIgniter\CodeIgniter->runController(Object(App\Controllers\Gost))
#2 C:\wamp64\www\vakcinacija\WebImplementacija\vakcinacija2\vendor\codeigniter4\framework\system\CodeIgniter.php(339): CodeIgniter\CodeIgniter->handleRequest(NULL, Object(Config\Cache), false)
#3 C:\wamp64\www\vakcinacija\WebImplementacija\vakcinacija2\public\index.php(36): CodeIgniter\CodeIgniter->run()
#4 C:\wamp64\www\vakcinacija\WebImplementacija\vakcinacija2\vendor\codeigniter4\framework\system\Commands\Server\rewrite.php(45): require_once('C:\\wamp64\\www\\v...')
#5 {main}
CRITICAL - 2021-05-30 19:54:25 --> Allowed memory size of 134217728 bytes exhausted (tried to allocate 65015808 bytes)
#0 [internal function]: CodeIgniter\Debug\Exceptions->shutdownHandler()
#1 {main}
CRITICAL - 2021-05-30 19:58:46 --> [Semantical Error] line 0, col 14 near 'Gradjanin g where': Error: Class 'Gradjanin' is not defined.
#0 C:\wamp64\www\vakcinacija\WebImplementacija\vakcinacija2\vendor\doctrine\orm\lib\Doctrine\ORM\Query\Parser.php(547): Doctrine\ORM\Query\QueryException::semanticalError('line 0, col 14 ...', Object(Doctrine\ORM\Query\QueryException))
#1 C:\wamp64\www\vakcinacija\WebImplementacija\vakcinacija2\vendor\doctrine\orm\lib\Doctrine\ORM\Query\Parser.php(1047): Doctrine\ORM\Query\Parser->semanticalError('line 0, col 14 ...', Array)
#2 C:\wamp64\www\vakcinacija\WebImplementacija\vakcinacija2\vendor\doctrine\orm\lib\Doctrine\ORM\Query\Parser.php(1798): Doctrine\ORM\Query\Parser->validateAbstractSchemaName('Gradjanin')
#3 C:\wamp64\www\vakcinacija\WebImplementacija\vakcinacija2\vendor\doctrine\orm\lib\Doctrine\ORM\Query\Parser.php(1646): Doctrine\ORM\Query\Parser->RangeVariableDeclaration()
#4 C:\wamp64\www\vakcinacija\WebImplementacija\vakcinacija2\vendor\doctrine\orm\lib\Doctrine\ORM\Query\Parser.php(1379): Doctrine\ORM\Query\Parser->IdentificationVariableDeclaration()
#5 C:\wamp64\www\vakcinacija\WebImplementacija\vakcinacija2\vendor\doctrine\orm\lib\Doctrine\ORM\Query\Parser.php(929): Doctrine\ORM\Query\Parser->FromClause()
#6 C:\wamp64\www\vakcinacija\WebImplementacija\vakcinacija2\vendor\doctrine\orm\lib\Doctrine\ORM\Query\Parser.php(898): Doctrine\ORM\Query\Parser->SelectStatement()
#7 C:\wamp64\www\vakcinacija\WebImplementacija\vakcinacija2\vendor\doctrine\orm\lib\Doctrine\ORM\Query\Parser.php(312): Doctrine\ORM\Query\Parser->QueryLanguage()
#8 C:\wamp64\www\vakcinacija\WebImplementacija\vakcinacija2\vendor\doctrine\orm\lib\Doctrine\ORM\Query\Parser.php(412): Doctrine\ORM\Query\Parser->getAST()
#9 C:\wamp64\www\vakcinacija\WebImplementacija\vakcinacija2\vendor\doctrine\orm\lib\Doctrine\ORM\Query.php(279): Doctrine\ORM\Query\Parser->parse()
#10 C:\wamp64\www\vakcinacija\WebImplementacija\vakcinacija2\vendor\doctrine\orm\lib\Doctrine\ORM\Query.php(291): Doctrine\ORM\Query->parse()
#11 C:\wamp64\www\vakcinacija\WebImplementacija\vakcinacija2\vendor\doctrine\orm\lib\Doctrine\ORM\AbstractQuery.php(1074): Doctrine\ORM\Query->_doExecute()
#12 C:\wamp64\www\vakcinacija\WebImplementacija\vakcinacija2\vendor\doctrine\orm\lib\Doctrine\ORM\AbstractQuery.php(1027): Doctrine\ORM\AbstractQuery->executeIgnoreQueryCache(NULL, 1)
#13 C:\wamp64\www\vakcinacija\WebImplementacija\vakcinacija2\vendor\doctrine\orm\lib\Doctrine\ORM\AbstractQuery.php(787): Doctrine\ORM\AbstractQuery->execute(NULL, 1)
#14 C:\wamp64\www\vakcinacija\WebImplementacija\vakcinacija2\app\Controllers\Gost.php(100): Doctrine\ORM\AbstractQuery->getResult()
#15 C:\wamp64\www\vakcinacija\WebImplementacija\vakcinacija2\vendor\codeigniter4\framework\system\CodeIgniter.php(931): App\Controllers\Gost->registracijaSubmit()
#16 C:\wamp64\www\vakcinacija\WebImplementacija\vakcinacija2\vendor\codeigniter4\framework\system\CodeIgniter.php(439): CodeIgniter\CodeIgniter->runController(Object(App\Controllers\Gost))
#17 C:\wamp64\www\vakcinacija\WebImplementacija\vakcinacija2\vendor\codeigniter4\framework\system\CodeIgniter.php(339): CodeIgniter\CodeIgniter->handleRequest(NULL, Object(Config\Cache), false)
#18 C:\wamp64\www\vakcinacija\WebImplementacija\vakcinacija2\public\index.php(36): CodeIgniter\CodeIgniter->run()
#19 C:\wamp64\www\vakcinacija\WebImplementacija\vakcinacija2\vendor\codeigniter4\framework\system\Commands\Server\rewrite.php(45): require_once('C:\\wamp64\\www\\v...')
#20 {main}
CRITICAL - 2021-05-30 19:59:19 --> [Semantical Error] line 0, col 14 near 'gradjanin g where': Error: Class 'gradjanin' is not defined.
#0 C:\wamp64\www\vakcinacija\WebImplementacija\vakcinacija2\vendor\doctrine\orm\lib\Doctrine\ORM\Query\Parser.php(547): Doctrine\ORM\Query\QueryException::semanticalError('line 0, col 14 ...', Object(Doctrine\ORM\Query\QueryException))
#1 C:\wamp64\www\vakcinacija\WebImplementacija\vakcinacija2\vendor\doctrine\orm\lib\Doctrine\ORM\Query\Parser.php(1047): Doctrine\ORM\Query\Parser->semanticalError('line 0, col 14 ...', Array)
#2 C:\wamp64\www\vakcinacija\WebImplementacija\vakcinacija2\vendor\doctrine\orm\lib\Doctrine\ORM\Query\Parser.php(1798): Doctrine\ORM\Query\Parser->validateAbstractSchemaName('gradjanin')
#3 C:\wamp64\www\vakcinacija\WebImplementacija\vakcinacija2\vendor\doctrine\orm\lib\Doctrine\ORM\Query\Parser.php(1646): Doctrine\ORM\Query\Parser->RangeVariableDeclaration()
#4 C:\wamp64\www\vakcinacija\WebImplementacija\vakcinacija2\vendor\doctrine\orm\lib\Doctrine\ORM\Query\Parser.php(1379): Doctrine\ORM\Query\Parser->IdentificationVariableDeclaration()
#5 C:\wamp64\www\vakcinacija\WebImplementacija\vakcinacija2\vendor\doctrine\orm\lib\Doctrine\ORM\Query\Parser.php(929): Doctrine\ORM\Query\Parser->FromClause()
#6 C:\wamp64\www\vakcinacija\WebImplementacija\vakcinacija2\vendor\doctrine\orm\lib\Doctrine\ORM\Query\Parser.php(898): Doctrine\ORM\Query\Parser->SelectStatement()
#7 C:\wamp64\www\vakcinacija\WebImplementacija\vakcinacija2\vendor\doctrine\orm\lib\Doctrine\ORM\Query\Parser.php(312): Doctrine\ORM\Query\Parser->QueryLanguage()
#8 C:\wamp64\www\vakcinacija\WebImplementacija\vakcinacija2\vendor\doctrine\orm\lib\Doctrine\ORM\Query\Parser.php(412): Doctrine\ORM\Query\Parser->getAST()
#9 C:\wamp64\www\vakcinacija\WebImplementacija\vakcinacija2\vendor\doctrine\orm\lib\Doctrine\ORM\Query.php(279): Doctrine\ORM\Query\Parser->parse()
#10 C:\wamp64\www\vakcinacija\WebImplementacija\vakcinacija2\vendor\doctrine\orm\lib\Doctrine\ORM\Query.php(291): Doctrine\ORM\Query->parse()
#11 C:\wamp64\www\vakcinacija\WebImplementacija\vakcinacija2\vendor\doctrine\orm\lib\Doctrine\ORM\AbstractQuery.php(1074): Doctrine\ORM\Query->_doExecute()
#12 C:\wamp64\www\vakcinacija\WebImplementacija\vakcinacija2\vendor\doctrine\orm\lib\Doctrine\ORM\AbstractQuery.php(1027): Doctrine\ORM\AbstractQuery->executeIgnoreQueryCache(NULL, 1)
#13 C:\wamp64\www\vakcinacija\WebImplementacija\vakcinacija2\vendor\doctrine\orm\lib\Doctrine\ORM\AbstractQuery.php(787): Doctrine\ORM\AbstractQuery->execute(NULL, 1)
#14 C:\wamp64\www\vakcinacija\WebImplementacija\vakcinacija2\app\Controllers\Gost.php(100): Doctrine\ORM\AbstractQuery->getResult()
#15 C:\wamp64\www\vakcinacija\WebImplementacija\vakcinacija2\vendor\codeigniter4\framework\system\CodeIgniter.php(931): App\Controllers\Gost->registracijaSubmit()
#16 C:\wamp64\www\vakcinacija\WebImplementacija\vakcinacija2\vendor\codeigniter4\framework\system\CodeIgniter.php(439): CodeIgniter\CodeIgniter->runController(Object(App\Controllers\Gost))
#17 C:\wamp64\www\vakcinacija\WebImplementacija\vakcinacija2\vendor\codeigniter4\framework\system\CodeIgniter.php(339): CodeIgniter\CodeIgniter->handleRequest(NULL, Object(Config\Cache), false)
#18 C:\wamp64\www\vakcinacija\WebImplementacija\vakcinacija2\public\index.php(36): CodeIgniter\CodeIgniter->run()
#19 C:\wamp64\www\vakcinacija\WebImplementacija\vakcinacija2\vendor\codeigniter4\framework\system\Commands\Server\rewrite.php(45): require_once('C:\\wamp64\\www\\v...')
#20 {main}
CRITICAL - 2021-05-30 20:02:11 --> Undefined class constant 'clas'
#0 C:\wamp64\www\vakcinacija\WebImplementacija\vakcinacija2\vendor\codeigniter4\framework\system\CodeIgniter.php(931): App\Controllers\Gost->registracijaSubmit()
#1 C:\wamp64\www\vakcinacija\WebImplementacija\vakcinacija2\vendor\codeigniter4\framework\system\CodeIgniter.php(439): CodeIgniter\CodeIgniter->runController(Object(App\Controllers\Gost))
#2 C:\wamp64\www\vakcinacija\WebImplementacija\vakcinacija2\vendor\codeigniter4\framework\system\CodeIgniter.php(339): CodeIgniter\CodeIgniter->handleRequest(NULL, Object(Config\Cache), false)
#3 C:\wamp64\www\vakcinacija\WebImplementacija\vakcinacija2\public\index.php(36): CodeIgniter\CodeIgniter->run()
#4 C:\wamp64\www\vakcinacija\WebImplementacija\vakcinacija2\vendor\codeigniter4\framework\system\Commands\Server\rewrite.php(45): require_once('C:\\wamp64\\www\\v...')
#5 {main}
CRITICAL - 2021-05-30 20:02:21 --> Undefined method "createQuery". The method name must start with either findBy, findOneBy or countBy!
#0 C:\wamp64\www\vakcinacija\WebImplementacija\vakcinacija2\app\Controllers\Gost.php(99): Doctrine\ORM\EntityRepository->__call('createQuery', Array)
#1 C:\wamp64\www\vakcinacija\WebImplementacija\vakcinacija2\vendor\codeigniter4\framework\system\CodeIgniter.php(931): App\Controllers\Gost->registracijaSubmit()
#2 C:\wamp64\www\vakcinacija\WebImplementacija\vakcinacija2\vendor\codeigniter4\framework\system\CodeIgniter.php(439): CodeIgniter\CodeIgniter->runController(Object(App\Controllers\Gost))
#3 C:\wamp64\www\vakcinacija\WebImplementacija\vakcinacija2\vendor\codeigniter4\framework\system\CodeIgniter.php(339): CodeIgniter\CodeIgniter->handleRequest(NULL, Object(Config\Cache), false)
#4 C:\wamp64\www\vakcinacija\WebImplementacija\vakcinacija2\public\index.php(36): CodeIgniter\CodeIgniter->run()
#5 C:\wamp64\www\vakcinacija\WebImplementacija\vakcinacija2\vendor\codeigniter4\framework\system\Commands\Server\rewrite.php(45): require_once('C:\\wamp64\\www\\v...')
#6 {main}
CRITICAL - 2021-05-30 20:03:31 --> Undefined method "getEntityManager". The method name must start with either findBy, findOneBy or countBy!
#0 C:\wamp64\www\vakcinacija\WebImplementacija\vakcinacija2\app\Controllers\Gost.php(99): Doctrine\ORM\EntityRepository->__call('getEntityManage...', Array)
#1 C:\wamp64\www\vakcinacija\WebImplementacija\vakcinacija2\vendor\codeigniter4\framework\system\CodeIgniter.php(931): App\Controllers\Gost->registracijaSubmit()
#2 C:\wamp64\www\vakcinacija\WebImplementacija\vakcinacija2\vendor\codeigniter4\framework\system\CodeIgniter.php(439): CodeIgniter\CodeIgniter->runController(Object(App\Controllers\Gost))
#3 C:\wamp64\www\vakcinacija\WebImplementacija\vakcinacija2\vendor\codeigniter4\framework\system\CodeIgniter.php(339): CodeIgniter\CodeIgniter->handleRequest(NULL, Object(Config\Cache), false)
#4 C:\wamp64\www\vakcinacija\WebImplementacija\vakcinacija2\public\index.php(36): CodeIgniter\CodeIgniter->run()
#5 C:\wamp64\www\vakcinacija\WebImplementacija\vakcinacija2\vendor\codeigniter4\framework\system\Commands\Server\rewrite.php(45): require_once('C:\\wamp64\\www\\v...')
#6 {main}
CRITICAL - 2021-05-30 20:04:38 --> Undefined method "createQuery". The method name must start with either findBy, findOneBy or countBy!
#0 C:\wamp64\www\vakcinacija\WebImplementacija\vakcinacija2\app\Controllers\Gost.php(99): Doctrine\ORM\EntityRepository->__call('createQuery', Array)
#1 C:\wamp64\www\vakcinacija\WebImplementacija\vakcinacija2\vendor\codeigniter4\framework\system\CodeIgniter.php(931): App\Controllers\Gost->registracijaSubmit()
#2 C:\wamp64\www\vakcinacija\WebImplementacija\vakcinacija2\vendor\codeigniter4\framework\system\CodeIgniter.php(439): CodeIgniter\CodeIgniter->runController(Object(App\Controllers\Gost))
#3 C:\wamp64\www\vakcinacija\WebImplementacija\vakcinacija2\vendor\codeigniter4\framework\system\CodeIgniter.php(339): CodeIgniter\CodeIgniter->handleRequest(NULL, Object(Config\Cache), false)
#4 C:\wamp64\www\vakcinacija\WebImplementacija\vakcinacija2\public\index.php(36): CodeIgniter\CodeIgniter->run()
#5 C:\wamp64\www\vakcinacija\WebImplementacija\vakcinacija2\vendor\codeigniter4\framework\system\Commands\Server\rewrite.php(45): require_once('C:\\wamp64\\www\\v...')
#6 {main}
