CRITICAL - 2021-06-04 05:19:30 --> An exception occurred in driver: Access denied for user 'root'@'localhost' (using password: NO)
#0 C:\Users\stank\Documents\Git Projects\vakcinacija\WebImplementacija\vakcinacija2\vendor\doctrine\dbal\lib\Doctrine\DBAL\DBALException.php(182): Doctrine\DBAL\Driver\AbstractMySQLDriver->convertException('An exception oc...', Object(Doctrine\DBAL\Driver\Mysqli\Exception\ConnectionFailed))
#1 C:\Users\stank\Documents\Git Projects\vakcinacija\WebImplementacija\vakcinacija2\vendor\doctrine\dbal\lib\Doctrine\DBAL\DBALException.php(169): Doctrine\DBAL\DBALException::wrapException(Object(Doctrine\DBAL\Driver\Mysqli\Driver), Object(Doctrine\DBAL\Driver\Mysqli\Exception\ConnectionFailed), 'An exception oc...')
#2 C:\Users\stank\Documents\Git Projects\vakcinacija\WebImplementacija\vakcinacija2\vendor\doctrine\dbal\lib\Doctrine\DBAL\Driver\Mysqli\Driver.php(19): Doctrine\DBAL\DBALException::driverException(Object(Doctrine\DBAL\Driver\Mysqli\Driver), Object(Doctrine\DBAL\Driver\Mysqli\Exception\ConnectionFailed))
#3 C:\Users\stank\Documents\Git Projects\vakcinacija\WebImplementacija\vakcinacija2\vendor\doctrine\dbal\lib\Doctrine\DBAL\Connection.php(400): Doctrine\DBAL\Driver\Mysqli\Driver->connect(Array, 'root', '', Array)
#4 C:\Users\stank\Documents\Git Projects\vakcinacija\WebImplementacija\vakcinacija2\vendor\doctrine\dbal\lib\Doctrine\DBAL\Connection.php(463): Doctrine\DBAL\Connection->connect()
#5 C:\Users\stank\Documents\Git Projects\vakcinacija\WebImplementacija\vakcinacija2\vendor\doctrine\dbal\lib\Doctrine\DBAL\Connection.php(425): Doctrine\DBAL\Connection->getDatabasePlatformVersion()
#6 C:\Users\stank\Documents\Git Projects\vakcinacija\WebImplementacija\vakcinacija2\vendor\doctrine\dbal\lib\Doctrine\DBAL\Connection.php(367): Doctrine\DBAL\Connection->detectDatabasePlatform()
#7 C:\Users\stank\Documents\Git Projects\vakcinacija\WebImplementacija\vakcinacija2\app\Libraries\Doctrine.php(52): Doctrine\DBAL\Connection->getDatabasePlatform()
#8 C:\Users\stank\Documents\Git Projects\vakcinacija\WebImplementacija\vakcinacija2\app\Config\Services.php(31): App\Libraries\Doctrine->__construct()
#9 C:\Users\stank\Documents\Git Projects\vakcinacija\WebImplementacija\vakcinacija2\vendor\codeigniter4\framework\system\Config\BaseService.php(192): Config\Services::doctrine(false)
#10 C:\Users\stank\Documents\Git Projects\vakcinacija\WebImplementacija\vakcinacija2\app\Config\Services.php(28): CodeIgniter\Config\BaseService::getSharedInstance('doctrine')
#11 C:\Users\stank\Documents\Git Projects\vakcinacija\WebImplementacija\vakcinacija2\app\Controllers\BaseController.php(62): Config\Services::doctrine()
#12 C:\Users\stank\Documents\Git Projects\vakcinacija\WebImplementacija\vakcinacija2\vendor\codeigniter4\framework\system\CodeIgniter.php(904): App\Controllers\BaseController->initController(Object(CodeIgniter\HTTP\IncomingRequest), Object(CodeIgniter\HTTP\Response), Object(CodeIgniter\Log\Logger))
#13 C:\Users\stank\Documents\Git Projects\vakcinacija\WebImplementacija\vakcinacija2\vendor\codeigniter4\framework\system\CodeIgniter.php(429): CodeIgniter\CodeIgniter->createController()
#14 C:\Users\stank\Documents\Git Projects\vakcinacija\WebImplementacija\vakcinacija2\vendor\codeigniter4\framework\system\CodeIgniter.php(339): CodeIgniter\CodeIgniter->handleRequest(NULL, Object(Config\Cache), false)
#15 C:\Users\stank\Documents\Git Projects\vakcinacija\WebImplementacija\vakcinacija2\public\index.php(36): CodeIgniter\CodeIgniter->run()
#16 C:\Users\stank\Documents\Git Projects\vakcinacija\WebImplementacija\vakcinacija2\vendor\codeigniter4\framework\system\Commands\Server\rewrite.php(45): require_once('C:\\Users\\stank\\...')
#17 {main}
CRITICAL - 2021-06-04 05:19:31 --> Uncaught ErrorException: print_r(): Property access is not allowed yet in C:\Users\stank\Documents\Git Projects\vakcinacija\WebImplementacija\vakcinacija2\app\Views\errors\html\error_exception.php:99
Stack trace:
#0 [internal function]: CodeIgniter\Debug\Exceptions->errorHandler(2, 'print_r(): Prop...', 'C:\\Users\\stank\\...', 99, Array)
#1 C:\Users\stank\Documents\Git Projects\vakcinacija\WebImplementacija\vakcinacija2\app\Views\errors\html\error_exception.php(99): print_r(Object(Doctrine\DBAL\Driver\Mysqli\Exception\ConnectionFailed), true)
#2 C:\Users\stank\Documents\Git Projects\vakcinacija\WebImplementacija\vakcinacija2\vendor\codeigniter4\framework\system\Debug\Exceptions.php(278): include('C:\\Users\\stank\\...')
#3 C:\Users\stank\Documents\Git Projects\vakcinacija\WebImplementacija\vakcinacija2\vendor\codeigniter4\framework\system\Debug\Exceptions.php(147): CodeIgniter\Debug\Exceptions->render(Object(Doctrine\DBAL\Exception\ConnectionException), 500)
#4 [internal function]: CodeIgniter\Debug\Exceptio
#0 [internal function]: CodeIgniter\Debug\Exceptions->shutdownHandler()
#1 {main}
CRITICAL - 2021-06-04 05:19:47 --> The identifier idadmin is missing for a query of App\Models\Entities\Admin
#0 C:\Users\stank\Documents\Git Projects\vakcinacija\WebImplementacija\vakcinacija2\vendor\doctrine\orm\lib\Doctrine\ORM\EntityManager.php(433): Doctrine\ORM\ORMException::missingIdentifierField('App\\Models\\Enti...', 'idadmin')
#1 C:\Users\stank\Documents\Git Projects\vakcinacija\WebImplementacija\vakcinacija2\vendor\doctrine\orm\lib\Doctrine\ORM\EntityRepository.php(190): Doctrine\ORM\EntityManager->find('App\\Models\\Enti...', Array, NULL, NULL)
#2 C:\Users\stank\Documents\Git Projects\vakcinacija\WebImplementacija\vakcinacija2\app\Controllers\Admin.php(16): Doctrine\ORM\EntityRepository->find(NULL)
#3 C:\Users\stank\Documents\Git Projects\vakcinacija\WebImplementacija\vakcinacija2\app\Controllers\Admin.php(9): App\Controllers\Admin->prikaz('admin.php', Array)
#4 C:\Users\stank\Documents\Git Projects\vakcinacija\WebImplementacija\vakcinacija2\vendor\codeigniter4\framework\system\CodeIgniter.php(931): App\Controllers\Admin->index()
#5 C:\Users\stank\Documents\Git Projects\vakcinacija\WebImplementacija\vakcinacija2\vendor\codeigniter4\framework\system\CodeIgniter.php(439): CodeIgniter\CodeIgniter->runController(Object(App\Controllers\Admin))
#6 C:\Users\stank\Documents\Git Projects\vakcinacija\WebImplementacija\vakcinacija2\vendor\codeigniter4\framework\system\CodeIgniter.php(339): CodeIgniter\CodeIgniter->handleRequest(NULL, Object(Config\Cache), false)
#7 C:\Users\stank\Documents\Git Projects\vakcinacija\WebImplementacija\vakcinacija2\public\index.php(36): CodeIgniter\CodeIgniter->run()
#8 C:\Users\stank\Documents\Git Projects\vakcinacija\WebImplementacija\vakcinacija2\vendor\codeigniter4\framework\system\Commands\Server\rewrite.php(45): require_once('C:\\Users\\stank\\...')
#9 {main}
CRITICAL - 2021-06-04 05:19:51 --> The identifier idadmin is missing for a query of App\Models\Entities\Admin
#0 C:\Users\stank\Documents\Git Projects\vakcinacija\WebImplementacija\vakcinacija2\vendor\doctrine\orm\lib\Doctrine\ORM\EntityManager.php(433): Doctrine\ORM\ORMException::missingIdentifierField('App\\Models\\Enti...', 'idadmin')
#1 C:\Users\stank\Documents\Git Projects\vakcinacija\WebImplementacija\vakcinacija2\vendor\doctrine\orm\lib\Doctrine\ORM\EntityRepository.php(190): Doctrine\ORM\EntityManager->find('App\\Models\\Enti...', Array, NULL, NULL)
#2 C:\Users\stank\Documents\Git Projects\vakcinacija\WebImplementacija\vakcinacija2\app\Controllers\Admin.php(16): Doctrine\ORM\EntityRepository->find(NULL)
#3 C:\Users\stank\Documents\Git Projects\vakcinacija\WebImplementacija\vakcinacija2\app\Controllers\Admin.php(9): App\Controllers\Admin->prikaz('admin.php', Array)
#4 C:\Users\stank\Documents\Git Projects\vakcinacija\WebImplementacija\vakcinacija2\vendor\codeigniter4\framework\system\CodeIgniter.php(931): App\Controllers\Admin->index()
#5 C:\Users\stank\Documents\Git Projects\vakcinacija\WebImplementacija\vakcinacija2\vendor\codeigniter4\framework\system\CodeIgniter.php(439): CodeIgniter\CodeIgniter->runController(Object(App\Controllers\Admin))
#6 C:\Users\stank\Documents\Git Projects\vakcinacija\WebImplementacija\vakcinacija2\vendor\codeigniter4\framework\system\CodeIgniter.php(339): CodeIgniter\CodeIgniter->handleRequest(NULL, Object(Config\Cache), false)
#7 C:\Users\stank\Documents\Git Projects\vakcinacija\WebImplementacija\vakcinacija2\public\index.php(36): CodeIgniter\CodeIgniter->run()
#8 C:\Users\stank\Documents\Git Projects\vakcinacija\WebImplementacija\vakcinacija2\vendor\codeigniter4\framework\system\Commands\Server\rewrite.php(45): require_once('C:\\Users\\stank\\...')
#9 {main}
CRITICAL - 2021-06-04 05:37:06 --> The identifier idadmin is missing for a query of App\Models\Entities\Admin
#0 C:\Users\stank\Documents\Git Projects\vakcinacija\WebImplementacija\vakcinacija2\vendor\doctrine\orm\lib\Doctrine\ORM\EntityManager.php(433): Doctrine\ORM\ORMException::missingIdentifierField('App\\Models\\Enti...', 'idadmin')
#1 C:\Users\stank\Documents\Git Projects\vakcinacija\WebImplementacija\vakcinacija2\vendor\doctrine\orm\lib\Doctrine\ORM\EntityRepository.php(190): Doctrine\ORM\EntityManager->find('App\\Models\\Enti...', Array, NULL, NULL)
#2 C:\Users\stank\Documents\Git Projects\vakcinacija\WebImplementacija\vakcinacija2\app\Controllers\Admin.php(16): Doctrine\ORM\EntityRepository->find(NULL)
#3 C:\Users\stank\Documents\Git Projects\vakcinacija\WebImplementacija\vakcinacija2\app\Controllers\Admin.php(9): App\Controllers\Admin->prikaz('admin.php', Array)
#4 C:\Users\stank\Documents\Git Projects\vakcinacija\WebImplementacija\vakcinacija2\vendor\codeigniter4\framework\system\CodeIgniter.php(931): App\Controllers\Admin->index()
#5 C:\Users\stank\Documents\Git Projects\vakcinacija\WebImplementacija\vakcinacija2\vendor\codeigniter4\framework\system\CodeIgniter.php(439): CodeIgniter\CodeIgniter->runController(Object(App\Controllers\Admin))
#6 C:\Users\stank\Documents\Git Projects\vakcinacija\WebImplementacija\vakcinacija2\vendor\codeigniter4\framework\system\CodeIgniter.php(339): CodeIgniter\CodeIgniter->handleRequest(NULL, Object(Config\Cache), false)
#7 C:\Users\stank\Documents\Git Projects\vakcinacija\WebImplementacija\vakcinacija2\public\index.php(36): CodeIgniter\CodeIgniter->run()
#8 C:\Users\stank\Documents\Git Projects\vakcinacija\WebImplementacija\vakcinacija2\vendor\codeigniter4\framework\system\Commands\Server\rewrite.php(45): require_once('C:\\Users\\stank\\...')
#9 {main}
CRITICAL - 2021-06-04 05:37:47 --> The identifier idgradjanin is missing for a query of App\Models\Entities\Gradjanin
#0 C:\Users\stank\Documents\Git Projects\vakcinacija\WebImplementacija\vakcinacija2\vendor\doctrine\orm\lib\Doctrine\ORM\EntityManager.php(433): Doctrine\ORM\ORMException::missingIdentifierField('App\\Models\\Enti...', 'idgradjanin')
#1 C:\Users\stank\Documents\Git Projects\vakcinacija\WebImplementacija\vakcinacija2\vendor\doctrine\orm\lib\Doctrine\ORM\EntityRepository.php(190): Doctrine\ORM\EntityManager->find('App\\Models\\Enti...', Array, NULL, NULL)
#2 C:\Users\stank\Documents\Git Projects\vakcinacija\WebImplementacija\vakcinacija2\app\Controllers\Gradjanin.php(18): Doctrine\ORM\EntityRepository->find(NULL)
#3 C:\Users\stank\Documents\Git Projects\vakcinacija\WebImplementacija\vakcinacija2\app\Controllers\Gradjanin.php(11): App\Controllers\Gradjanin->prikaz('gradjanin.php', Array)
#4 C:\Users\stank\Documents\Git Projects\vakcinacija\WebImplementacija\vakcinacija2\vendor\codeigniter4\framework\system\CodeIgniter.php(931): App\Controllers\Gradjanin->index()
#5 C:\Users\stank\Documents\Git Projects\vakcinacija\WebImplementacija\vakcinacija2\vendor\codeigniter4\framework\system\CodeIgniter.php(439): CodeIgniter\CodeIgniter->runController(Object(App\Controllers\Gradjanin))
#6 C:\Users\stank\Documents\Git Projects\vakcinacija\WebImplementacija\vakcinacija2\vendor\codeigniter4\framework\system\CodeIgniter.php(339): CodeIgniter\CodeIgniter->handleRequest(NULL, Object(Config\Cache), false)
#7 C:\Users\stank\Documents\Git Projects\vakcinacija\WebImplementacija\vakcinacija2\public\index.php(36): CodeIgniter\CodeIgniter->run()
#8 C:\Users\stank\Documents\Git Projects\vakcinacija\WebImplementacija\vakcinacija2\vendor\codeigniter4\framework\system\Commands\Server\rewrite.php(45): require_once('C:\\Users\\stank\\...')
#9 {main}
CRITICAL - 2021-06-04 05:56:51 --> Unrecognized field: Naziv
#0 C:\Users\stank\Documents\Git Projects\vakcinacija\WebImplementacija\vakcinacija2\vendor\doctrine\orm\lib\Doctrine\ORM\Persisters\Entity\BasicEntityPersister.php(1715): Doctrine\ORM\ORMException::unrecognizedField('Naziv')
#1 C:\Users\stank\Documents\Git Projects\vakcinacija\WebImplementacija\vakcinacija2\vendor\doctrine\orm\lib\Doctrine\ORM\Persisters\Entity\BasicEntityPersister.php(1590): Doctrine\ORM\Persisters\Entity\BasicEntityPersister->getSelectConditionStatementColumnSQL('Naziv', NULL)
#2 C:\Users\stank\Documents\Git Projects\vakcinacija\WebImplementacija\vakcinacija2\vendor\doctrine\orm\lib\Doctrine\ORM\Persisters\Entity\BasicEntityPersister.php(1735): Doctrine\ORM\Persisters\Entity\BasicEntityPersister->getSelectConditionStatementSQL('Naziv', 'Markova vakcina', NULL)
#3 C:\Users\stank\Documents\Git Projects\vakcinacija\WebImplementacija\vakcinacija2\vendor\doctrine\orm\lib\Doctrine\ORM\Persisters\Entity\BasicEntityPersister.php(1072): Doctrine\ORM\Persisters\Entity\BasicEntityPersister->getSelectConditionSQL(Array, NULL)
#4 C:\Users\stank\Documents\Git Projects\vakcinacija\WebImplementacija\vakcinacija2\vendor\doctrine\orm\lib\Doctrine\ORM\Persisters\Entity\BasicEntityPersister.php(894): Doctrine\ORM\Persisters\Entity\BasicEntityPersister->getSelectSQL(Array, NULL, NULL, NULL, NULL, NULL)
#5 C:\Users\stank\Documents\Git Projects\vakcinacija\WebImplementacija\vakcinacija2\vendor\doctrine\orm\lib\Doctrine\ORM\EntityRepository.php(217): Doctrine\ORM\Persisters\Entity\BasicEntityPersister->loadAll(Array, NULL, NULL, NULL)
#6 C:\Users\stank\Documents\Git Projects\vakcinacija\WebImplementacija\vakcinacija2\app\Controllers\Admin.php(47): Doctrine\ORM\EntityRepository->findBy(Array)
#7 C:\Users\stank\Documents\Git Projects\vakcinacija\WebImplementacija\vakcinacija2\vendor\codeigniter4\framework\system\CodeIgniter.php(931): App\Controllers\Admin->NovaVakcinaSubmit()
#8 C:\Users\stank\Documents\Git Projects\vakcinacija\WebImplementacija\vakcinacija2\vendor\codeigniter4\framework\system\CodeIgniter.php(439): CodeIgniter\CodeIgniter->runController(Object(App\Controllers\Admin))
#9 C:\Users\stank\Documents\Git Projects\vakcinacija\WebImplementacija\vakcinacija2\vendor\codeigniter4\framework\system\CodeIgniter.php(339): CodeIgniter\CodeIgniter->handleRequest(NULL, Object(Config\Cache), false)
#10 C:\Users\stank\Documents\Git Projects\vakcinacija\WebImplementacija\vakcinacija2\public\index.php(36): CodeIgniter\CodeIgniter->run()
#11 C:\Users\stank\Documents\Git Projects\vakcinacija\WebImplementacija\vakcinacija2\vendor\codeigniter4\framework\system\Commands\Server\rewrite.php(45): require_once('C:\\Users\\stank\\...')
#12 {main}
CRITICAL - 2021-06-04 05:58:10 --> Unrecognized field: Naziv
#0 C:\Users\stank\Documents\Git Projects\vakcinacija\WebImplementacija\vakcinacija2\vendor\doctrine\orm\lib\Doctrine\ORM\Persisters\Entity\BasicEntityPersister.php(1715): Doctrine\ORM\ORMException::unrecognizedField('Naziv')
#1 C:\Users\stank\Documents\Git Projects\vakcinacija\WebImplementacija\vakcinacija2\vendor\doctrine\orm\lib\Doctrine\ORM\Persisters\Entity\BasicEntityPersister.php(1590): Doctrine\ORM\Persisters\Entity\BasicEntityPersister->getSelectConditionStatementColumnSQL('Naziv', NULL)
#2 C:\Users\stank\Documents\Git Projects\vakcinacija\WebImplementacija\vakcinacija2\vendor\doctrine\orm\lib\Doctrine\ORM\Persisters\Entity\BasicEntityPersister.php(1735): Doctrine\ORM\Persisters\Entity\BasicEntityPersister->getSelectConditionStatementSQL('Naziv', 'MarkoV', NULL)
#3 C:\Users\stank\Documents\Git Projects\vakcinacija\WebImplementacija\vakcinacija2\vendor\doctrine\orm\lib\Doctrine\ORM\Persisters\Entity\BasicEntityPersister.php(1072): Doctrine\ORM\Persisters\Entity\BasicEntityPersister->getSelectConditionSQL(Array, NULL)
#4 C:\Users\stank\Documents\Git Projects\vakcinacija\WebImplementacija\vakcinacija2\vendor\doctrine\orm\lib\Doctrine\ORM\Persisters\Entity\BasicEntityPersister.php(894): Doctrine\ORM\Persisters\Entity\BasicEntityPersister->getSelectSQL(Array, NULL, NULL, NULL, NULL, NULL)
#5 C:\Users\stank\Documents\Git Projects\vakcinacija\WebImplementacija\vakcinacija2\vendor\doctrine\orm\lib\Doctrine\ORM\EntityRepository.php(217): Doctrine\ORM\Persisters\Entity\BasicEntityPersister->loadAll(Array, NULL, NULL, NULL)
#6 C:\Users\stank\Documents\Git Projects\vakcinacija\WebImplementacija\vakcinacija2\app\Controllers\Admin.php(47): Doctrine\ORM\EntityRepository->findBy(Array)
#7 C:\Users\stank\Documents\Git Projects\vakcinacija\WebImplementacija\vakcinacija2\vendor\codeigniter4\framework\system\CodeIgniter.php(931): App\Controllers\Admin->NovaVakcinaSubmit()
#8 C:\Users\stank\Documents\Git Projects\vakcinacija\WebImplementacija\vakcinacija2\vendor\codeigniter4\framework\system\CodeIgniter.php(439): CodeIgniter\CodeIgniter->runController(Object(App\Controllers\Admin))
#9 C:\Users\stank\Documents\Git Projects\vakcinacija\WebImplementacija\vakcinacija2\vendor\codeigniter4\framework\system\CodeIgniter.php(339): CodeIgniter\CodeIgniter->handleRequest(NULL, Object(Config\Cache), false)
#10 C:\Users\stank\Documents\Git Projects\vakcinacija\WebImplementacija\vakcinacija2\public\index.php(36): CodeIgniter\CodeIgniter->run()
#11 C:\Users\stank\Documents\Git Projects\vakcinacija\WebImplementacija\vakcinacija2\vendor\codeigniter4\framework\system\Commands\Server\rewrite.php(45): require_once('C:\\Users\\stank\\...')
#12 {main}
CRITICAL - 2021-06-04 06:48:10 --> Too few arguments to function App\Controllers\Admin::NovaVakcina(), 0 passed in C:\Users\stank\Documents\Git Projects\vakcinacija\WebImplementacija\vakcinacija2\vendor\codeigniter4\framework\system\CodeIgniter.php on line 931 and exactly 1 expected
#0 C:\Users\stank\Documents\Git Projects\vakcinacija\WebImplementacija\vakcinacija2\vendor\codeigniter4\framework\system\CodeIgniter.php(931): App\Controllers\Admin->NovaVakcina()
#1 C:\Users\stank\Documents\Git Projects\vakcinacija\WebImplementacija\vakcinacija2\vendor\codeigniter4\framework\system\CodeIgniter.php(439): CodeIgniter\CodeIgniter->runController(Object(App\Controllers\Admin))
#2 C:\Users\stank\Documents\Git Projects\vakcinacija\WebImplementacija\vakcinacija2\vendor\codeigniter4\framework\system\CodeIgniter.php(339): CodeIgniter\CodeIgniter->handleRequest(NULL, Object(Config\Cache), false)
#3 C:\Users\stank\Documents\Git Projects\vakcinacija\WebImplementacija\vakcinacija2\public\index.php(36): CodeIgniter\CodeIgniter->run()
#4 C:\Users\stank\Documents\Git Projects\vakcinacija\WebImplementacija\vakcinacija2\vendor\codeigniter4\framework\system\Commands\Server\rewrite.php(45): require_once('C:\\Users\\stank\\...')
#5 {main}
CRITICAL - 2021-06-04 06:48:14 --> Too few arguments to function App\Controllers\Admin::NovaVakcina(), 0 passed in C:\Users\stank\Documents\Git Projects\vakcinacija\WebImplementacija\vakcinacija2\vendor\codeigniter4\framework\system\CodeIgniter.php on line 931 and exactly 1 expected
#0 C:\Users\stank\Documents\Git Projects\vakcinacija\WebImplementacija\vakcinacija2\vendor\codeigniter4\framework\system\CodeIgniter.php(931): App\Controllers\Admin->NovaVakcina()
#1 C:\Users\stank\Documents\Git Projects\vakcinacija\WebImplementacija\vakcinacija2\vendor\codeigniter4\framework\system\CodeIgniter.php(439): CodeIgniter\CodeIgniter->runController(Object(App\Controllers\Admin))
#2 C:\Users\stank\Documents\Git Projects\vakcinacija\WebImplementacija\vakcinacija2\vendor\codeigniter4\framework\system\CodeIgniter.php(339): CodeIgniter\CodeIgniter->handleRequest(NULL, Object(Config\Cache), false)
#3 C:\Users\stank\Documents\Git Projects\vakcinacija\WebImplementacija\vakcinacija2\public\index.php(36): CodeIgniter\CodeIgniter->run()
#4 C:\Users\stank\Documents\Git Projects\vakcinacija\WebImplementacija\vakcinacija2\vendor\codeigniter4\framework\system\Commands\Server\rewrite.php(45): require_once('C:\\Users\\stank\\...')
#5 {main}
CRITICAL - 2021-06-04 06:48:17 --> Too few arguments to function App\Controllers\Admin::NovaVakcina(), 0 passed in C:\Users\stank\Documents\Git Projects\vakcinacija\WebImplementacija\vakcinacija2\vendor\codeigniter4\framework\system\CodeIgniter.php on line 931 and exactly 1 expected
#0 C:\Users\stank\Documents\Git Projects\vakcinacija\WebImplementacija\vakcinacija2\vendor\codeigniter4\framework\system\CodeIgniter.php(931): App\Controllers\Admin->NovaVakcina()
#1 C:\Users\stank\Documents\Git Projects\vakcinacija\WebImplementacija\vakcinacija2\vendor\codeigniter4\framework\system\CodeIgniter.php(439): CodeIgniter\CodeIgniter->runController(Object(App\Controllers\Admin))
#2 C:\Users\stank\Documents\Git Projects\vakcinacija\WebImplementacija\vakcinacija2\vendor\codeigniter4\framework\system\CodeIgniter.php(339): CodeIgniter\CodeIgniter->handleRequest(NULL, Object(Config\Cache), false)
#3 C:\Users\stank\Documents\Git Projects\vakcinacija\WebImplementacija\vakcinacija2\public\index.php(36): CodeIgniter\CodeIgniter->run()
#4 C:\Users\stank\Documents\Git Projects\vakcinacija\WebImplementacija\vakcinacija2\vendor\codeigniter4\framework\system\Commands\Server\rewrite.php(45): require_once('C:\\Users\\stank\\...')
#5 {main}
CRITICAL - 2021-06-04 06:48:54 --> Too few arguments to function App\Controllers\Admin::NovaVakcina(), 0 passed in C:\Users\stank\Documents\Git Projects\vakcinacija\WebImplementacija\vakcinacija2\vendor\codeigniter4\framework\system\CodeIgniter.php on line 931 and exactly 1 expected
#0 C:\Users\stank\Documents\Git Projects\vakcinacija\WebImplementacija\vakcinacija2\vendor\codeigniter4\framework\system\CodeIgniter.php(931): App\Controllers\Admin->NovaVakcina()
#1 C:\Users\stank\Documents\Git Projects\vakcinacija\WebImplementacija\vakcinacija2\vendor\codeigniter4\framework\system\CodeIgniter.php(439): CodeIgniter\CodeIgniter->runController(Object(App\Controllers\Admin))
#2 C:\Users\stank\Documents\Git Projects\vakcinacija\WebImplementacija\vakcinacija2\vendor\codeigniter4\framework\system\CodeIgniter.php(339): CodeIgniter\CodeIgniter->handleRequest(NULL, Object(Config\Cache), false)
#3 C:\Users\stank\Documents\Git Projects\vakcinacija\WebImplementacija\vakcinacija2\public\index.php(36): CodeIgniter\CodeIgniter->run()
#4 C:\Users\stank\Documents\Git Projects\vakcinacija\WebImplementacija\vakcinacija2\vendor\codeigniter4\framework\system\Commands\Server\rewrite.php(45): require_once('C:\\Users\\stank\\...')
#5 {main}
CRITICAL - 2021-06-04 06:48:59 --> Too few arguments to function App\Controllers\Admin::NovaVakcina(), 0 passed in C:\Users\stank\Documents\Git Projects\vakcinacija\WebImplementacija\vakcinacija2\vendor\codeigniter4\framework\system\CodeIgniter.php on line 931 and exactly 1 expected
#0 C:\Users\stank\Documents\Git Projects\vakcinacija\WebImplementacija\vakcinacija2\vendor\codeigniter4\framework\system\CodeIgniter.php(931): App\Controllers\Admin->NovaVakcina()
#1 C:\Users\stank\Documents\Git Projects\vakcinacija\WebImplementacija\vakcinacija2\vendor\codeigniter4\framework\system\CodeIgniter.php(439): CodeIgniter\CodeIgniter->runController(Object(App\Controllers\Admin))
#2 C:\Users\stank\Documents\Git Projects\vakcinacija\WebImplementacija\vakcinacija2\vendor\codeigniter4\framework\system\CodeIgniter.php(339): CodeIgniter\CodeIgniter->handleRequest(NULL, Object(Config\Cache), false)
#3 C:\Users\stank\Documents\Git Projects\vakcinacija\WebImplementacija\vakcinacija2\public\index.php(36): CodeIgniter\CodeIgniter->run()
#4 C:\Users\stank\Documents\Git Projects\vakcinacija\WebImplementacija\vakcinacija2\vendor\codeigniter4\framework\system\Commands\Server\rewrite.php(45): require_once('C:\\Users\\stank\\...')
#5 {main}
CRITICAL - 2021-06-04 06:49:16 --> Undefined property: CodeIgniter\View\View::$uri
#0 C:\Users\stank\Documents\Git Projects\vakcinacija\WebImplementacija\vakcinacija2\app\Views\Prototip\nova_vakcina.php(60): CodeIgniter\Debug\Exceptions->errorHandler(8, 'Undefined prope...', 'C:\\Users\\stank\\...', 60, Array)
#1 C:\Users\stank\Documents\Git Projects\vakcinacija\WebImplementacija\vakcinacija2\vendor\codeigniter4\framework\system\View\View.php(230): include('C:\\Users\\stank\\...')
#2 C:\Users\stank\Documents\Git Projects\vakcinacija\WebImplementacija\vakcinacija2\vendor\codeigniter4\framework\system\View\View.php(232): CodeIgniter\View\View->CodeIgniter\View\{closure}()
#3 C:\Users\stank\Documents\Git Projects\vakcinacija\WebImplementacija\vakcinacija2\vendor\codeigniter4\framework\system\Common.php(1250): CodeIgniter\View\View->render('Prototip/nova_v...', Array, true)
#4 C:\Users\stank\Documents\Git Projects\vakcinacija\WebImplementacija\vakcinacija2\app\Controllers\Admin.php(17): view('Prototip/nova_v...', Array)
#5 C:\Users\stank\Documents\Git Projects\vakcinacija\WebImplementacija\vakcinacija2\app\Controllers\Admin.php(20): App\Controllers\Admin->prikaz('nova_vakcina.ph...', Array)
#6 C:\Users\stank\Documents\Git Projects\vakcinacija\WebImplementacija\vakcinacija2\vendor\codeigniter4\framework\system\CodeIgniter.php(931): App\Controllers\Admin->NovaVakcina()
#7 C:\Users\stank\Documents\Git Projects\vakcinacija\WebImplementacija\vakcinacija2\vendor\codeigniter4\framework\system\CodeIgniter.php(439): CodeIgniter\CodeIgniter->runController(Object(App\Controllers\Admin))
#8 C:\Users\stank\Documents\Git Projects\vakcinacija\WebImplementacija\vakcinacija2\vendor\codeigniter4\framework\system\CodeIgniter.php(339): CodeIgniter\CodeIgniter->handleRequest(NULL, Object(Config\Cache), false)
#9 C:\Users\stank\Documents\Git Projects\vakcinacija\WebImplementacija\vakcinacija2\public\index.php(36): CodeIgniter\CodeIgniter->run()
#10 C:\Users\stank\Documents\Git Projects\vakcinacija\WebImplementacija\vakcinacija2\vendor\codeigniter4\framework\system\Commands\Server\rewrite.php(45): require_once('C:\\Users\\stank\\...')
#11 {main}
CRITICAL - 2021-06-04 06:49:21 --> Undefined property: CodeIgniter\View\View::$uri
#0 C:\Users\stank\Documents\Git Projects\vakcinacija\WebImplementacija\vakcinacija2\app\Views\Prototip\nova_vakcina.php(60): CodeIgniter\Debug\Exceptions->errorHandler(8, 'Undefined prope...', 'C:\\Users\\stank\\...', 60, Array)
#1 C:\Users\stank\Documents\Git Projects\vakcinacija\WebImplementacija\vakcinacija2\vendor\codeigniter4\framework\system\View\View.php(230): include('C:\\Users\\stank\\...')
#2 C:\Users\stank\Documents\Git Projects\vakcinacija\WebImplementacija\vakcinacija2\vendor\codeigniter4\framework\system\View\View.php(232): CodeIgniter\View\View->CodeIgniter\View\{closure}()
#3 C:\Users\stank\Documents\Git Projects\vakcinacija\WebImplementacija\vakcinacija2\vendor\codeigniter4\framework\system\Common.php(1250): CodeIgniter\View\View->render('Prototip/nova_v...', Array, true)
#4 C:\Users\stank\Documents\Git Projects\vakcinacija\WebImplementacija\vakcinacija2\app\Controllers\Admin.php(17): view('Prototip/nova_v...', Array)
#5 C:\Users\stank\Documents\Git Projects\vakcinacija\WebImplementacija\vakcinacija2\app\Controllers\Admin.php(20): App\Controllers\Admin->prikaz('nova_vakcina.ph...', Array)
#6 C:\Users\stank\Documents\Git Projects\vakcinacija\WebImplementacija\vakcinacija2\vendor\codeigniter4\framework\system\CodeIgniter.php(931): App\Controllers\Admin->NovaVakcina()
#7 C:\Users\stank\Documents\Git Projects\vakcinacija\WebImplementacija\vakcinacija2\vendor\codeigniter4\framework\system\CodeIgniter.php(439): CodeIgniter\CodeIgniter->runController(Object(App\Controllers\Admin))
#8 C:\Users\stank\Documents\Git Projects\vakcinacija\WebImplementacija\vakcinacija2\vendor\codeigniter4\framework\system\CodeIgniter.php(339): CodeIgniter\CodeIgniter->handleRequest(NULL, Object(Config\Cache), false)
#9 C:\Users\stank\Documents\Git Projects\vakcinacija\WebImplementacija\vakcinacija2\public\index.php(36): CodeIgniter\CodeIgniter->run()
#10 C:\Users\stank\Documents\Git Projects\vakcinacija\WebImplementacija\vakcinacija2\vendor\codeigniter4\framework\system\Commands\Server\rewrite.php(45): require_once('C:\\Users\\stank\\...')
#11 {main}
CRITICAL - 2021-06-04 06:49:25 --> Undefined property: CodeIgniter\View\View::$uri
#0 C:\Users\stank\Documents\Git Projects\vakcinacija\WebImplementacija\vakcinacija2\app\Views\Prototip\nova_vakcina.php(60): CodeIgniter\Debug\Exceptions->errorHandler(8, 'Undefined prope...', 'C:\\Users\\stank\\...', 60, Array)
#1 C:\Users\stank\Documents\Git Projects\vakcinacija\WebImplementacija\vakcinacija2\vendor\codeigniter4\framework\system\View\View.php(230): include('C:\\Users\\stank\\...')
#2 C:\Users\stank\Documents\Git Projects\vakcinacija\WebImplementacija\vakcinacija2\vendor\codeigniter4\framework\system\View\View.php(232): CodeIgniter\View\View->CodeIgniter\View\{closure}()
#3 C:\Users\stank\Documents\Git Projects\vakcinacija\WebImplementacija\vakcinacija2\vendor\codeigniter4\framework\system\Common.php(1250): CodeIgniter\View\View->render('Prototip/nova_v...', Array, true)
#4 C:\Users\stank\Documents\Git Projects\vakcinacija\WebImplementacija\vakcinacija2\app\Controllers\Admin.php(17): view('Prototip/nova_v...', Array)
#5 C:\Users\stank\Documents\Git Projects\vakcinacija\WebImplementacija\vakcinacija2\app\Controllers\Admin.php(20): App\Controllers\Admin->prikaz('nova_vakcina.ph...', Array)
#6 C:\Users\stank\Documents\Git Projects\vakcinacija\WebImplementacija\vakcinacija2\vendor\codeigniter4\framework\system\CodeIgniter.php(931): App\Controllers\Admin->NovaVakcina()
#7 C:\Users\stank\Documents\Git Projects\vakcinacija\WebImplementacija\vakcinacija2\vendor\codeigniter4\framework\system\CodeIgniter.php(439): CodeIgniter\CodeIgniter->runController(Object(App\Controllers\Admin))
#8 C:\Users\stank\Documents\Git Projects\vakcinacija\WebImplementacija\vakcinacija2\vendor\codeigniter4\framework\system\CodeIgniter.php(339): CodeIgniter\CodeIgniter->handleRequest(NULL, Object(Config\Cache), false)
#9 C:\Users\stank\Documents\Git Projects\vakcinacija\WebImplementacija\vakcinacija2\public\index.php(36): CodeIgniter\CodeIgniter->run()
#10 C:\Users\stank\Documents\Git Projects\vakcinacija\WebImplementacija\vakcinacija2\vendor\codeigniter4\framework\system\Commands\Server\rewrite.php(45): require_once('C:\\Users\\stank\\...')
#11 {main}
CRITICAL - 2021-06-04 06:49:51 --> Undefined property: CodeIgniter\View\View::$uri
#0 C:\Users\stank\Documents\Git Projects\vakcinacija\WebImplementacija\vakcinacija2\app\Views\Prototip\nova_vakcina.php(60): CodeIgniter\Debug\Exceptions->errorHandler(8, 'Undefined prope...', 'C:\\Users\\stank\\...', 60, Array)
#1 C:\Users\stank\Documents\Git Projects\vakcinacija\WebImplementacija\vakcinacija2\vendor\codeigniter4\framework\system\View\View.php(230): include('C:\\Users\\stank\\...')
#2 C:\Users\stank\Documents\Git Projects\vakcinacija\WebImplementacija\vakcinacija2\vendor\codeigniter4\framework\system\View\View.php(232): CodeIgniter\View\View->CodeIgniter\View\{closure}()
#3 C:\Users\stank\Documents\Git Projects\vakcinacija\WebImplementacija\vakcinacija2\vendor\codeigniter4\framework\system\Common.php(1250): CodeIgniter\View\View->render('Prototip/nova_v...', Array, true)
#4 C:\Users\stank\Documents\Git Projects\vakcinacija\WebImplementacija\vakcinacija2\app\Controllers\Admin.php(17): view('Prototip/nova_v...', Array)
#5 C:\Users\stank\Documents\Git Projects\vakcinacija\WebImplementacija\vakcinacija2\app\Controllers\Admin.php(20): App\Controllers\Admin->prikaz('nova_vakcina.ph...', Array)
#6 C:\Users\stank\Documents\Git Projects\vakcinacija\WebImplementacija\vakcinacija2\vendor\codeigniter4\framework\system\CodeIgniter.php(931): App\Controllers\Admin->NovaVakcina()
#7 C:\Users\stank\Documents\Git Projects\vakcinacija\WebImplementacija\vakcinacija2\vendor\codeigniter4\framework\system\CodeIgniter.php(439): CodeIgniter\CodeIgniter->runController(Object(App\Controllers\Admin))
#8 C:\Users\stank\Documents\Git Projects\vakcinacija\WebImplementacija\vakcinacija2\vendor\codeigniter4\framework\system\CodeIgniter.php(339): CodeIgniter\CodeIgniter->handleRequest(NULL, Object(Config\Cache), false)
#9 C:\Users\stank\Documents\Git Projects\vakcinacija\WebImplementacija\vakcinacija2\public\index.php(36): CodeIgniter\CodeIgniter->run()
#10 C:\Users\stank\Documents\Git Projects\vakcinacija\WebImplementacija\vakcinacija2\vendor\codeigniter4\framework\system\Commands\Server\rewrite.php(45): require_once('C:\\Users\\stank\\...')
#11 {main}
CRITICAL - 2021-06-04 08:23:49 --> Invalid file: Prototip/Admin/NovaVakcina.php
#0 C:\Users\stank\Documents\Git Projects\vakcinacija\WebImplementacija\vakcinacija2\vendor\codeigniter4\framework\system\View\View.php(213): CodeIgniter\Exceptions\FrameworkException::forInvalidFile('Prototip/Admin/...')
#1 C:\Users\stank\Documents\Git Projects\vakcinacija\WebImplementacija\vakcinacija2\vendor\codeigniter4\framework\system\Common.php(1250): CodeIgniter\View\View->render('Prototip/Admin/...', Array, true)
#2 C:\Users\stank\Documents\Git Projects\vakcinacija\WebImplementacija\vakcinacija2\app\Controllers\Admin.php(69): view('Prototip/Admin/...', Array)
#3 C:\Users\stank\Documents\Git Projects\vakcinacija\WebImplementacija\vakcinacija2\app\Controllers\Admin.php(62): App\Controllers\Admin->prikaz('Admin/NovaVakci...', Array)
#4 C:\Users\stank\Documents\Git Projects\vakcinacija\WebImplementacija\vakcinacija2\vendor\codeigniter4\framework\system\CodeIgniter.php(931): App\Controllers\Admin->NovaVakcinaSubmit()
#5 C:\Users\stank\Documents\Git Projects\vakcinacija\WebImplementacija\vakcinacija2\vendor\codeigniter4\framework\system\CodeIgniter.php(439): CodeIgniter\CodeIgniter->runController(Object(App\Controllers\Admin))
#6 C:\Users\stank\Documents\Git Projects\vakcinacija\WebImplementacija\vakcinacija2\vendor\codeigniter4\framework\system\CodeIgniter.php(339): CodeIgniter\CodeIgniter->handleRequest(NULL, Object(Config\Cache), false)
#7 C:\Users\stank\Documents\Git Projects\vakcinacija\WebImplementacija\vakcinacija2\public\index.php(36): CodeIgniter\CodeIgniter->run()
#8 C:\Users\stank\Documents\Git Projects\vakcinacija\WebImplementacija\vakcinacija2\vendor\codeigniter4\framework\system\Commands\Server\rewrite.php(45): require_once('C:\\Users\\stank\\...')
#9 {main}
CRITICAL - 2021-06-04 08:50:32 --> Invalid file: Prototip/statistika.php
#0 C:\Users\stank\Documents\Git Projects\vakcinacija\WebImplementacija\vakcinacija2\vendor\codeigniter4\framework\system\View\View.php(213): CodeIgniter\Exceptions\FrameworkException::forInvalidFile('Prototip/statis...')
#1 C:\Users\stank\Documents\Git Projects\vakcinacija\WebImplementacija\vakcinacija2\vendor\codeigniter4\framework\system\Common.php(1250): CodeIgniter\View\View->render('Prototip/statis...', Array, true)
#2 C:\Users\stank\Documents\Git Projects\vakcinacija\WebImplementacija\vakcinacija2\app\Controllers\Admin.php(69): view('Prototip/statis...', Array)
#3 C:\Users\stank\Documents\Git Projects\vakcinacija\WebImplementacija\vakcinacija2\app\Controllers\Admin.php(77): App\Controllers\Admin->prikaz('statistika.php', Array)
#4 C:\Users\stank\Documents\Git Projects\vakcinacija\WebImplementacija\vakcinacija2\vendor\codeigniter4\framework\system\CodeIgniter.php(931): App\Controllers\Admin->Statistika()
#5 C:\Users\stank\Documents\Git Projects\vakcinacija\WebImplementacija\vakcinacija2\vendor\codeigniter4\framework\system\CodeIgniter.php(439): CodeIgniter\CodeIgniter->runController(Object(App\Controllers\Admin))
#6 C:\Users\stank\Documents\Git Projects\vakcinacija\WebImplementacija\vakcinacija2\vendor\codeigniter4\framework\system\CodeIgniter.php(339): CodeIgniter\CodeIgniter->handleRequest(NULL, Object(Config\Cache), false)
#7 C:\Users\stank\Documents\Git Projects\vakcinacija\WebImplementacija\vakcinacija2\public\index.php(36): CodeIgniter\CodeIgniter->run()
#8 C:\Users\stank\Documents\Git Projects\vakcinacija\WebImplementacija\vakcinacija2\vendor\codeigniter4\framework\system\Commands\Server\rewrite.php(45): require_once('C:\\Users\\stank\\...')
#9 {main}
CRITICAL - 2021-06-04 08:50:33 --> Allowed memory size of 134217728 bytes exhausted (tried to allocate 65015808 bytes)
#0 [internal function]: CodeIgniter\Debug\Exceptions->shutdownHandler()
#1 {main}
CRITICAL - 2021-06-04 08:50:48 --> Invalid file: Prototip/statistika.php
#0 C:\Users\stank\Documents\Git Projects\vakcinacija\WebImplementacija\vakcinacija2\vendor\codeigniter4\framework\system\View\View.php(213): CodeIgniter\Exceptions\FrameworkException::forInvalidFile('Prototip/statis...')
#1 C:\Users\stank\Documents\Git Projects\vakcinacija\WebImplementacija\vakcinacija2\vendor\codeigniter4\framework\system\Common.php(1250): CodeIgniter\View\View->render('Prototip/statis...', Array, true)
#2 C:\Users\stank\Documents\Git Projects\vakcinacija\WebImplementacija\vakcinacija2\app\Controllers\Admin.php(69): view('Prototip/statis...', Array)
#3 C:\Users\stank\Documents\Git Projects\vakcinacija\WebImplementacija\vakcinacija2\app\Controllers\Admin.php(77): App\Controllers\Admin->prikaz('statistika.php', Array)
#4 C:\Users\stank\Documents\Git Projects\vakcinacija\WebImplementacija\vakcinacija2\vendor\codeigniter4\framework\system\CodeIgniter.php(931): App\Controllers\Admin->Statistika()
#5 C:\Users\stank\Documents\Git Projects\vakcinacija\WebImplementacija\vakcinacija2\vendor\codeigniter4\framework\system\CodeIgniter.php(439): CodeIgniter\CodeIgniter->runController(Object(App\Controllers\Admin))
#6 C:\Users\stank\Documents\Git Projects\vakcinacija\WebImplementacija\vakcinacija2\vendor\codeigniter4\framework\system\CodeIgniter.php(339): CodeIgniter\CodeIgniter->handleRequest(NULL, Object(Config\Cache), false)
#7 C:\Users\stank\Documents\Git Projects\vakcinacija\WebImplementacija\vakcinacija2\public\index.php(36): CodeIgniter\CodeIgniter->run()
#8 C:\Users\stank\Documents\Git Projects\vakcinacija\WebImplementacija\vakcinacija2\vendor\codeigniter4\framework\system\Commands\Server\rewrite.php(45): require_once('C:\\Users\\stank\\...')
#9 {main}
CRITICAL - 2021-06-04 08:50:49 --> Allowed memory size of 134217728 bytes exhausted (tried to allocate 65015808 bytes)
#0 [internal function]: CodeIgniter\Debug\Exceptions->shutdownHandler()
#1 {main}
CRITICAL - 2021-06-04 08:56:28 --> Invalid file: Prototip/statistika.php
#0 C:\Users\stank\Documents\Git Projects\vakcinacija\WebImplementacija\vakcinacija2\vendor\codeigniter4\framework\system\View\View.php(213): CodeIgniter\Exceptions\FrameworkException::forInvalidFile('Prototip/statis...')
#1 C:\Users\stank\Documents\Git Projects\vakcinacija\WebImplementacija\vakcinacija2\vendor\codeigniter4\framework\system\Common.php(1250): CodeIgniter\View\View->render('Prototip/statis...', Array, true)
#2 C:\Users\stank\Documents\Git Projects\vakcinacija\WebImplementacija\vakcinacija2\app\Controllers\Admin.php(70): view('Prototip/statis...', Array)
#3 C:\Users\stank\Documents\Git Projects\vakcinacija\WebImplementacija\vakcinacija2\app\Controllers\Admin.php(78): App\Controllers\Admin->prikaz('statistika.php', Array)
#4 C:\Users\stank\Documents\Git Projects\vakcinacija\WebImplementacija\vakcinacija2\vendor\codeigniter4\framework\system\CodeIgniter.php(931): App\Controllers\Admin->Statistika()
#5 C:\Users\stank\Documents\Git Projects\vakcinacija\WebImplementacija\vakcinacija2\vendor\codeigniter4\framework\system\CodeIgniter.php(439): CodeIgniter\CodeIgniter->runController(Object(App\Controllers\Admin))
#6 C:\Users\stank\Documents\Git Projects\vakcinacija\WebImplementacija\vakcinacija2\vendor\codeigniter4\framework\system\CodeIgniter.php(339): CodeIgniter\CodeIgniter->handleRequest(NULL, Object(Config\Cache), false)
#7 C:\Users\stank\Documents\Git Projects\vakcinacija\WebImplementacija\vakcinacija2\public\index.php(36): CodeIgniter\CodeIgniter->run()
#8 C:\Users\stank\Documents\Git Projects\vakcinacija\WebImplementacija\vakcinacija2\vendor\codeigniter4\framework\system\Commands\Server\rewrite.php(45): require_once('C:\\Users\\stank\\...')
#9 {main}
CRITICAL - 2021-06-04 08:56:54 --> Invalid file: Prototip/statistika.php
#0 C:\Users\stank\Documents\Git Projects\vakcinacija\WebImplementacija\vakcinacija2\vendor\codeigniter4\framework\system\View\View.php(213): CodeIgniter\Exceptions\FrameworkException::forInvalidFile('Prototip/statis...')
#1 C:\Users\stank\Documents\Git Projects\vakcinacija\WebImplementacija\vakcinacija2\vendor\codeigniter4\framework\system\Common.php(1250): CodeIgniter\View\View->render('Prototip/statis...', Array, true)
#2 C:\Users\stank\Documents\Git Projects\vakcinacija\WebImplementacija\vakcinacija2\app\Controllers\Admin.php(70): view('Prototip/statis...', Array)
#3 C:\Users\stank\Documents\Git Projects\vakcinacija\WebImplementacija\vakcinacija2\app\Controllers\Admin.php(78): App\Controllers\Admin->prikaz('statistika.php', Array)
#4 C:\Users\stank\Documents\Git Projects\vakcinacija\WebImplementacija\vakcinacija2\vendor\codeigniter4\framework\system\CodeIgniter.php(931): App\Controllers\Admin->Statistika()
#5 C:\Users\stank\Documents\Git Projects\vakcinacija\WebImplementacija\vakcinacija2\vendor\codeigniter4\framework\system\CodeIgniter.php(439): CodeIgniter\CodeIgniter->runController(Object(App\Controllers\Admin))
#6 C:\Users\stank\Documents\Git Projects\vakcinacija\WebImplementacija\vakcinacija2\vendor\codeigniter4\framework\system\CodeIgniter.php(339): CodeIgniter\CodeIgniter->handleRequest(NULL, Object(Config\Cache), false)
#7 C:\Users\stank\Documents\Git Projects\vakcinacija\WebImplementacija\vakcinacija2\public\index.php(36): CodeIgniter\CodeIgniter->run()
#8 C:\Users\stank\Documents\Git Projects\vakcinacija\WebImplementacija\vakcinacija2\vendor\codeigniter4\framework\system\Commands\Server\rewrite.php(45): require_once('C:\\Users\\stank\\...')
#9 {main}
CRITICAL - 2021-06-04 08:57:52 --> Invalid file: Prototip/statistika.php
#0 C:\Users\stank\Documents\Git Projects\vakcinacija\WebImplementacija\vakcinacija2\vendor\codeigniter4\framework\system\View\View.php(213): CodeIgniter\Exceptions\FrameworkException::forInvalidFile('Prototip/statis...')
#1 C:\Users\stank\Documents\Git Projects\vakcinacija\WebImplementacija\vakcinacija2\vendor\codeigniter4\framework\system\Common.php(1250): CodeIgniter\View\View->render('Prototip/statis...', Array, true)
#2 C:\Users\stank\Documents\Git Projects\vakcinacija\WebImplementacija\vakcinacija2\app\Controllers\Admin.php(70): view('Prototip/statis...', Array)
#3 C:\Users\stank\Documents\Git Projects\vakcinacija\WebImplementacija\vakcinacija2\app\Controllers\Admin.php(78): App\Controllers\Admin->prikaz('statistika.php', Array)
#4 C:\Users\stank\Documents\Git Projects\vakcinacija\WebImplementacija\vakcinacija2\vendor\codeigniter4\framework\system\CodeIgniter.php(931): App\Controllers\Admin->Statistika()
#5 C:\Users\stank\Documents\Git Projects\vakcinacija\WebImplementacija\vakcinacija2\vendor\codeigniter4\framework\system\CodeIgniter.php(439): CodeIgniter\CodeIgniter->runController(Object(App\Controllers\Admin))
#6 C:\Users\stank\Documents\Git Projects\vakcinacija\WebImplementacija\vakcinacija2\vendor\codeigniter4\framework\system\CodeIgniter.php(339): CodeIgniter\CodeIgniter->handleRequest(NULL, Object(Config\Cache), false)
#7 C:\Users\stank\Documents\Git Projects\vakcinacija\WebImplementacija\vakcinacija2\public\index.php(36): CodeIgniter\CodeIgniter->run()
#8 C:\Users\stank\Documents\Git Projects\vakcinacija\WebImplementacija\vakcinacija2\vendor\codeigniter4\framework\system\Commands\Server\rewrite.php(45): require_once('C:\\Users\\stank\\...')
#9 {main}
CRITICAL - 2021-06-04 09:01:35 --> Division by zero
#0 C:\Users\stank\Documents\Git Projects\vakcinacija\WebImplementacija\vakcinacija2\app\Views\Prototip\statistika.php(52): CodeIgniter\Debug\Exceptions->errorHandler(2, 'Division by zer...', 'C:\\Users\\stank\\...', 52, Array)
#1 C:\Users\stank\Documents\Git Projects\vakcinacija\WebImplementacija\vakcinacija2\vendor\codeigniter4\framework\system\View\View.php(230): include('C:\\Users\\stank\\...')
#2 C:\Users\stank\Documents\Git Projects\vakcinacija\WebImplementacija\vakcinacija2\vendor\codeigniter4\framework\system\View\View.php(232): CodeIgniter\View\View->CodeIgniter\View\{closure}()
#3 C:\Users\stank\Documents\Git Projects\vakcinacija\WebImplementacija\vakcinacija2\vendor\codeigniter4\framework\system\Common.php(1250): CodeIgniter\View\View->render('Prototip/statis...', Array, true)
#4 C:\Users\stank\Documents\Git Projects\vakcinacija\WebImplementacija\vakcinacija2\app\Controllers\Admin.php(70): view('Prototip/statis...', Array)
#5 C:\Users\stank\Documents\Git Projects\vakcinacija\WebImplementacija\vakcinacija2\app\Controllers\Admin.php(78): App\Controllers\Admin->prikaz('statistika.php', Array)
#6 C:\Users\stank\Documents\Git Projects\vakcinacija\WebImplementacija\vakcinacija2\vendor\codeigniter4\framework\system\CodeIgniter.php(931): App\Controllers\Admin->Statistika()
#7 C:\Users\stank\Documents\Git Projects\vakcinacija\WebImplementacija\vakcinacija2\vendor\codeigniter4\framework\system\CodeIgniter.php(439): CodeIgniter\CodeIgniter->runController(Object(App\Controllers\Admin))
#8 C:\Users\stank\Documents\Git Projects\vakcinacija\WebImplementacija\vakcinacija2\vendor\codeigniter4\framework\system\CodeIgniter.php(339): CodeIgniter\CodeIgniter->handleRequest(NULL, Object(Config\Cache), false)
#9 C:\Users\stank\Documents\Git Projects\vakcinacija\WebImplementacija\vakcinacija2\public\index.php(36): CodeIgniter\CodeIgniter->run()
#10 C:\Users\stank\Documents\Git Projects\vakcinacija\WebImplementacija\vakcinacija2\vendor\codeigniter4\framework\system\Commands\Server\rewrite.php(45): require_once('C:\\Users\\stank\\...')
#11 {main}
CRITICAL - 2021-06-04 09:02:36 --> Maximum execution time of 60 seconds exceeded
#0 [internal function]: CodeIgniter\Debug\Exceptions->shutdownHandler()
#1 {main}
CRITICAL - 2021-06-04 09:02:48 --> Division by zero
#0 C:\Users\stank\Documents\Git Projects\vakcinacija\WebImplementacija\vakcinacija2\app\Views\Prototip\statistika.php(52): CodeIgniter\Debug\Exceptions->errorHandler(2, 'Division by zer...', 'C:\\Users\\stank\\...', 52, Array)
#1 C:\Users\stank\Documents\Git Projects\vakcinacija\WebImplementacija\vakcinacija2\vendor\codeigniter4\framework\system\View\View.php(230): include('C:\\Users\\stank\\...')
#2 C:\Users\stank\Documents\Git Projects\vakcinacija\WebImplementacija\vakcinacija2\vendor\codeigniter4\framework\system\View\View.php(232): CodeIgniter\View\View->CodeIgniter\View\{closure}()
#3 C:\Users\stank\Documents\Git Projects\vakcinacija\WebImplementacija\vakcinacija2\vendor\codeigniter4\framework\system\Common.php(1250): CodeIgniter\View\View->render('Prototip/statis...', Array, true)
#4 C:\Users\stank\Documents\Git Projects\vakcinacija\WebImplementacija\vakcinacija2\app\Controllers\Admin.php(70): view('Prototip/statis...', Array)
#5 C:\Users\stank\Documents\Git Projects\vakcinacija\WebImplementacija\vakcinacija2\app\Controllers\Admin.php(78): App\Controllers\Admin->prikaz('statistika.php', Array)
#6 C:\Users\stank\Documents\Git Projects\vakcinacija\WebImplementacija\vakcinacija2\vendor\codeigniter4\framework\system\CodeIgniter.php(931): App\Controllers\Admin->Statistika()
#7 C:\Users\stank\Documents\Git Projects\vakcinacija\WebImplementacija\vakcinacija2\vendor\codeigniter4\framework\system\CodeIgniter.php(439): CodeIgniter\CodeIgniter->runController(Object(App\Controllers\Admin))
#8 C:\Users\stank\Documents\Git Projects\vakcinacija\WebImplementacija\vakcinacija2\vendor\codeigniter4\framework\system\CodeIgniter.php(339): CodeIgniter\CodeIgniter->handleRequest(NULL, Object(Config\Cache), false)
#9 C:\Users\stank\Documents\Git Projects\vakcinacija\WebImplementacija\vakcinacija2\public\index.php(36): CodeIgniter\CodeIgniter->run()
#10 C:\Users\stank\Documents\Git Projects\vakcinacija\WebImplementacija\vakcinacija2\vendor\codeigniter4\framework\system\Commands\Server\rewrite.php(45): require_once('C:\\Users\\stank\\...')
#11 {main}
CRITICAL - 2021-06-04 09:03:56 --> Division by zero
#0 C:\Users\stank\Documents\Git Projects\vakcinacija\WebImplementacija\vakcinacija2\app\Views\Prototip\statistika.php(52): CodeIgniter\Debug\Exceptions->errorHandler(2, 'Division by zer...', 'C:\\Users\\stank\\...', 52, Array)
#1 C:\Users\stank\Documents\Git Projects\vakcinacija\WebImplementacija\vakcinacija2\vendor\codeigniter4\framework\system\View\View.php(230): include('C:\\Users\\stank\\...')
#2 C:\Users\stank\Documents\Git Projects\vakcinacija\WebImplementacija\vakcinacija2\vendor\codeigniter4\framework\system\View\View.php(232): CodeIgniter\View\View->CodeIgniter\View\{closure}()
#3 C:\Users\stank\Documents\Git Projects\vakcinacija\WebImplementacija\vakcinacija2\vendor\codeigniter4\framework\system\Common.php(1250): CodeIgniter\View\View->render('Prototip/statis...', Array, true)
#4 C:\Users\stank\Documents\Git Projects\vakcinacija\WebImplementacija\vakcinacija2\app\Controllers\Admin.php(70): view('Prototip/statis...', Array)
#5 C:\Users\stank\Documents\Git Projects\vakcinacija\WebImplementacija\vakcinacija2\app\Controllers\Admin.php(78): App\Controllers\Admin->prikaz('statistika.php', Array)
#6 C:\Users\stank\Documents\Git Projects\vakcinacija\WebImplementacija\vakcinacija2\vendor\codeigniter4\framework\system\CodeIgniter.php(931): App\Controllers\Admin->Statistika()
#7 C:\Users\stank\Documents\Git Projects\vakcinacija\WebImplementacija\vakcinacija2\vendor\codeigniter4\framework\system\CodeIgniter.php(439): CodeIgniter\CodeIgniter->runController(Object(App\Controllers\Admin))
#8 C:\Users\stank\Documents\Git Projects\vakcinacija\WebImplementacija\vakcinacija2\vendor\codeigniter4\framework\system\CodeIgniter.php(339): CodeIgniter\CodeIgniter->handleRequest(NULL, Object(Config\Cache), false)
#9 C:\Users\stank\Documents\Git Projects\vakcinacija\WebImplementacija\vakcinacija2\public\index.php(36): CodeIgniter\CodeIgniter->run()
#10 C:\Users\stank\Documents\Git Projects\vakcinacija\WebImplementacija\vakcinacija2\vendor\codeigniter4\framework\system\Commands\Server\rewrite.php(45): require_once('C:\\Users\\stank\\...')
#11 {main}
CRITICAL - 2021-06-04 09:04:53 --> Allowed memory size of 2097152000 bytes exhausted (tried to allocate 869179392 bytes)
#0 [internal function]: CodeIgniter\Debug\Exceptions->shutdownHandler()
#1 {main}
CRITICAL - 2021-06-04 09:04:54 --> Call to undefined method CodeIgniter\Session\Session::unset_userdata()
#0 C:\Users\stank\Documents\Git Projects\vakcinacija\WebImplementacija\vakcinacija2\vendor\codeigniter4\framework\system\CodeIgniter.php(931): App\Controllers\Admin->odjava()
#1 C:\Users\stank\Documents\Git Projects\vakcinacija\WebImplementacija\vakcinacija2\vendor\codeigniter4\framework\system\CodeIgniter.php(439): CodeIgniter\CodeIgniter->runController(Object(App\Controllers\Admin))
#2 C:\Users\stank\Documents\Git Projects\vakcinacija\WebImplementacija\vakcinacija2\vendor\codeigniter4\framework\system\CodeIgniter.php(339): CodeIgniter\CodeIgniter->handleRequest(NULL, Object(Config\Cache), false)
#3 C:\Users\stank\Documents\Git Projects\vakcinacija\WebImplementacija\vakcinacija2\public\index.php(36): CodeIgniter\CodeIgniter->run()
#4 C:\Users\stank\Documents\Git Projects\vakcinacija\WebImplementacija\vakcinacija2\vendor\codeigniter4\framework\system\Commands\Server\rewrite.php(45): require_once('C:\\Users\\stank\\...')
#5 {main}
CRITICAL - 2021-06-04 09:05:54 --> Division by zero
#0 C:\Users\stank\Documents\Git Projects\vakcinacija\WebImplementacija\vakcinacija2\app\Views\Prototip\statistika.php(52): CodeIgniter\Debug\Exceptions->errorHandler(2, 'Division by zer...', 'C:\\Users\\stank\\...', 52, Array)
#1 C:\Users\stank\Documents\Git Projects\vakcinacija\WebImplementacija\vakcinacija2\vendor\codeigniter4\framework\system\View\View.php(230): include('C:\\Users\\stank\\...')
#2 C:\Users\stank\Documents\Git Projects\vakcinacija\WebImplementacija\vakcinacija2\vendor\codeigniter4\framework\system\View\View.php(232): CodeIgniter\View\View->CodeIgniter\View\{closure}()
#3 C:\Users\stank\Documents\Git Projects\vakcinacija\WebImplementacija\vakcinacija2\vendor\codeigniter4\framework\system\Common.php(1250): CodeIgniter\View\View->render('Prototip/statis...', Array, true)
#4 C:\Users\stank\Documents\Git Projects\vakcinacija\WebImplementacija\vakcinacija2\app\Controllers\Admin.php(69): view('Prototip/statis...', Array)
#5 C:\Users\stank\Documents\Git Projects\vakcinacija\WebImplementacija\vakcinacija2\app\Controllers\Admin.php(77): App\Controllers\Admin->prikaz('statistika.php', Array)
#6 C:\Users\stank\Documents\Git Projects\vakcinacija\WebImplementacija\vakcinacija2\vendor\codeigniter4\framework\system\CodeIgniter.php(931): App\Controllers\Admin->Statistika()
#7 C:\Users\stank\Documents\Git Projects\vakcinacija\WebImplementacija\vakcinacija2\vendor\codeigniter4\framework\system\CodeIgniter.php(439): CodeIgniter\CodeIgniter->runController(Object(App\Controllers\Admin))
#8 C:\Users\stank\Documents\Git Projects\vakcinacija\WebImplementacija\vakcinacija2\vendor\codeigniter4\framework\system\CodeIgniter.php(339): CodeIgniter\CodeIgniter->handleRequest(NULL, Object(Config\Cache), false)
#9 C:\Users\stank\Documents\Git Projects\vakcinacija\WebImplementacija\vakcinacija2\public\index.php(36): CodeIgniter\CodeIgniter->run()
#10 C:\Users\stank\Documents\Git Projects\vakcinacija\WebImplementacija\vakcinacija2\vendor\codeigniter4\framework\system\Commands\Server\rewrite.php(45): require_once('C:\\Users\\stank\\...')
#11 {main}
CRITICAL - 2021-06-04 09:05:55 --> Allowed memory size of 134217728 bytes exhausted (tried to allocate 62918656 bytes)
#0 [internal function]: CodeIgniter\Debug\Exceptions->shutdownHandler()
#1 {main}
CRITICAL - 2021-06-04 09:06:47 --> Division by zero
#0 C:\Users\stank\Documents\Git Projects\vakcinacija\WebImplementacija\vakcinacija2\app\Views\Prototip\statistika.php(52): CodeIgniter\Debug\Exceptions->errorHandler(2, 'Division by zer...', 'C:\\Users\\stank\\...', 52, Array)
#1 C:\Users\stank\Documents\Git Projects\vakcinacija\WebImplementacija\vakcinacija2\vendor\codeigniter4\framework\system\View\View.php(230): include('C:\\Users\\stank\\...')
#2 C:\Users\stank\Documents\Git Projects\vakcinacija\WebImplementacija\vakcinacija2\vendor\codeigniter4\framework\system\View\View.php(232): CodeIgniter\View\View->CodeIgniter\View\{closure}()
#3 C:\Users\stank\Documents\Git Projects\vakcinacija\WebImplementacija\vakcinacija2\vendor\codeigniter4\framework\system\Common.php(1250): CodeIgniter\View\View->render('Prototip/statis...', Array, true)
#4 C:\Users\stank\Documents\Git Projects\vakcinacija\WebImplementacija\vakcinacija2\app\Controllers\Admin.php(70): view('Prototip/statis...', Array)
#5 C:\Users\stank\Documents\Git Projects\vakcinacija\WebImplementacija\vakcinacija2\app\Controllers\Admin.php(78): App\Controllers\Admin->prikaz('statistika.php', Array)
#6 C:\Users\stank\Documents\Git Projects\vakcinacija\WebImplementacija\vakcinacija2\vendor\codeigniter4\framework\system\CodeIgniter.php(931): App\Controllers\Admin->Statistika()
#7 C:\Users\stank\Documents\Git Projects\vakcinacija\WebImplementacija\vakcinacija2\vendor\codeigniter4\framework\system\CodeIgniter.php(439): CodeIgniter\CodeIgniter->runController(Object(App\Controllers\Admin))
#8 C:\Users\stank\Documents\Git Projects\vakcinacija\WebImplementacija\vakcinacija2\vendor\codeigniter4\framework\system\CodeIgniter.php(339): CodeIgniter\CodeIgniter->handleRequest(NULL, Object(Config\Cache), false)
#9 C:\Users\stank\Documents\Git Projects\vakcinacija\WebImplementacija\vakcinacija2\public\index.php(36): CodeIgniter\CodeIgniter->run()
#10 C:\Users\stank\Documents\Git Projects\vakcinacija\WebImplementacija\vakcinacija2\vendor\codeigniter4\framework\system\Commands\Server\rewrite.php(45): require_once('C:\\Users\\stank\\...')
#11 {main}
CRITICAL - 2021-06-04 09:07:43 --> Allowed memory size of 2097152000 bytes exhausted (tried to allocate 869179392 bytes)
#0 [internal function]: CodeIgniter\Debug\Exceptions->shutdownHandler()
#1 {main}
CRITICAL - 2021-06-04 09:10:13 --> Division by zero
#0 C:\Users\stank\Documents\Git Projects\vakcinacija\WebImplementacija\vakcinacija2\app\Views\Prototip\statistika.php(52): CodeIgniter\Debug\Exceptions->errorHandler(2, 'Division by zer...', 'C:\\Users\\stank\\...', 52, Array)
#1 C:\Users\stank\Documents\Git Projects\vakcinacija\WebImplementacija\vakcinacija2\vendor\codeigniter4\framework\system\View\View.php(230): include('C:\\Users\\stank\\...')
#2 C:\Users\stank\Documents\Git Projects\vakcinacija\WebImplementacija\vakcinacija2\vendor\codeigniter4\framework\system\View\View.php(232): CodeIgniter\View\View->CodeIgniter\View\{closure}()
#3 C:\Users\stank\Documents\Git Projects\vakcinacija\WebImplementacija\vakcinacija2\vendor\codeigniter4\framework\system\Common.php(1250): CodeIgniter\View\View->render('Prototip/statis...', Array, true)
#4 C:\Users\stank\Documents\Git Projects\vakcinacija\WebImplementacija\vakcinacija2\app\Controllers\Admin.php(70): view('Prototip/statis...', Array)
#5 C:\Users\stank\Documents\Git Projects\vakcinacija\WebImplementacija\vakcinacija2\app\Controllers\Admin.php(78): App\Controllers\Admin->prikaz('statistika.php', Array)
#6 C:\Users\stank\Documents\Git Projects\vakcinacija\WebImplementacija\vakcinacija2\vendor\codeigniter4\framework\system\CodeIgniter.php(931): App\Controllers\Admin->Statistika()
#7 C:\Users\stank\Documents\Git Projects\vakcinacija\WebImplementacija\vakcinacija2\vendor\codeigniter4\framework\system\CodeIgniter.php(439): CodeIgniter\CodeIgniter->runController(Object(App\Controllers\Admin))
#8 C:\Users\stank\Documents\Git Projects\vakcinacija\WebImplementacija\vakcinacija2\vendor\codeigniter4\framework\system\CodeIgniter.php(339): CodeIgniter\CodeIgniter->handleRequest(NULL, Object(Config\Cache), false)
#9 C:\Users\stank\Documents\Git Projects\vakcinacija\WebImplementacija\vakcinacija2\public\index.php(36): CodeIgniter\CodeIgniter->run()
#10 C:\Users\stank\Documents\Git Projects\vakcinacija\WebImplementacija\vakcinacija2\vendor\codeigniter4\framework\system\Commands\Server\rewrite.php(45): require_once('C:\\Users\\stank\\...')
#11 {main}
CRITICAL - 2021-06-04 09:11:07 --> Allowed memory size of 2097152000 bytes exhausted (tried to allocate 869179392 bytes)
#0 [internal function]: CodeIgniter\Debug\Exceptions->shutdownHandler()
#1 {main}
