CRITICAL - 2021-06-07 00:22:30 --> Call to a member function getIme() on null
#0 C:\wamp64\www\vakcinacijaV3\vakcinacija\WebImplementacija\vakcinacija2\vendor\codeigniter4\framework\system\View\View.php(230): include()
#1 C:\wamp64\www\vakcinacijaV3\vakcinacija\WebImplementacija\vakcinacija2\vendor\codeigniter4\framework\system\View\View.php(232): CodeIgniter\View\View->CodeIgniter\View\{closure}()
#2 C:\wamp64\www\vakcinacijaV3\vakcinacija\WebImplementacija\vakcinacija2\vendor\codeigniter4\framework\system\Common.php(1250): CodeIgniter\View\View->render('Prototip/nova_v...', Array, true)
#3 C:\wamp64\www\vakcinacijaV3\vakcinacija\WebImplementacija\vakcinacija2\app\Controllers\Admin.php(79): view('Prototip/nova_v...', Array)
#4 C:\wamp64\www\vakcinacijaV3\vakcinacija\WebImplementacija\vakcinacija2\app\Controllers\Admin.php(23): App\Controllers\Admin->prikaz('nova_vakcina.ph...', Array)
#5 C:\wamp64\www\vakcinacijaV3\vakcinacija\WebImplementacija\vakcinacija2\vendor\codeigniter4\framework\system\CodeIgniter.php(931): App\Controllers\Admin->NovaVakcina()
#6 C:\wamp64\www\vakcinacijaV3\vakcinacija\WebImplementacija\vakcinacija2\vendor\codeigniter4\framework\system\CodeIgniter.php(439): CodeIgniter\CodeIgniter->runController(Object(App\Controllers\Admin))
#7 C:\wamp64\www\vakcinacijaV3\vakcinacija\WebImplementacija\vakcinacija2\vendor\codeigniter4\framework\system\CodeIgniter.php(339): CodeIgniter\CodeIgniter->handleRequest(NULL, Object(Config\Cache), false)
#8 C:\wamp64\www\vakcinacijaV3\vakcinacija\WebImplementacija\vakcinacija2\public\index.php(36): CodeIgniter\CodeIgniter->run()
#9 C:\wamp64\www\vakcinacijaV3\vakcinacija\WebImplementacija\vakcinacija2\vendor\codeigniter4\framework\system\Commands\Server\rewrite.php(45): require_once('C:\\wamp64\\www\\v...')
#10 {main}
CRITICAL - 2021-06-07 00:23:33 --> Call to a member function getIme() on null
#0 C:\wamp64\www\vakcinacijaV3\vakcinacija\WebImplementacija\vakcinacija2\vendor\codeigniter4\framework\system\View\View.php(230): include()
#1 C:\wamp64\www\vakcinacijaV3\vakcinacija\WebImplementacija\vakcinacija2\vendor\codeigniter4\framework\system\View\View.php(232): CodeIgniter\View\View->CodeIgniter\View\{closure}()
#2 C:\wamp64\www\vakcinacijaV3\vakcinacija\WebImplementacija\vakcinacija2\vendor\codeigniter4\framework\system\Common.php(1250): CodeIgniter\View\View->render('Prototip/nova_v...', Array, true)
#3 C:\wamp64\www\vakcinacijaV3\vakcinacija\WebImplementacija\vakcinacija2\app\Controllers\Admin.php(79): view('Prototip/nova_v...', Array)
#4 C:\wamp64\www\vakcinacijaV3\vakcinacija\WebImplementacija\vakcinacija2\app\Controllers\Admin.php(23): App\Controllers\Admin->prikaz('nova_vakcina.ph...', Array)
#5 C:\wamp64\www\vakcinacijaV3\vakcinacija\WebImplementacija\vakcinacija2\vendor\codeigniter4\framework\system\CodeIgniter.php(931): App\Controllers\Admin->NovaVakcina()
#6 C:\wamp64\www\vakcinacijaV3\vakcinacija\WebImplementacija\vakcinacija2\vendor\codeigniter4\framework\system\CodeIgniter.php(439): CodeIgniter\CodeIgniter->runController(Object(App\Controllers\Admin))
#7 C:\wamp64\www\vakcinacijaV3\vakcinacija\WebImplementacija\vakcinacija2\vendor\codeigniter4\framework\system\CodeIgniter.php(339): CodeIgniter\CodeIgniter->handleRequest(NULL, Object(Config\Cache), false)
#8 C:\wamp64\www\vakcinacijaV3\vakcinacija\WebImplementacija\vakcinacija2\public\index.php(36): CodeIgniter\CodeIgniter->run()
#9 C:\wamp64\www\vakcinacijaV3\vakcinacija\WebImplementacija\vakcinacija2\vendor\codeigniter4\framework\system\Commands\Server\rewrite.php(45): require_once('C:\\wamp64\\www\\v...')
#10 {main}
CRITICAL - 2021-06-07 00:24:14 --> Call to a member function getIme() on null
#0 C:\wamp64\www\vakcinacijaV3\vakcinacija\WebImplementacija\vakcinacija2\vendor\codeigniter4\framework\system\View\View.php(230): include()
#1 C:\wamp64\www\vakcinacijaV3\vakcinacija\WebImplementacija\vakcinacija2\vendor\codeigniter4\framework\system\View\View.php(232): CodeIgniter\View\View->CodeIgniter\View\{closure}()
#2 C:\wamp64\www\vakcinacijaV3\vakcinacija\WebImplementacija\vakcinacija2\vendor\codeigniter4\framework\system\Common.php(1250): CodeIgniter\View\View->render('Prototip/nova_v...', Array, true)
#3 C:\wamp64\www\vakcinacijaV3\vakcinacija\WebImplementacija\vakcinacija2\app\Controllers\Admin.php(79): view('Prototip/nova_v...', Array)
#4 C:\wamp64\www\vakcinacijaV3\vakcinacija\WebImplementacija\vakcinacija2\app\Controllers\Admin.php(23): App\Controllers\Admin->prikaz('nova_vakcina.ph...', Array)
#5 C:\wamp64\www\vakcinacijaV3\vakcinacija\WebImplementacija\vakcinacija2\vendor\codeigniter4\framework\system\CodeIgniter.php(931): App\Controllers\Admin->NovaVakcina()
#6 C:\wamp64\www\vakcinacijaV3\vakcinacija\WebImplementacija\vakcinacija2\vendor\codeigniter4\framework\system\CodeIgniter.php(439): CodeIgniter\CodeIgniter->runController(Object(App\Controllers\Admin))
#7 C:\wamp64\www\vakcinacijaV3\vakcinacija\WebImplementacija\vakcinacija2\vendor\codeigniter4\framework\system\CodeIgniter.php(339): CodeIgniter\CodeIgniter->handleRequest(NULL, Object(Config\Cache), false)
#8 C:\wamp64\www\vakcinacijaV3\vakcinacija\WebImplementacija\vakcinacija2\public\index.php(36): CodeIgniter\CodeIgniter->run()
#9 C:\wamp64\www\vakcinacijaV3\vakcinacija\WebImplementacija\vakcinacija2\vendor\codeigniter4\framework\system\Commands\Server\rewrite.php(45): require_once('C:\\wamp64\\www\\v...')
#10 {main}
CRITICAL - 2021-06-07 00:26:15 --> Undefined variable: tipoviVakcina
#0 C:\wamp64\www\vakcinacijaV3\vakcinacija\WebImplementacija\vakcinacija2\app\Views\Prototip\opisi.php(51): CodeIgniter\Debug\Exceptions->errorHandler(8, 'Undefined varia...', 'C:\\wamp64\\www\\v...', 51, Array)
#1 C:\wamp64\www\vakcinacijaV3\vakcinacija\WebImplementacija\vakcinacija2\vendor\codeigniter4\framework\system\View\View.php(230): include('C:\\wamp64\\www\\v...')
#2 C:\wamp64\www\vakcinacijaV3\vakcinacija\WebImplementacija\vakcinacija2\vendor\codeigniter4\framework\system\View\View.php(232): CodeIgniter\View\View->CodeIgniter\View\{closure}()
#3 C:\wamp64\www\vakcinacijaV3\vakcinacija\WebImplementacija\vakcinacija2\vendor\codeigniter4\framework\system\Common.php(1250): CodeIgniter\View\View->render('Prototip/opisi....', Array, true)
#4 C:\wamp64\www\vakcinacijaV3\vakcinacija\WebImplementacija\vakcinacija2\app\Controllers\Admin.php(79): view('Prototip/opisi....', Array)
#5 C:\wamp64\www\vakcinacijaV3\vakcinacija\WebImplementacija\vakcinacija2\app\Controllers\Admin.php(86): App\Controllers\Admin->prikaz('opisi.php', Array)
#6 C:\wamp64\www\vakcinacijaV3\vakcinacija\WebImplementacija\vakcinacija2\vendor\codeigniter4\framework\system\CodeIgniter.php(931): App\Controllers\Admin->Opisi()
#7 C:\wamp64\www\vakcinacijaV3\vakcinacija\WebImplementacija\vakcinacija2\vendor\codeigniter4\framework\system\CodeIgniter.php(439): CodeIgniter\CodeIgniter->runController(Object(App\Controllers\Admin))
#8 C:\wamp64\www\vakcinacijaV3\vakcinacija\WebImplementacija\vakcinacija2\vendor\codeigniter4\framework\system\CodeIgniter.php(339): CodeIgniter\CodeIgniter->handleRequest(NULL, Object(Config\Cache), false)
#9 C:\wamp64\www\vakcinacijaV3\vakcinacija\WebImplementacija\vakcinacija2\public\index.php(36): CodeIgniter\CodeIgniter->run()
#10 C:\wamp64\www\vakcinacijaV3\vakcinacija\WebImplementacija\vakcinacija2\vendor\codeigniter4\framework\system\Commands\Server\rewrite.php(45): require_once('C:\\wamp64\\www\\v...')
#11 {main}
CRITICAL - 2021-06-07 00:26:54 --> Call to a member function getIme() on null
#0 C:\wamp64\www\vakcinacijaV3\vakcinacija\WebImplementacija\vakcinacija2\vendor\codeigniter4\framework\system\View\View.php(230): include()
#1 C:\wamp64\www\vakcinacijaV3\vakcinacija\WebImplementacija\vakcinacija2\vendor\codeigniter4\framework\system\View\View.php(232): CodeIgniter\View\View->CodeIgniter\View\{closure}()
#2 C:\wamp64\www\vakcinacijaV3\vakcinacija\WebImplementacija\vakcinacija2\vendor\codeigniter4\framework\system\Common.php(1250): CodeIgniter\View\View->render('Prototip/nova_v...', Array, true)
#3 C:\wamp64\www\vakcinacijaV3\vakcinacija\WebImplementacija\vakcinacija2\app\Controllers\Admin.php(79): view('Prototip/nova_v...', Array)
#4 C:\wamp64\www\vakcinacijaV3\vakcinacija\WebImplementacija\vakcinacija2\app\Controllers\Admin.php(23): App\Controllers\Admin->prikaz('nova_vakcina.ph...', Array)
#5 C:\wamp64\www\vakcinacijaV3\vakcinacija\WebImplementacija\vakcinacija2\vendor\codeigniter4\framework\system\CodeIgniter.php(931): App\Controllers\Admin->NovaVakcina()
#6 C:\wamp64\www\vakcinacijaV3\vakcinacija\WebImplementacija\vakcinacija2\vendor\codeigniter4\framework\system\CodeIgniter.php(439): CodeIgniter\CodeIgniter->runController(Object(App\Controllers\Admin))
#7 C:\wamp64\www\vakcinacijaV3\vakcinacija\WebImplementacija\vakcinacija2\vendor\codeigniter4\framework\system\CodeIgniter.php(339): CodeIgniter\CodeIgniter->handleRequest(NULL, Object(Config\Cache), false)
#8 C:\wamp64\www\vakcinacijaV3\vakcinacija\WebImplementacija\vakcinacija2\public\index.php(36): CodeIgniter\CodeIgniter->run()
#9 C:\wamp64\www\vakcinacijaV3\vakcinacija\WebImplementacija\vakcinacija2\vendor\codeigniter4\framework\system\Commands\Server\rewrite.php(45): require_once('C:\\wamp64\\www\\v...')
#10 {main}
CRITICAL - 2021-06-07 00:27:26 --> Call to a member function getIme() on null
#0 C:\wamp64\www\vakcinacijaV3\vakcinacija\WebImplementacija\vakcinacija2\vendor\codeigniter4\framework\system\View\View.php(230): include()
#1 C:\wamp64\www\vakcinacijaV3\vakcinacija\WebImplementacija\vakcinacija2\vendor\codeigniter4\framework\system\View\View.php(232): CodeIgniter\View\View->CodeIgniter\View\{closure}()
#2 C:\wamp64\www\vakcinacijaV3\vakcinacija\WebImplementacija\vakcinacija2\vendor\codeigniter4\framework\system\Common.php(1250): CodeIgniter\View\View->render('Prototip/nova_v...', Array, true)
#3 C:\wamp64\www\vakcinacijaV3\vakcinacija\WebImplementacija\vakcinacija2\app\Controllers\Admin.php(79): view('Prototip/nova_v...', Array)
#4 C:\wamp64\www\vakcinacijaV3\vakcinacija\WebImplementacija\vakcinacija2\app\Controllers\Admin.php(23): App\Controllers\Admin->prikaz('nova_vakcina.ph...', Array)
#5 C:\wamp64\www\vakcinacijaV3\vakcinacija\WebImplementacija\vakcinacija2\vendor\codeigniter4\framework\system\CodeIgniter.php(931): App\Controllers\Admin->NovaVakcina()
#6 C:\wamp64\www\vakcinacijaV3\vakcinacija\WebImplementacija\vakcinacija2\vendor\codeigniter4\framework\system\CodeIgniter.php(439): CodeIgniter\CodeIgniter->runController(Object(App\Controllers\Admin))
#7 C:\wamp64\www\vakcinacijaV3\vakcinacija\WebImplementacija\vakcinacija2\vendor\codeigniter4\framework\system\CodeIgniter.php(339): CodeIgniter\CodeIgniter->handleRequest(NULL, Object(Config\Cache), false)
#8 C:\wamp64\www\vakcinacijaV3\vakcinacija\WebImplementacija\vakcinacija2\public\index.php(36): CodeIgniter\CodeIgniter->run()
#9 C:\wamp64\www\vakcinacijaV3\vakcinacija\WebImplementacija\vakcinacija2\vendor\codeigniter4\framework\system\Commands\Server\rewrite.php(45): require_once('C:\\wamp64\\www\\v...')
#10 {main}
CRITICAL - 2021-06-07 00:31:04 --> Call to a member function getIme() on null
#0 C:\wamp64\www\vakcinacijaV3\vakcinacija\WebImplementacija\vakcinacija2\vendor\codeigniter4\framework\system\View\View.php(230): include()
#1 C:\wamp64\www\vakcinacijaV3\vakcinacija\WebImplementacija\vakcinacija2\vendor\codeigniter4\framework\system\View\View.php(232): CodeIgniter\View\View->CodeIgniter\View\{closure}()
#2 C:\wamp64\www\vakcinacijaV3\vakcinacija\WebImplementacija\vakcinacija2\vendor\codeigniter4\framework\system\Common.php(1250): CodeIgniter\View\View->render('Prototip/nova_v...', Array, true)
#3 C:\wamp64\www\vakcinacijaV3\vakcinacija\WebImplementacija\vakcinacija2\app\Controllers\Admin.php(79): view('Prototip/nova_v...', Array)
#4 C:\wamp64\www\vakcinacijaV3\vakcinacija\WebImplementacija\vakcinacija2\app\Controllers\Admin.php(23): App\Controllers\Admin->prikaz('nova_vakcina.ph...', Array)
#5 C:\wamp64\www\vakcinacijaV3\vakcinacija\WebImplementacija\vakcinacija2\vendor\codeigniter4\framework\system\CodeIgniter.php(931): App\Controllers\Admin->NovaVakcina()
#6 C:\wamp64\www\vakcinacijaV3\vakcinacija\WebImplementacija\vakcinacija2\vendor\codeigniter4\framework\system\CodeIgniter.php(439): CodeIgniter\CodeIgniter->runController(Object(App\Controllers\Admin))
#7 C:\wamp64\www\vakcinacijaV3\vakcinacija\WebImplementacija\vakcinacija2\vendor\codeigniter4\framework\system\CodeIgniter.php(339): CodeIgniter\CodeIgniter->handleRequest(NULL, Object(Config\Cache), false)
#8 C:\wamp64\www\vakcinacijaV3\vakcinacija\WebImplementacija\vakcinacija2\public\index.php(36): CodeIgniter\CodeIgniter->run()
#9 C:\wamp64\www\vakcinacijaV3\vakcinacija\WebImplementacija\vakcinacija2\vendor\codeigniter4\framework\system\Commands\Server\rewrite.php(45): require_once('C:\\wamp64\\www\\v...')
#10 {main}
CRITICAL - 2021-06-07 00:31:10 --> Call to a member function getIme() on null
#0 C:\wamp64\www\vakcinacijaV3\vakcinacija\WebImplementacija\vakcinacija2\vendor\codeigniter4\framework\system\View\View.php(230): include()
#1 C:\wamp64\www\vakcinacijaV3\vakcinacija\WebImplementacija\vakcinacija2\vendor\codeigniter4\framework\system\View\View.php(232): CodeIgniter\View\View->CodeIgniter\View\{closure}()
#2 C:\wamp64\www\vakcinacijaV3\vakcinacija\WebImplementacija\vakcinacija2\vendor\codeigniter4\framework\system\Common.php(1250): CodeIgniter\View\View->render('Prototip/nova_v...', Array, true)
#3 C:\wamp64\www\vakcinacijaV3\vakcinacija\WebImplementacija\vakcinacija2\app\Controllers\Admin.php(79): view('Prototip/nova_v...', Array)
#4 C:\wamp64\www\vakcinacijaV3\vakcinacija\WebImplementacija\vakcinacija2\app\Controllers\Admin.php(23): App\Controllers\Admin->prikaz('nova_vakcina.ph...', Array)
#5 C:\wamp64\www\vakcinacijaV3\vakcinacija\WebImplementacija\vakcinacija2\vendor\codeigniter4\framework\system\CodeIgniter.php(931): App\Controllers\Admin->NovaVakcina()
#6 C:\wamp64\www\vakcinacijaV3\vakcinacija\WebImplementacija\vakcinacija2\vendor\codeigniter4\framework\system\CodeIgniter.php(439): CodeIgniter\CodeIgniter->runController(Object(App\Controllers\Admin))
#7 C:\wamp64\www\vakcinacijaV3\vakcinacija\WebImplementacija\vakcinacija2\vendor\codeigniter4\framework\system\CodeIgniter.php(339): CodeIgniter\CodeIgniter->handleRequest(NULL, Object(Config\Cache), false)
#8 C:\wamp64\www\vakcinacijaV3\vakcinacija\WebImplementacija\vakcinacija2\public\index.php(36): CodeIgniter\CodeIgniter->run()
#9 C:\wamp64\www\vakcinacijaV3\vakcinacija\WebImplementacija\vakcinacija2\vendor\codeigniter4\framework\system\Commands\Server\rewrite.php(45): require_once('C:\\wamp64\\www\\v...')
#10 {main}
CRITICAL - 2021-06-07 00:32:13 --> Call to a member function getIme() on null
#0 C:\wamp64\www\vakcinacijaV3\vakcinacija\WebImplementacija\vakcinacija2\vendor\codeigniter4\framework\system\View\View.php(230): include()
#1 C:\wamp64\www\vakcinacijaV3\vakcinacija\WebImplementacija\vakcinacija2\vendor\codeigniter4\framework\system\View\View.php(232): CodeIgniter\View\View->CodeIgniter\View\{closure}()
#2 C:\wamp64\www\vakcinacijaV3\vakcinacija\WebImplementacija\vakcinacija2\vendor\codeigniter4\framework\system\Common.php(1250): CodeIgniter\View\View->render('Prototip/nova_v...', Array, true)
#3 C:\wamp64\www\vakcinacijaV3\vakcinacija\WebImplementacija\vakcinacija2\app\Controllers\Admin.php(79): view('Prototip/nova_v...', Array)
#4 C:\wamp64\www\vakcinacijaV3\vakcinacija\WebImplementacija\vakcinacija2\app\Controllers\Admin.php(23): App\Controllers\Admin->prikaz('nova_vakcina.ph...', Array)
#5 C:\wamp64\www\vakcinacijaV3\vakcinacija\WebImplementacija\vakcinacija2\vendor\codeigniter4\framework\system\CodeIgniter.php(931): App\Controllers\Admin->NovaVakcina()
#6 C:\wamp64\www\vakcinacijaV3\vakcinacija\WebImplementacija\vakcinacija2\vendor\codeigniter4\framework\system\CodeIgniter.php(439): CodeIgniter\CodeIgniter->runController(Object(App\Controllers\Admin))
#7 C:\wamp64\www\vakcinacijaV3\vakcinacija\WebImplementacija\vakcinacija2\vendor\codeigniter4\framework\system\CodeIgniter.php(339): CodeIgniter\CodeIgniter->handleRequest(NULL, Object(Config\Cache), false)
#8 C:\wamp64\www\vakcinacijaV3\vakcinacija\WebImplementacija\vakcinacija2\public\index.php(36): CodeIgniter\CodeIgniter->run()
#9 C:\wamp64\www\vakcinacijaV3\vakcinacija\WebImplementacija\vakcinacija2\vendor\codeigniter4\framework\system\Commands\Server\rewrite.php(45): require_once('C:\\wamp64\\www\\v...')
#10 {main}
CRITICAL - 2021-06-07 01:07:04 --> Call to a member function getNaziv() on null
#0 C:\wamp64\www\vakcinacijaV3\vakcinacija\WebImplementacija\vakcinacija2\vendor\codeigniter4\framework\system\View\View.php(230): include()
#1 C:\wamp64\www\vakcinacijaV3\vakcinacija\WebImplementacija\vakcinacija2\vendor\codeigniter4\framework\system\View\View.php(232): CodeIgniter\View\View->CodeIgniter\View\{closure}()
#2 C:\wamp64\www\vakcinacijaV3\vakcinacija\WebImplementacija\vakcinacija2\vendor\codeigniter4\framework\system\Common.php(1250): CodeIgniter\View\View->render('Prototip/valida...', Array, true)
#3 C:\wamp64\www\vakcinacijaV3\vakcinacija\WebImplementacija\vakcinacija2\app\Controllers\Sestra.php(23): view('Prototip/valida...', Array)
#4 C:\wamp64\www\vakcinacijaV3\vakcinacija\WebImplementacija\vakcinacija2\app\Controllers\Sestra.php(80): App\Controllers\Sestra->prikaz('validacija.php', Array)
#5 C:\wamp64\www\vakcinacijaV3\vakcinacija\WebImplementacija\vakcinacija2\vendor\codeigniter4\framework\system\CodeIgniter.php(931): App\Controllers\Sestra->validacijaPretraga('4')
#6 C:\wamp64\www\vakcinacijaV3\vakcinacija\WebImplementacija\vakcinacija2\vendor\codeigniter4\framework\system\CodeIgniter.php(439): CodeIgniter\CodeIgniter->runController(Object(App\Controllers\Sestra))
#7 C:\wamp64\www\vakcinacijaV3\vakcinacija\WebImplementacija\vakcinacija2\vendor\codeigniter4\framework\system\CodeIgniter.php(339): CodeIgniter\CodeIgniter->handleRequest(NULL, Object(Config\Cache), false)
#8 C:\wamp64\www\vakcinacijaV3\vakcinacija\WebImplementacija\vakcinacija2\public\index.php(36): CodeIgniter\CodeIgniter->run()
#9 C:\wamp64\www\vakcinacijaV3\vakcinacija\WebImplementacija\vakcinacija2\vendor\codeigniter4\framework\system\Commands\Server\rewrite.php(45): require_once('C:\\wamp64\\www\\v...')
#10 {main}
CRITICAL - 2021-06-07 01:32:06 --> The type hint of parameter "gradjanin" in method "addGradjanini" in class "App\Models\Entities\Tipvakcine" is invalid.
#0 C:\wamp64\www\vakcinacijaV3\vakcinacija\WebImplementacija\vakcinacija2\vendor\doctrine\common\lib\Doctrine\Common\Proxy\ProxyGenerator.php(1168): Doctrine\Common\Proxy\Exception\UnexpectedValueException::invalidParameterTypeHint('App\\Models\\Enti...', 'addGradjanini', 'gradjanin')
#1 C:\wamp64\www\vakcinacijaV3\vakcinacija\WebImplementacija\vakcinacija2\vendor\doctrine\common\lib\Doctrine\Common\Proxy\ProxyGenerator.php(1064): Doctrine\Common\Proxy\ProxyGenerator->formatType(Object(ReflectionNamedType), Object(ReflectionMethod), Object(ReflectionParameter))
#2 C:\wamp64\www\vakcinacijaV3\vakcinacija\WebImplementacija\vakcinacija2\vendor\doctrine\common\lib\Doctrine\Common\Proxy\ProxyGenerator.php(1025): Doctrine\Common\Proxy\ProxyGenerator->getParameterType(Object(ReflectionParameter))
#3 C:\wamp64\www\vakcinacijaV3\vakcinacija\WebImplementacija\vakcinacija2\vendor\doctrine\common\lib\Doctrine\Common\Proxy\ProxyGenerator.php(868): Doctrine\Common\Proxy\ProxyGenerator->buildParametersString(Array)
#4 C:\wamp64\www\vakcinacijaV3\vakcinacija\WebImplementacija\vakcinacija2\vendor\doctrine\common\lib\Doctrine\Common\Proxy\ProxyGenerator.php(311): Doctrine\Common\Proxy\ProxyGenerator->generateMethods(Object(Doctrine\ORM\Mapping\ClassMetadata))
#5 C:\wamp64\www\vakcinacijaV3\vakcinacija\WebImplementacija\vakcinacija2\vendor\doctrine\common\lib\Doctrine\Common\Proxy\AbstractProxyFactory.php(199): Doctrine\Common\Proxy\ProxyGenerator->generateProxyClass(Object(Doctrine\ORM\Mapping\ClassMetadata), 'C:\\wamp64\\www\\v...')
#6 C:\wamp64\www\vakcinacijaV3\vakcinacija\WebImplementacija\vakcinacija2\vendor\doctrine\common\lib\Doctrine\Common\Proxy\AbstractProxyFactory.php(98): Doctrine\Common\Proxy\AbstractProxyFactory->getProxyDefinition('App\\Models\\Enti...')
#7 C:\wamp64\www\vakcinacijaV3\vakcinacija\WebImplementacija\vakcinacija2\vendor\doctrine\orm\lib\Doctrine\ORM\UnitOfWork.php(2836): Doctrine\Common\Proxy\AbstractProxyFactory->getProxy('App\\Models\\Enti...', Array)
#8 C:\wamp64\www\vakcinacijaV3\vakcinacija\WebImplementacija\vakcinacija2\vendor\doctrine\orm\lib\Doctrine\ORM\Internal\Hydration\SimpleObjectHydrator.php(163): Doctrine\ORM\UnitOfWork->createEntity('App\\Models\\Enti...', Array, Array)
#9 C:\wamp64\www\vakcinacijaV3\vakcinacija\WebImplementacija\vakcinacija2\vendor\doctrine\orm\lib\Doctrine\ORM\Internal\Hydration\SimpleObjectHydrator.php(77): Doctrine\ORM\Internal\Hydration\SimpleObjectHydrator->hydrateRowData(Array, Array)
#10 C:\wamp64\www\vakcinacijaV3\vakcinacija\WebImplementacija\vakcinacija2\vendor\doctrine\orm\lib\Doctrine\ORM\Internal\Hydration\AbstractHydrator.php(212): Doctrine\ORM\Internal\Hydration\SimpleObjectHydrator->hydrateAllData()
#11 C:\wamp64\www\vakcinacijaV3\vakcinacija\WebImplementacija\vakcinacija2\vendor\doctrine\orm\lib\Doctrine\ORM\Persisters\Entity\BasicEntityPersister.php(900): Doctrine\ORM\Internal\Hydration\AbstractHydrator->hydrateAll(Object(Doctrine\DBAL\ForwardCompatibility\Result), Object(Doctrine\ORM\Query\ResultSetMapping), Array)
#12 C:\wamp64\www\vakcinacijaV3\vakcinacija\WebImplementacija\vakcinacija2\vendor\doctrine\orm\lib\Doctrine\ORM\EntityRepository.php(217): Doctrine\ORM\Persisters\Entity\BasicEntityPersister->loadAll(Array, NULL, NULL, NULL)
#13 C:\wamp64\www\vakcinacijaV3\vakcinacija\WebImplementacija\vakcinacija2\vendor\doctrine\orm\lib\Doctrine\ORM\EntityRepository.php(200): Doctrine\ORM\EntityRepository->findBy(Array)
#14 C:\wamp64\www\vakcinacijaV3\vakcinacija\WebImplementacija\vakcinacija2\app\Controllers\Lekar.php(22): Doctrine\ORM\EntityRepository->findAll()
#15 C:\wamp64\www\vakcinacijaV3\vakcinacija\WebImplementacija\vakcinacija2\vendor\codeigniter4\framework\system\CodeIgniter.php(931): App\Controllers\Lekar->pocetniPrikaz()
#16 C:\wamp64\www\vakcinacijaV3\vakcinacija\WebImplementacija\vakcinacija2\vendor\codeigniter4\framework\system\CodeIgniter.php(439): CodeIgniter\CodeIgniter->runController(Object(App\Controllers\Lekar))
#17 C:\wamp64\www\vakcinacijaV3\vakcinacija\WebImplementacija\vakcinacija2\vendor\codeigniter4\framework\system\CodeIgniter.php(339): CodeIgniter\CodeIgniter->handleRequest(NULL, Object(Config\Cache), false)
#18 C:\wamp64\www\vakcinacijaV3\vakcinacija\WebImplementacija\vakcinacija2\public\index.php(36): CodeIgniter\CodeIgniter->run()
#19 C:\wamp64\www\vakcinacijaV3\vakcinacija\WebImplementacija\vakcinacija2\vendor\codeigniter4\framework\system\Commands\Server\rewrite.php(45): require_once('C:\\wamp64\\www\\v...')
#20 {main}
CRITICAL - 2021-06-07 01:32:24 --> The type hint of parameter "gradjanin" in method "addGradjanini" in class "App\Models\Entities\Tipvakcine" is invalid.
#0 C:\wamp64\www\vakcinacijaV3\vakcinacija\WebImplementacija\vakcinacija2\vendor\doctrine\common\lib\Doctrine\Common\Proxy\ProxyGenerator.php(1168): Doctrine\Common\Proxy\Exception\UnexpectedValueException::invalidParameterTypeHint('App\\Models\\Enti...', 'addGradjanini', 'gradjanin')
#1 C:\wamp64\www\vakcinacijaV3\vakcinacija\WebImplementacija\vakcinacija2\vendor\doctrine\common\lib\Doctrine\Common\Proxy\ProxyGenerator.php(1064): Doctrine\Common\Proxy\ProxyGenerator->formatType(Object(ReflectionNamedType), Object(ReflectionMethod), Object(ReflectionParameter))
#2 C:\wamp64\www\vakcinacijaV3\vakcinacija\WebImplementacija\vakcinacija2\vendor\doctrine\common\lib\Doctrine\Common\Proxy\ProxyGenerator.php(1025): Doctrine\Common\Proxy\ProxyGenerator->getParameterType(Object(ReflectionParameter))
#3 C:\wamp64\www\vakcinacijaV3\vakcinacija\WebImplementacija\vakcinacija2\vendor\doctrine\common\lib\Doctrine\Common\Proxy\ProxyGenerator.php(868): Doctrine\Common\Proxy\ProxyGenerator->buildParametersString(Array)
#4 C:\wamp64\www\vakcinacijaV3\vakcinacija\WebImplementacija\vakcinacija2\vendor\doctrine\common\lib\Doctrine\Common\Proxy\ProxyGenerator.php(311): Doctrine\Common\Proxy\ProxyGenerator->generateMethods(Object(Doctrine\ORM\Mapping\ClassMetadata))
#5 C:\wamp64\www\vakcinacijaV3\vakcinacija\WebImplementacija\vakcinacija2\vendor\doctrine\common\lib\Doctrine\Common\Proxy\AbstractProxyFactory.php(199): Doctrine\Common\Proxy\ProxyGenerator->generateProxyClass(Object(Doctrine\ORM\Mapping\ClassMetadata), 'C:\\wamp64\\www\\v...')
#6 C:\wamp64\www\vakcinacijaV3\vakcinacija\WebImplementacija\vakcinacija2\vendor\doctrine\common\lib\Doctrine\Common\Proxy\AbstractProxyFactory.php(98): Doctrine\Common\Proxy\AbstractProxyFactory->getProxyDefinition('App\\Models\\Enti...')
#7 C:\wamp64\www\vakcinacijaV3\vakcinacija\WebImplementacija\vakcinacija2\vendor\doctrine\orm\lib\Doctrine\ORM\UnitOfWork.php(2836): Doctrine\Common\Proxy\AbstractProxyFactory->getProxy('App\\Models\\Enti...', Array)
#8 C:\wamp64\www\vakcinacijaV3\vakcinacija\WebImplementacija\vakcinacija2\vendor\doctrine\orm\lib\Doctrine\ORM\Internal\Hydration\SimpleObjectHydrator.php(163): Doctrine\ORM\UnitOfWork->createEntity('App\\Models\\Enti...', Array, Array)
#9 C:\wamp64\www\vakcinacijaV3\vakcinacija\WebImplementacija\vakcinacija2\vendor\doctrine\orm\lib\Doctrine\ORM\Internal\Hydration\SimpleObjectHydrator.php(77): Doctrine\ORM\Internal\Hydration\SimpleObjectHydrator->hydrateRowData(Array, Array)
#10 C:\wamp64\www\vakcinacijaV3\vakcinacija\WebImplementacija\vakcinacija2\vendor\doctrine\orm\lib\Doctrine\ORM\Internal\Hydration\AbstractHydrator.php(212): Doctrine\ORM\Internal\Hydration\SimpleObjectHydrator->hydrateAllData()
#11 C:\wamp64\www\vakcinacijaV3\vakcinacija\WebImplementacija\vakcinacija2\vendor\doctrine\orm\lib\Doctrine\ORM\Persisters\Entity\BasicEntityPersister.php(900): Doctrine\ORM\Internal\Hydration\AbstractHydrator->hydrateAll(Object(Doctrine\DBAL\ForwardCompatibility\Result), Object(Doctrine\ORM\Query\ResultSetMapping), Array)
#12 C:\wamp64\www\vakcinacijaV3\vakcinacija\WebImplementacija\vakcinacija2\vendor\doctrine\orm\lib\Doctrine\ORM\EntityRepository.php(217): Doctrine\ORM\Persisters\Entity\BasicEntityPersister->loadAll(Array, NULL, NULL, NULL)
#13 C:\wamp64\www\vakcinacijaV3\vakcinacija\WebImplementacija\vakcinacija2\vendor\doctrine\orm\lib\Doctrine\ORM\EntityRepository.php(200): Doctrine\ORM\EntityRepository->findBy(Array)
#14 C:\wamp64\www\vakcinacijaV3\vakcinacija\WebImplementacija\vakcinacija2\app\Controllers\Lekar.php(22): Doctrine\ORM\EntityRepository->findAll()
#15 C:\wamp64\www\vakcinacijaV3\vakcinacija\WebImplementacija\vakcinacija2\vendor\codeigniter4\framework\system\CodeIgniter.php(931): App\Controllers\Lekar->pocetniPrikaz()
#16 C:\wamp64\www\vakcinacijaV3\vakcinacija\WebImplementacija\vakcinacija2\vendor\codeigniter4\framework\system\CodeIgniter.php(439): CodeIgniter\CodeIgniter->runController(Object(App\Controllers\Lekar))
#17 C:\wamp64\www\vakcinacijaV3\vakcinacija\WebImplementacija\vakcinacija2\vendor\codeigniter4\framework\system\CodeIgniter.php(339): CodeIgniter\CodeIgniter->handleRequest(NULL, Object(Config\Cache), false)
#18 C:\wamp64\www\vakcinacijaV3\vakcinacija\WebImplementacija\vakcinacija2\public\index.php(36): CodeIgniter\CodeIgniter->run()
#19 C:\wamp64\www\vakcinacijaV3\vakcinacija\WebImplementacija\vakcinacija2\vendor\codeigniter4\framework\system\Commands\Server\rewrite.php(45): require_once('C:\\wamp64\\www\\v...')
#20 {main}
